2021-10-22 15:06:30,705 django.utils.autoreload INFO     Watching for file changes with StatReloader
2021-10-22 15:06:48,337 django.request WARNING  Not Found: /profile/koji/1
2021-10-22 15:09:19,012 django.utils.autoreload INFO     C:\Users\tarlo\Desktop\Code\DJANGO\instamiligram\main\settings.py changed, reloading.
2021-10-22 15:09:32,744 django.request WARNING  Not Found: /explore/1
2021-10-22 15:11:03,048 django.utils.autoreload INFO     Watching for file changes with StatReloader
2021-10-22 15:11:10,928 django.request WARNING  Not Found: /explore/2
2021-10-22 15:14:10,229 django.utils.autoreload INFO     C:\Users\tarlo\Desktop\Code\DJANGO\instamiligram\main\settings.py changed, reloading.
2021-10-22 15:14:10,735 django.utils.autoreload INFO     Watching for file changes with StatReloader
2021-10-22 15:15:40,704 django.utils.autoreload INFO     C:\Users\tarlo\Desktop\Code\DJANGO\instamiligram\main\settings.py changed, reloading.
2021-10-22 15:15:41,222 django.utils.autoreload INFO     Watching for file changes with StatReloader
2021-10-22 15:16:11,281 django.utils.autoreload INFO     C:\Users\tarlo\Desktop\Code\DJANGO\instamiligram\main\settings.py changed, reloading.
2021-10-22 15:16:11,777 django.utils.autoreload INFO     Watching for file changes with StatReloader
2021-10-22 15:54:44,534 django.utils.autoreload INFO     Watching for file changes with StatReloader
2021-10-22 16:20:00,628 django.utils.autoreload INFO     Watching for file changes with StatReloader
2021-10-22 16:20:24,380 django.utils.autoreload INFO     Watching for file changes with StatReloader
2021-10-22 16:21:50,140 django.utils.autoreload INFO     Watching for file changes with StatReloader
2021-10-22 16:22:14,360 django.utils.autoreload INFO     C:\Users\tarlo\Desktop\Code\DJANGO\instamiligram\main\settings.py changed, reloading.
2021-10-22 16:22:14,922 django.utils.autoreload INFO     Watching for file changes with StatReloader
2021-10-22 16:22:18,418 django.utils.autoreload INFO     C:\Users\tarlo\Desktop\Code\DJANGO\instamiligram\main\settings.py changed, reloading.
2021-10-22 16:22:18,983 django.utils.autoreload INFO     Watching for file changes with StatReloader
2021-10-22 16:22:24,651 django.utils.autoreload INFO     C:\Users\tarlo\Desktop\Code\DJANGO\instamiligram\main\settings.py changed, reloading.
2021-10-22 16:22:25,162 django.utils.autoreload INFO     Watching for file changes with StatReloader
2021-10-22 16:22:28,664 django.utils.autoreload INFO     C:\Users\tarlo\Desktop\Code\DJANGO\instamiligram\main\settings.py changed, reloading.
2021-10-22 16:22:29,164 django.utils.autoreload INFO     Watching for file changes with StatReloader
2021-10-22 16:22:57,052 django.utils.autoreload INFO     C:\Users\tarlo\Desktop\Code\DJANGO\instamiligram\main\settings.py changed, reloading.
2021-10-22 16:22:57,579 django.utils.autoreload INFO     Watching for file changes with StatReloader
2021-10-22 16:23:07,535 django.utils.autoreload INFO     C:\Users\tarlo\Desktop\Code\DJANGO\instamiligram\main\settings.py changed, reloading.
2021-10-22 16:23:08,073 django.utils.autoreload INFO     Watching for file changes with StatReloader
2021-10-22 16:23:17,243 django.utils.autoreload INFO     Watching for file changes with StatReloader
2021-10-22 16:27:26,765 django.utils.autoreload INFO     Watching for file changes with StatReloader
2021-10-22 16:32:15,205 django.utils.autoreload INFO     Watching for file changes with StatReloader
2021-11-08 19:20:21,260 django.utils.autoreload INFO     Watching for file changes with StatReloader
2021-11-08 19:20:38,227 django.request ERROR    Internal Server Error: /login/
Traceback (most recent call last):
  File "C:\Users\tarlo\Desktop\Code\DJANGO\instamiligram\venv\lib\site-packages\django\core\handlers\exception.py", line 47, in inner
    response = get_response(request)
  File "C:\Users\tarlo\Desktop\Code\DJANGO\instamiligram\venv\lib\site-packages\django\core\handlers\base.py", line 181, in _get_response
    response = wrapped_callback(request, *callback_args, **callback_kwargs)
  File "C:\Users\tarlo\Desktop\Code\DJANGO\instamiligram\venv\lib\site-packages\django\views\generic\base.py", line 70, in view
    return self.dispatch(request, *args, **kwargs)
  File "C:\Users\tarlo\Desktop\Code\DJANGO\instamiligram\venv\lib\site-packages\django\views\generic\base.py", line 98, in dispatch
    return handler(request, *args, **kwargs)
  File "C:\Users\tarlo\Desktop\Code\DJANGO\instamiligram\users\views.py", line 37, in post
    login(request, user)
  File "C:\Users\tarlo\Desktop\Code\DJANGO\instamiligram\venv\lib\site-packages\django\contrib\auth\__init__.py", line 135, in login
    user_logged_in.send(sender=user.__class__, request=request, user=user)
  File "C:\Users\tarlo\Desktop\Code\DJANGO\instamiligram\venv\lib\site-packages\django\dispatch\dispatcher.py", line 180, in send
    return [
  File "C:\Users\tarlo\Desktop\Code\DJANGO\instamiligram\venv\lib\site-packages\django\dispatch\dispatcher.py", line 181, in <listcomp>
    (receiver, receiver(signal=self, sender=sender, **named))
  File "C:\Users\tarlo\Desktop\Code\DJANGO\instamiligram\venv\lib\site-packages\django\contrib\auth\models.py", line 22, in update_last_login
    user.save(update_fields=['last_login'])
  File "C:\Users\tarlo\Desktop\Code\DJANGO\instamiligram\venv\lib\site-packages\django\contrib\auth\base_user.py", line 67, in save
    super().save(*args, **kwargs)
  File "C:\Users\tarlo\Desktop\Code\DJANGO\instamiligram\venv\lib\site-packages\django\db\models\base.py", line 726, in save
    self.save_base(using=using, force_insert=force_insert,
  File "C:\Users\tarlo\Desktop\Code\DJANGO\instamiligram\venv\lib\site-packages\django\db\models\base.py", line 774, in save_base
    post_save.send(
  File "C:\Users\tarlo\Desktop\Code\DJANGO\instamiligram\venv\lib\site-packages\django\dispatch\dispatcher.py", line 180, in send
    return [
  File "C:\Users\tarlo\Desktop\Code\DJANGO\instamiligram\venv\lib\site-packages\django\dispatch\dispatcher.py", line 181, in <listcomp>
    (receiver, receiver(signal=self, sender=sender, **named))
  File "C:\Users\tarlo\Desktop\Code\DJANGO\instamiligram\users\signals.py", line 15, in save_profile
    instance.profile.save()
  File "C:\Users\tarlo\Desktop\Code\DJANGO\instamiligram\users\models.py", line 26, in save
    img = Image.open(self.image.path)
  File "C:\Users\tarlo\Desktop\Code\DJANGO\instamiligram\venv\lib\site-packages\PIL\Image.py", line 2975, in open
    fp = builtins.open(filename, "rb")
FileNotFoundError: [Errno 2] No such file or directory: 'C:\\Users\\tarlo\\Desktop\\Code\\DJANGO\\instamiligram\\media\\profile_pics\\650812.jpg'
2021-11-08 19:20:38,397 django.request WARNING  Not Found: /favicon.ico
2021-11-08 19:21:03,491 django.request ERROR    Internal Server Error: /login/
Traceback (most recent call last):
  File "C:\Users\tarlo\Desktop\Code\DJANGO\instamiligram\venv\lib\site-packages\django\core\handlers\exception.py", line 47, in inner
    response = get_response(request)
  File "C:\Users\tarlo\Desktop\Code\DJANGO\instamiligram\venv\lib\site-packages\django\core\handlers\base.py", line 181, in _get_response
    response = wrapped_callback(request, *callback_args, **callback_kwargs)
  File "C:\Users\tarlo\Desktop\Code\DJANGO\instamiligram\venv\lib\site-packages\django\views\generic\base.py", line 70, in view
    return self.dispatch(request, *args, **kwargs)
  File "C:\Users\tarlo\Desktop\Code\DJANGO\instamiligram\venv\lib\site-packages\django\views\generic\base.py", line 98, in dispatch
    return handler(request, *args, **kwargs)
  File "C:\Users\tarlo\Desktop\Code\DJANGO\instamiligram\users\views.py", line 37, in post
    login(request, user)
  File "C:\Users\tarlo\Desktop\Code\DJANGO\instamiligram\venv\lib\site-packages\django\contrib\auth\__init__.py", line 135, in login
    user_logged_in.send(sender=user.__class__, request=request, user=user)
  File "C:\Users\tarlo\Desktop\Code\DJANGO\instamiligram\venv\lib\site-packages\django\dispatch\dispatcher.py", line 180, in send
    return [
  File "C:\Users\tarlo\Desktop\Code\DJANGO\instamiligram\venv\lib\site-packages\django\dispatch\dispatcher.py", line 181, in <listcomp>
    (receiver, receiver(signal=self, sender=sender, **named))
  File "C:\Users\tarlo\Desktop\Code\DJANGO\instamiligram\venv\lib\site-packages\django\contrib\auth\models.py", line 22, in update_last_login
    user.save(update_fields=['last_login'])
  File "C:\Users\tarlo\Desktop\Code\DJANGO\instamiligram\venv\lib\site-packages\django\contrib\auth\base_user.py", line 67, in save
    super().save(*args, **kwargs)
  File "C:\Users\tarlo\Desktop\Code\DJANGO\instamiligram\venv\lib\site-packages\django\db\models\base.py", line 726, in save
    self.save_base(using=using, force_insert=force_insert,
  File "C:\Users\tarlo\Desktop\Code\DJANGO\instamiligram\venv\lib\site-packages\django\db\models\base.py", line 774, in save_base
    post_save.send(
  File "C:\Users\tarlo\Desktop\Code\DJANGO\instamiligram\venv\lib\site-packages\django\dispatch\dispatcher.py", line 180, in send
    return [
  File "C:\Users\tarlo\Desktop\Code\DJANGO\instamiligram\venv\lib\site-packages\django\dispatch\dispatcher.py", line 181, in <listcomp>
    (receiver, receiver(signal=self, sender=sender, **named))
  File "C:\Users\tarlo\Desktop\Code\DJANGO\instamiligram\users\signals.py", line 15, in save_profile
    instance.profile.save()
  File "C:\Users\tarlo\Desktop\Code\DJANGO\instamiligram\users\models.py", line 26, in save
    img = Image.open(self.image.path)
  File "C:\Users\tarlo\Desktop\Code\DJANGO\instamiligram\venv\lib\site-packages\PIL\Image.py", line 2975, in open
    fp = builtins.open(filename, "rb")
FileNotFoundError: [Errno 2] No such file or directory: 'C:\\Users\\tarlo\\Desktop\\Code\\DJANGO\\instamiligram\\media\\profile_pics\\650812.jpg'
2021-11-08 19:21:46,347 django.request WARNING  Not Found: /media/post_pics/1016619_ywWHyLs.jpg
2021-11-08 19:21:46,349 django.request WARNING  Not Found: /media/profile_pics/650812.jpg
2021-11-08 19:21:46,353 django.request WARNING  Not Found: /media/post_pics/Без_названия_sIJlGzm.jfif
2021-11-08 19:21:55,918 django.request WARNING  Not Found: /media/profile_pics/650812.jpg
2021-11-08 19:21:55,921 django.request WARNING  Not Found: /media/post_pics/1016619_ywWHyLs.jpg
2021-11-08 19:21:55,926 django.request WARNING  Not Found: /media/post_pics/Без_названия_sIJlGzm.jfif
2021-11-08 19:22:02,870 django.request WARNING  Not Found: /media/profile_pics/650812.jpg
2021-11-08 19:22:02,879 django.request WARNING  Not Found: /media/post_pics/1016619_ywWHyLs.jpg
2021-11-08 19:22:02,883 django.request WARNING  Not Found: /media/post_pics/Без_названия_sIJlGzm.jfif
2021-11-08 19:22:05,252 django.request WARNING  Not Found: /media/profile_pics/650812.jpg
2021-11-08 19:22:05,256 django.request WARNING  Not Found: /media/post_pics/1016619_ywWHyLs.jpg
2021-11-08 19:22:05,260 django.request WARNING  Not Found: /media/post_pics/Без_названия_sIJlGzm.jfif
2021-11-08 19:27:08,121 django.utils.autoreload INFO     Watching for file changes with StatReloader
2021-11-08 19:27:26,940 django.request WARNING  Not Found: /media/profile_pics/650812.jpg
2021-11-08 19:27:26,953 django.request WARNING  Not Found: /media/post_pics/Без_названия_sIJlGzm.jfif
2021-11-08 19:27:26,958 django.request WARNING  Not Found: /media/post_pics/1016619_ywWHyLs.jpg
2021-11-08 19:28:37,600 django.utils.autoreload INFO     Watching for file changes with StatReloader
2021-11-08 19:28:50,484 django.request ERROR    Internal Server Error: /admin/login/
Traceback (most recent call last):
  File "C:\Users\tarlo\Desktop\Code\DJANGO\instamiligram\venv\lib\site-packages\django\core\handlers\exception.py", line 47, in inner
    response = get_response(request)
  File "C:\Users\tarlo\Desktop\Code\DJANGO\instamiligram\venv\lib\site-packages\django\core\handlers\base.py", line 181, in _get_response
    response = wrapped_callback(request, *callback_args, **callback_kwargs)
  File "C:\Users\tarlo\Desktop\Code\DJANGO\instamiligram\venv\lib\site-packages\django\views\decorators\cache.py", line 44, in _wrapped_view_func
    response = view_func(request, *args, **kwargs)
  File "C:\Users\tarlo\Desktop\Code\DJANGO\instamiligram\venv\lib\site-packages\django\contrib\admin\sites.py", line 414, in login
    return LoginView.as_view(**defaults)(request)
  File "C:\Users\tarlo\Desktop\Code\DJANGO\instamiligram\venv\lib\site-packages\django\views\generic\base.py", line 70, in view
    return self.dispatch(request, *args, **kwargs)
  File "C:\Users\tarlo\Desktop\Code\DJANGO\instamiligram\venv\lib\site-packages\django\utils\decorators.py", line 43, in _wrapper
    return bound_method(*args, **kwargs)
  File "C:\Users\tarlo\Desktop\Code\DJANGO\instamiligram\venv\lib\site-packages\django\views\decorators\debug.py", line 89, in sensitive_post_parameters_wrapper
    return view(request, *args, **kwargs)
  File "C:\Users\tarlo\Desktop\Code\DJANGO\instamiligram\venv\lib\site-packages\django\utils\decorators.py", line 43, in _wrapper
    return bound_method(*args, **kwargs)
  File "C:\Users\tarlo\Desktop\Code\DJANGO\instamiligram\venv\lib\site-packages\django\utils\decorators.py", line 130, in _wrapped_view
    response = view_func(request, *args, **kwargs)
  File "C:\Users\tarlo\Desktop\Code\DJANGO\instamiligram\venv\lib\site-packages\django\utils\decorators.py", line 43, in _wrapper
    return bound_method(*args, **kwargs)
  File "C:\Users\tarlo\Desktop\Code\DJANGO\instamiligram\venv\lib\site-packages\django\views\decorators\cache.py", line 44, in _wrapped_view_func
    response = view_func(request, *args, **kwargs)
  File "C:\Users\tarlo\Desktop\Code\DJANGO\instamiligram\venv\lib\site-packages\django\contrib\auth\views.py", line 63, in dispatch
    return super().dispatch(request, *args, **kwargs)
  File "C:\Users\tarlo\Desktop\Code\DJANGO\instamiligram\venv\lib\site-packages\django\views\generic\base.py", line 98, in dispatch
    return handler(request, *args, **kwargs)
  File "C:\Users\tarlo\Desktop\Code\DJANGO\instamiligram\venv\lib\site-packages\django\views\generic\edit.py", line 142, in post
    return self.form_valid(form)
  File "C:\Users\tarlo\Desktop\Code\DJANGO\instamiligram\venv\lib\site-packages\django\contrib\auth\views.py", line 92, in form_valid
    auth_login(self.request, form.get_user())
  File "C:\Users\tarlo\Desktop\Code\DJANGO\instamiligram\venv\lib\site-packages\django\contrib\auth\__init__.py", line 135, in login
    user_logged_in.send(sender=user.__class__, request=request, user=user)
  File "C:\Users\tarlo\Desktop\Code\DJANGO\instamiligram\venv\lib\site-packages\django\dispatch\dispatcher.py", line 180, in send
    return [
  File "C:\Users\tarlo\Desktop\Code\DJANGO\instamiligram\venv\lib\site-packages\django\dispatch\dispatcher.py", line 181, in <listcomp>
    (receiver, receiver(signal=self, sender=sender, **named))
  File "C:\Users\tarlo\Desktop\Code\DJANGO\instamiligram\venv\lib\site-packages\django\contrib\auth\models.py", line 22, in update_last_login
    user.save(update_fields=['last_login'])
  File "C:\Users\tarlo\Desktop\Code\DJANGO\instamiligram\venv\lib\site-packages\django\contrib\auth\base_user.py", line 67, in save
    super().save(*args, **kwargs)
  File "C:\Users\tarlo\Desktop\Code\DJANGO\instamiligram\venv\lib\site-packages\django\db\models\base.py", line 726, in save
    self.save_base(using=using, force_insert=force_insert,
  File "C:\Users\tarlo\Desktop\Code\DJANGO\instamiligram\venv\lib\site-packages\django\db\models\base.py", line 774, in save_base
    post_save.send(
  File "C:\Users\tarlo\Desktop\Code\DJANGO\instamiligram\venv\lib\site-packages\django\dispatch\dispatcher.py", line 180, in send
    return [
  File "C:\Users\tarlo\Desktop\Code\DJANGO\instamiligram\venv\lib\site-packages\django\dispatch\dispatcher.py", line 181, in <listcomp>
    (receiver, receiver(signal=self, sender=sender, **named))
  File "C:\Users\tarlo\Desktop\Code\DJANGO\instamiligram\users\signals.py", line 15, in save_profile
    instance.profile.save()
  File "C:\Users\tarlo\Desktop\Code\DJANGO\instamiligram\users\models.py", line 26, in save
    img = Image.open(self.image.path)
  File "C:\Users\tarlo\Desktop\Code\DJANGO\instamiligram\venv\lib\site-packages\PIL\Image.py", line 2975, in open
    fp = builtins.open(filename, "rb")
FileNotFoundError: [Errno 2] No such file or directory: 'C:\\Users\\tarlo\\Desktop\\Code\\DJANGO\\instamiligram\\media\\profile_pics\\650812.jpg'
2021-11-08 19:29:39,426 django.utils.autoreload INFO     Watching for file changes with StatReloader
2021-11-08 19:29:41,232 django.security.csrf WARNING  Forbidden (CSRF token missing or incorrect.): /admin/login/
2021-11-08 19:29:53,313 django.request ERROR    Internal Server Error: /admin/login/
Traceback (most recent call last):
  File "C:\Users\tarlo\Desktop\Code\DJANGO\instamiligram\venv\lib\site-packages\django\core\handlers\exception.py", line 47, in inner
    response = get_response(request)
  File "C:\Users\tarlo\Desktop\Code\DJANGO\instamiligram\venv\lib\site-packages\django\core\handlers\base.py", line 181, in _get_response
    response = wrapped_callback(request, *callback_args, **callback_kwargs)
  File "C:\Users\tarlo\Desktop\Code\DJANGO\instamiligram\venv\lib\site-packages\django\views\decorators\cache.py", line 44, in _wrapped_view_func
    response = view_func(request, *args, **kwargs)
  File "C:\Users\tarlo\Desktop\Code\DJANGO\instamiligram\venv\lib\site-packages\django\contrib\admin\sites.py", line 414, in login
    return LoginView.as_view(**defaults)(request)
  File "C:\Users\tarlo\Desktop\Code\DJANGO\instamiligram\venv\lib\site-packages\django\views\generic\base.py", line 70, in view
    return self.dispatch(request, *args, **kwargs)
  File "C:\Users\tarlo\Desktop\Code\DJANGO\instamiligram\venv\lib\site-packages\django\utils\decorators.py", line 43, in _wrapper
    return bound_method(*args, **kwargs)
  File "C:\Users\tarlo\Desktop\Code\DJANGO\instamiligram\venv\lib\site-packages\django\views\decorators\debug.py", line 89, in sensitive_post_parameters_wrapper
    return view(request, *args, **kwargs)
  File "C:\Users\tarlo\Desktop\Code\DJANGO\instamiligram\venv\lib\site-packages\django\utils\decorators.py", line 43, in _wrapper
    return bound_method(*args, **kwargs)
  File "C:\Users\tarlo\Desktop\Code\DJANGO\instamiligram\venv\lib\site-packages\django\utils\decorators.py", line 130, in _wrapped_view
    response = view_func(request, *args, **kwargs)
  File "C:\Users\tarlo\Desktop\Code\DJANGO\instamiligram\venv\lib\site-packages\django\utils\decorators.py", line 43, in _wrapper
    return bound_method(*args, **kwargs)
  File "C:\Users\tarlo\Desktop\Code\DJANGO\instamiligram\venv\lib\site-packages\django\views\decorators\cache.py", line 44, in _wrapped_view_func
    response = view_func(request, *args, **kwargs)
  File "C:\Users\tarlo\Desktop\Code\DJANGO\instamiligram\venv\lib\site-packages\django\contrib\auth\views.py", line 63, in dispatch
    return super().dispatch(request, *args, **kwargs)
  File "C:\Users\tarlo\Desktop\Code\DJANGO\instamiligram\venv\lib\site-packages\django\views\generic\base.py", line 98, in dispatch
    return handler(request, *args, **kwargs)
  File "C:\Users\tarlo\Desktop\Code\DJANGO\instamiligram\venv\lib\site-packages\django\views\generic\edit.py", line 142, in post
    return self.form_valid(form)
  File "C:\Users\tarlo\Desktop\Code\DJANGO\instamiligram\venv\lib\site-packages\django\contrib\auth\views.py", line 92, in form_valid
    auth_login(self.request, form.get_user())
  File "C:\Users\tarlo\Desktop\Code\DJANGO\instamiligram\venv\lib\site-packages\django\contrib\auth\__init__.py", line 135, in login
    user_logged_in.send(sender=user.__class__, request=request, user=user)
  File "C:\Users\tarlo\Desktop\Code\DJANGO\instamiligram\venv\lib\site-packages\django\dispatch\dispatcher.py", line 180, in send
    return [
  File "C:\Users\tarlo\Desktop\Code\DJANGO\instamiligram\venv\lib\site-packages\django\dispatch\dispatcher.py", line 181, in <listcomp>
    (receiver, receiver(signal=self, sender=sender, **named))
  File "C:\Users\tarlo\Desktop\Code\DJANGO\instamiligram\venv\lib\site-packages\django\contrib\auth\models.py", line 22, in update_last_login
    user.save(update_fields=['last_login'])
  File "C:\Users\tarlo\Desktop\Code\DJANGO\instamiligram\venv\lib\site-packages\django\contrib\auth\base_user.py", line 67, in save
    super().save(*args, **kwargs)
  File "C:\Users\tarlo\Desktop\Code\DJANGO\instamiligram\venv\lib\site-packages\django\db\models\base.py", line 726, in save
    self.save_base(using=using, force_insert=force_insert,
  File "C:\Users\tarlo\Desktop\Code\DJANGO\instamiligram\venv\lib\site-packages\django\db\models\base.py", line 774, in save_base
    post_save.send(
  File "C:\Users\tarlo\Desktop\Code\DJANGO\instamiligram\venv\lib\site-packages\django\dispatch\dispatcher.py", line 180, in send
    return [
  File "C:\Users\tarlo\Desktop\Code\DJANGO\instamiligram\venv\lib\site-packages\django\dispatch\dispatcher.py", line 181, in <listcomp>
    (receiver, receiver(signal=self, sender=sender, **named))
  File "C:\Users\tarlo\Desktop\Code\DJANGO\instamiligram\users\signals.py", line 15, in save_profile
    instance.profile.save()
  File "C:\Users\tarlo\Desktop\Code\DJANGO\instamiligram\users\models.py", line 26, in save
    img = Image.open(self.image.path)
  File "C:\Users\tarlo\Desktop\Code\DJANGO\instamiligram\venv\lib\site-packages\PIL\Image.py", line 2975, in open
    fp = builtins.open(filename, "rb")
FileNotFoundError: [Errno 2] No such file or directory: 'C:\\Users\\tarlo\\Desktop\\Code\\DJANGO\\instamiligram\\media\\profile_pics\\650812.jpg'
2021-11-08 19:30:01,676 django.security.csrf WARNING  Forbidden (CSRF token missing or incorrect.): /admin/login/
2021-11-08 19:30:06,834 django.utils.autoreload INFO     Watching for file changes with StatReloader
2021-11-08 19:30:10,442 django.request ERROR    Internal Server Error: /admin/login/
Traceback (most recent call last):
  File "C:\Users\tarlo\Desktop\Code\DJANGO\instamiligram\venv\lib\site-packages\PIL\JpegImagePlugin.py", line 629, in _save
    rawmode = RAWMODE[im.mode]
KeyError: 'RGBA'

The above exception was the direct cause of the following exception:

Traceback (most recent call last):
  File "C:\Users\tarlo\Desktop\Code\DJANGO\instamiligram\venv\lib\site-packages\django\core\handlers\exception.py", line 47, in inner
    response = get_response(request)
  File "C:\Users\tarlo\Desktop\Code\DJANGO\instamiligram\venv\lib\site-packages\django\core\handlers\base.py", line 181, in _get_response
    response = wrapped_callback(request, *callback_args, **callback_kwargs)
  File "C:\Users\tarlo\Desktop\Code\DJANGO\instamiligram\venv\lib\site-packages\django\views\decorators\cache.py", line 44, in _wrapped_view_func
    response = view_func(request, *args, **kwargs)
  File "C:\Users\tarlo\Desktop\Code\DJANGO\instamiligram\venv\lib\site-packages\django\contrib\admin\sites.py", line 414, in login
    return LoginView.as_view(**defaults)(request)
  File "C:\Users\tarlo\Desktop\Code\DJANGO\instamiligram\venv\lib\site-packages\django\views\generic\base.py", line 70, in view
    return self.dispatch(request, *args, **kwargs)
  File "C:\Users\tarlo\Desktop\Code\DJANGO\instamiligram\venv\lib\site-packages\django\utils\decorators.py", line 43, in _wrapper
    return bound_method(*args, **kwargs)
  File "C:\Users\tarlo\Desktop\Code\DJANGO\instamiligram\venv\lib\site-packages\django\views\decorators\debug.py", line 89, in sensitive_post_parameters_wrapper
    return view(request, *args, **kwargs)
  File "C:\Users\tarlo\Desktop\Code\DJANGO\instamiligram\venv\lib\site-packages\django\utils\decorators.py", line 43, in _wrapper
    return bound_method(*args, **kwargs)
  File "C:\Users\tarlo\Desktop\Code\DJANGO\instamiligram\venv\lib\site-packages\django\utils\decorators.py", line 130, in _wrapped_view
    response = view_func(request, *args, **kwargs)
  File "C:\Users\tarlo\Desktop\Code\DJANGO\instamiligram\venv\lib\site-packages\django\utils\decorators.py", line 43, in _wrapper
    return bound_method(*args, **kwargs)
  File "C:\Users\tarlo\Desktop\Code\DJANGO\instamiligram\venv\lib\site-packages\django\views\decorators\cache.py", line 44, in _wrapped_view_func
    response = view_func(request, *args, **kwargs)
  File "C:\Users\tarlo\Desktop\Code\DJANGO\instamiligram\venv\lib\site-packages\django\contrib\auth\views.py", line 63, in dispatch
    return super().dispatch(request, *args, **kwargs)
  File "C:\Users\tarlo\Desktop\Code\DJANGO\instamiligram\venv\lib\site-packages\django\views\generic\base.py", line 98, in dispatch
    return handler(request, *args, **kwargs)
  File "C:\Users\tarlo\Desktop\Code\DJANGO\instamiligram\venv\lib\site-packages\django\views\generic\edit.py", line 142, in post
    return self.form_valid(form)
  File "C:\Users\tarlo\Desktop\Code\DJANGO\instamiligram\venv\lib\site-packages\django\contrib\auth\views.py", line 92, in form_valid
    auth_login(self.request, form.get_user())
  File "C:\Users\tarlo\Desktop\Code\DJANGO\instamiligram\venv\lib\site-packages\django\contrib\auth\__init__.py", line 135, in login
    user_logged_in.send(sender=user.__class__, request=request, user=user)
  File "C:\Users\tarlo\Desktop\Code\DJANGO\instamiligram\venv\lib\site-packages\django\dispatch\dispatcher.py", line 180, in send
    return [
  File "C:\Users\tarlo\Desktop\Code\DJANGO\instamiligram\venv\lib\site-packages\django\dispatch\dispatcher.py", line 181, in <listcomp>
    (receiver, receiver(signal=self, sender=sender, **named))
  File "C:\Users\tarlo\Desktop\Code\DJANGO\instamiligram\venv\lib\site-packages\django\contrib\auth\models.py", line 22, in update_last_login
    user.save(update_fields=['last_login'])
  File "C:\Users\tarlo\Desktop\Code\DJANGO\instamiligram\venv\lib\site-packages\django\contrib\auth\base_user.py", line 67, in save
    super().save(*args, **kwargs)
  File "C:\Users\tarlo\Desktop\Code\DJANGO\instamiligram\venv\lib\site-packages\django\db\models\base.py", line 726, in save
    self.save_base(using=using, force_insert=force_insert,
  File "C:\Users\tarlo\Desktop\Code\DJANGO\instamiligram\venv\lib\site-packages\django\db\models\base.py", line 774, in save_base
    post_save.send(
  File "C:\Users\tarlo\Desktop\Code\DJANGO\instamiligram\venv\lib\site-packages\django\dispatch\dispatcher.py", line 180, in send
    return [
  File "C:\Users\tarlo\Desktop\Code\DJANGO\instamiligram\venv\lib\site-packages\django\dispatch\dispatcher.py", line 181, in <listcomp>
    (receiver, receiver(signal=self, sender=sender, **named))
  File "C:\Users\tarlo\Desktop\Code\DJANGO\instamiligram\users\signals.py", line 15, in save_profile
    instance.profile.save()
  File "C:\Users\tarlo\Desktop\Code\DJANGO\instamiligram\users\models.py", line 30, in save
    i.save(self.image.path)
  File "C:\Users\tarlo\Desktop\Code\DJANGO\instamiligram\venv\lib\site-packages\PIL\Image.py", line 2240, in save
    save_handler(self, fp, filename)
  File "C:\Users\tarlo\Desktop\Code\DJANGO\instamiligram\venv\lib\site-packages\PIL\JpegImagePlugin.py", line 631, in _save
    raise OSError(f"cannot write mode {im.mode} as JPEG") from e
OSError: cannot write mode RGBA as JPEG
2021-11-08 19:31:13,739 django.utils.autoreload INFO     Watching for file changes with StatReloader
2021-11-08 19:33:31,120 django.utils.autoreload INFO     Watching for file changes with StatReloader
2021-11-08 19:38:18,412 django.utils.autoreload INFO     Watching for file changes with StatReloader
2021-11-08 19:39:16,646 django.utils.autoreload INFO     Watching for file changes with StatReloader
2021-11-08 19:40:21,604 django.utils.autoreload INFO     Watching for file changes with StatReloader
2021-11-08 19:42:48,876 django.utils.autoreload INFO     Watching for file changes with StatReloader
2021-11-08 19:43:03,887 django.utils.autoreload INFO     C:\Users\tarlo\Desktop\Code\DJANGO\instamiligram\instagram\views.py changed, reloading.
2021-11-08 19:43:04,404 django.utils.autoreload INFO     Watching for file changes with StatReloader
2021-11-08 19:43:07,927 django.utils.autoreload INFO     C:\Users\tarlo\Desktop\Code\DJANGO\instamiligram\instagram\views.py changed, reloading.
2021-11-08 19:43:08,391 django.utils.autoreload INFO     Watching for file changes with StatReloader
2021-11-08 19:44:17,621 django.utils.autoreload INFO     Watching for file changes with StatReloader
2021-11-08 19:44:18,323 django.request ERROR    Internal Server Error: /profile/tarlo
Traceback (most recent call last):
  File "C:\Users\tarlo\Desktop\Code\DJANGO\instamiligram\venv\lib\site-packages\django\template\base.py", line 470, in parse
    compile_func = self.tags[command]
KeyError: 'get_user_posts'

During handling of the above exception, another exception occurred:

Traceback (most recent call last):
  File "C:\Users\tarlo\Desktop\Code\DJANGO\instamiligram\venv\lib\site-packages\django\core\handlers\exception.py", line 47, in inner
    response = get_response(request)
  File "C:\Users\tarlo\Desktop\Code\DJANGO\instamiligram\venv\lib\site-packages\django\core\handlers\base.py", line 181, in _get_response
    response = wrapped_callback(request, *callback_args, **callback_kwargs)
  File "C:\Users\tarlo\Desktop\Code\DJANGO\instamiligram\venv\lib\site-packages\django\views\generic\base.py", line 70, in view
    return self.dispatch(request, *args, **kwargs)
  File "C:\Users\tarlo\Desktop\Code\DJANGO\instamiligram\venv\lib\site-packages\django\views\generic\base.py", line 98, in dispatch
    return handler(request, *args, **kwargs)
  File "C:\Users\tarlo\Desktop\Code\DJANGO\instamiligram\users\views.py", line 108, in get
    return render(request, "users/profile.html", {"user": User.objects.filter(username=username).first()})
  File "C:\Users\tarlo\Desktop\Code\DJANGO\instamiligram\venv\lib\site-packages\django\shortcuts.py", line 19, in render
    content = loader.render_to_string(template_name, context, request, using=using)
  File "C:\Users\tarlo\Desktop\Code\DJANGO\instamiligram\venv\lib\site-packages\django\template\loader.py", line 61, in render_to_string
    template = get_template(template_name, using=using)
  File "C:\Users\tarlo\Desktop\Code\DJANGO\instamiligram\venv\lib\site-packages\django\template\loader.py", line 15, in get_template
    return engine.get_template(template_name)
  File "C:\Users\tarlo\Desktop\Code\DJANGO\instamiligram\venv\lib\site-packages\django\template\backends\django.py", line 34, in get_template
    return Template(self.engine.get_template(template_name), self)
  File "C:\Users\tarlo\Desktop\Code\DJANGO\instamiligram\venv\lib\site-packages\django\template\engine.py", line 143, in get_template
    template, origin = self.find_template(template_name)
  File "C:\Users\tarlo\Desktop\Code\DJANGO\instamiligram\venv\lib\site-packages\django\template\engine.py", line 125, in find_template
    template = loader.get_template(name, skip=skip)
  File "C:\Users\tarlo\Desktop\Code\DJANGO\instamiligram\venv\lib\site-packages\django\template\loaders\base.py", line 29, in get_template
    return Template(
  File "C:\Users\tarlo\Desktop\Code\DJANGO\instamiligram\venv\lib\site-packages\django\template\base.py", line 155, in __init__
    self.nodelist = self.compile_nodelist()
  File "C:\Users\tarlo\Desktop\Code\DJANGO\instamiligram\venv\lib\site-packages\django\template\base.py", line 193, in compile_nodelist
    return parser.parse()
  File "C:\Users\tarlo\Desktop\Code\DJANGO\instamiligram\venv\lib\site-packages\django\template\base.py", line 478, in parse
    raise self.error(token, e)
  File "C:\Users\tarlo\Desktop\Code\DJANGO\instamiligram\venv\lib\site-packages\django\template\base.py", line 476, in parse
    compiled_result = compile_func(self, token)
  File "C:\Users\tarlo\Desktop\Code\DJANGO\instamiligram\venv\lib\site-packages\django\template\loader_tags.py", line 278, in do_extends
    nodelist = parser.parse()
  File "C:\Users\tarlo\Desktop\Code\DJANGO\instamiligram\venv\lib\site-packages\django\template\base.py", line 478, in parse
    raise self.error(token, e)
  File "C:\Users\tarlo\Desktop\Code\DJANGO\instamiligram\venv\lib\site-packages\django\template\base.py", line 476, in parse
    compiled_result = compile_func(self, token)
  File "C:\Users\tarlo\Desktop\Code\DJANGO\instamiligram\venv\lib\site-packages\django\template\loader_tags.py", line 216, in do_block
    nodelist = parser.parse(('endblock',))
  File "C:\Users\tarlo\Desktop\Code\DJANGO\instamiligram\venv\lib\site-packages\django\template\base.py", line 472, in parse
    self.invalid_block_tag(token, command, parse_until)
  File "C:\Users\tarlo\Desktop\Code\DJANGO\instamiligram\venv\lib\site-packages\django\template\base.py", line 522, in invalid_block_tag
    raise self.error(
django.template.exceptions.TemplateSyntaxError: Invalid block tag on line 4: 'get_user_posts', expected 'endblock'. Did you forget to register or load this tag?
2021-11-08 19:45:45,191 django.utils.autoreload INFO     Watching for file changes with StatReloader
2021-11-08 19:45:46,710 django.request ERROR    Internal Server Error: /profile/tarlo
Traceback (most recent call last):
  File "C:\Users\tarlo\Desktop\Code\DJANGO\instamiligram\venv\lib\site-packages\django\template\base.py", line 470, in parse
    compile_func = self.tags[command]
KeyError: 'get_user_posts'

During handling of the above exception, another exception occurred:

Traceback (most recent call last):
  File "C:\Users\tarlo\Desktop\Code\DJANGO\instamiligram\venv\lib\site-packages\django\core\handlers\exception.py", line 47, in inner
    response = get_response(request)
  File "C:\Users\tarlo\Desktop\Code\DJANGO\instamiligram\venv\lib\site-packages\django\core\handlers\base.py", line 181, in _get_response
    response = wrapped_callback(request, *callback_args, **callback_kwargs)
  File "C:\Users\tarlo\Desktop\Code\DJANGO\instamiligram\venv\lib\site-packages\django\views\generic\base.py", line 70, in view
    return self.dispatch(request, *args, **kwargs)
  File "C:\Users\tarlo\Desktop\Code\DJANGO\instamiligram\venv\lib\site-packages\django\views\generic\base.py", line 98, in dispatch
    return handler(request, *args, **kwargs)
  File "C:\Users\tarlo\Desktop\Code\DJANGO\instamiligram\users\views.py", line 108, in get
    return render(request, "users/profile.html", {"user": User.objects.filter(username=username).first()})
  File "C:\Users\tarlo\Desktop\Code\DJANGO\instamiligram\venv\lib\site-packages\django\shortcuts.py", line 19, in render
    content = loader.render_to_string(template_name, context, request, using=using)
  File "C:\Users\tarlo\Desktop\Code\DJANGO\instamiligram\venv\lib\site-packages\django\template\loader.py", line 61, in render_to_string
    template = get_template(template_name, using=using)
  File "C:\Users\tarlo\Desktop\Code\DJANGO\instamiligram\venv\lib\site-packages\django\template\loader.py", line 15, in get_template
    return engine.get_template(template_name)
  File "C:\Users\tarlo\Desktop\Code\DJANGO\instamiligram\venv\lib\site-packages\django\template\backends\django.py", line 34, in get_template
    return Template(self.engine.get_template(template_name), self)
  File "C:\Users\tarlo\Desktop\Code\DJANGO\instamiligram\venv\lib\site-packages\django\template\engine.py", line 143, in get_template
    template, origin = self.find_template(template_name)
  File "C:\Users\tarlo\Desktop\Code\DJANGO\instamiligram\venv\lib\site-packages\django\template\engine.py", line 125, in find_template
    template = loader.get_template(name, skip=skip)
  File "C:\Users\tarlo\Desktop\Code\DJANGO\instamiligram\venv\lib\site-packages\django\template\loaders\base.py", line 29, in get_template
    return Template(
  File "C:\Users\tarlo\Desktop\Code\DJANGO\instamiligram\venv\lib\site-packages\django\template\base.py", line 155, in __init__
    self.nodelist = self.compile_nodelist()
  File "C:\Users\tarlo\Desktop\Code\DJANGO\instamiligram\venv\lib\site-packages\django\template\base.py", line 193, in compile_nodelist
    return parser.parse()
  File "C:\Users\tarlo\Desktop\Code\DJANGO\instamiligram\venv\lib\site-packages\django\template\base.py", line 478, in parse
    raise self.error(token, e)
  File "C:\Users\tarlo\Desktop\Code\DJANGO\instamiligram\venv\lib\site-packages\django\template\base.py", line 476, in parse
    compiled_result = compile_func(self, token)
  File "C:\Users\tarlo\Desktop\Code\DJANGO\instamiligram\venv\lib\site-packages\django\template\loader_tags.py", line 278, in do_extends
    nodelist = parser.parse()
  File "C:\Users\tarlo\Desktop\Code\DJANGO\instamiligram\venv\lib\site-packages\django\template\base.py", line 478, in parse
    raise self.error(token, e)
  File "C:\Users\tarlo\Desktop\Code\DJANGO\instamiligram\venv\lib\site-packages\django\template\base.py", line 476, in parse
    compiled_result = compile_func(self, token)
  File "C:\Users\tarlo\Desktop\Code\DJANGO\instamiligram\venv\lib\site-packages\django\template\loader_tags.py", line 216, in do_block
    nodelist = parser.parse(('endblock',))
  File "C:\Users\tarlo\Desktop\Code\DJANGO\instamiligram\venv\lib\site-packages\django\template\base.py", line 472, in parse
    self.invalid_block_tag(token, command, parse_until)
  File "C:\Users\tarlo\Desktop\Code\DJANGO\instamiligram\venv\lib\site-packages\django\template\base.py", line 522, in invalid_block_tag
    raise self.error(
django.template.exceptions.TemplateSyntaxError: Invalid block tag on line 4: 'get_user_posts', expected 'endblock'. Did you forget to register or load this tag?
2021-11-08 19:45:54,244 django.request ERROR    Internal Server Error: /profile/koji
Traceback (most recent call last):
  File "C:\Users\tarlo\Desktop\Code\DJANGO\instamiligram\venv\lib\site-packages\django\template\base.py", line 470, in parse
    compile_func = self.tags[command]
KeyError: 'get_user_posts'

During handling of the above exception, another exception occurred:

Traceback (most recent call last):
  File "C:\Users\tarlo\Desktop\Code\DJANGO\instamiligram\venv\lib\site-packages\django\core\handlers\exception.py", line 47, in inner
    response = get_response(request)
  File "C:\Users\tarlo\Desktop\Code\DJANGO\instamiligram\venv\lib\site-packages\django\core\handlers\base.py", line 181, in _get_response
    response = wrapped_callback(request, *callback_args, **callback_kwargs)
  File "C:\Users\tarlo\Desktop\Code\DJANGO\instamiligram\venv\lib\site-packages\django\views\generic\base.py", line 70, in view
    return self.dispatch(request, *args, **kwargs)
  File "C:\Users\tarlo\Desktop\Code\DJANGO\instamiligram\venv\lib\site-packages\django\views\generic\base.py", line 98, in dispatch
    return handler(request, *args, **kwargs)
  File "C:\Users\tarlo\Desktop\Code\DJANGO\instamiligram\users\views.py", line 108, in get
    return render(request, "users/profile.html", {"user": User.objects.filter(username=username).first()})
  File "C:\Users\tarlo\Desktop\Code\DJANGO\instamiligram\venv\lib\site-packages\django\shortcuts.py", line 19, in render
    content = loader.render_to_string(template_name, context, request, using=using)
  File "C:\Users\tarlo\Desktop\Code\DJANGO\instamiligram\venv\lib\site-packages\django\template\loader.py", line 61, in render_to_string
    template = get_template(template_name, using=using)
  File "C:\Users\tarlo\Desktop\Code\DJANGO\instamiligram\venv\lib\site-packages\django\template\loader.py", line 15, in get_template
    return engine.get_template(template_name)
  File "C:\Users\tarlo\Desktop\Code\DJANGO\instamiligram\venv\lib\site-packages\django\template\backends\django.py", line 34, in get_template
    return Template(self.engine.get_template(template_name), self)
  File "C:\Users\tarlo\Desktop\Code\DJANGO\instamiligram\venv\lib\site-packages\django\template\engine.py", line 143, in get_template
    template, origin = self.find_template(template_name)
  File "C:\Users\tarlo\Desktop\Code\DJANGO\instamiligram\venv\lib\site-packages\django\template\engine.py", line 125, in find_template
    template = loader.get_template(name, skip=skip)
  File "C:\Users\tarlo\Desktop\Code\DJANGO\instamiligram\venv\lib\site-packages\django\template\loaders\base.py", line 29, in get_template
    return Template(
  File "C:\Users\tarlo\Desktop\Code\DJANGO\instamiligram\venv\lib\site-packages\django\template\base.py", line 155, in __init__
    self.nodelist = self.compile_nodelist()
  File "C:\Users\tarlo\Desktop\Code\DJANGO\instamiligram\venv\lib\site-packages\django\template\base.py", line 193, in compile_nodelist
    return parser.parse()
  File "C:\Users\tarlo\Desktop\Code\DJANGO\instamiligram\venv\lib\site-packages\django\template\base.py", line 478, in parse
    raise self.error(token, e)
  File "C:\Users\tarlo\Desktop\Code\DJANGO\instamiligram\venv\lib\site-packages\django\template\base.py", line 476, in parse
    compiled_result = compile_func(self, token)
  File "C:\Users\tarlo\Desktop\Code\DJANGO\instamiligram\venv\lib\site-packages\django\template\loader_tags.py", line 278, in do_extends
    nodelist = parser.parse()
  File "C:\Users\tarlo\Desktop\Code\DJANGO\instamiligram\venv\lib\site-packages\django\template\base.py", line 478, in parse
    raise self.error(token, e)
  File "C:\Users\tarlo\Desktop\Code\DJANGO\instamiligram\venv\lib\site-packages\django\template\base.py", line 476, in parse
    compiled_result = compile_func(self, token)
  File "C:\Users\tarlo\Desktop\Code\DJANGO\instamiligram\venv\lib\site-packages\django\template\loader_tags.py", line 216, in do_block
    nodelist = parser.parse(('endblock',))
  File "C:\Users\tarlo\Desktop\Code\DJANGO\instamiligram\venv\lib\site-packages\django\template\base.py", line 472, in parse
    self.invalid_block_tag(token, command, parse_until)
  File "C:\Users\tarlo\Desktop\Code\DJANGO\instamiligram\venv\lib\site-packages\django\template\base.py", line 522, in invalid_block_tag
    raise self.error(
django.template.exceptions.TemplateSyntaxError: Invalid block tag on line 4: 'get_user_posts', expected 'endblock'. Did you forget to register or load this tag?
2021-11-08 19:47:14,068 django.utils.autoreload INFO     Watching for file changes with StatReloader
2021-11-08 19:47:14,654 django.request ERROR    Internal Server Error: /profile/koji
Traceback (most recent call last):
  File "C:\Users\tarlo\Desktop\Code\DJANGO\instamiligram\venv\lib\site-packages\django\template\base.py", line 470, in parse
    compile_func = self.tags[command]
KeyError: 'get_user_posts'

During handling of the above exception, another exception occurred:

Traceback (most recent call last):
  File "C:\Users\tarlo\Desktop\Code\DJANGO\instamiligram\venv\lib\site-packages\django\core\handlers\exception.py", line 47, in inner
    response = get_response(request)
  File "C:\Users\tarlo\Desktop\Code\DJANGO\instamiligram\venv\lib\site-packages\django\core\handlers\base.py", line 181, in _get_response
    response = wrapped_callback(request, *callback_args, **callback_kwargs)
  File "C:\Users\tarlo\Desktop\Code\DJANGO\instamiligram\venv\lib\site-packages\django\views\generic\base.py", line 70, in view
    return self.dispatch(request, *args, **kwargs)
  File "C:\Users\tarlo\Desktop\Code\DJANGO\instamiligram\venv\lib\site-packages\django\views\generic\base.py", line 98, in dispatch
    return handler(request, *args, **kwargs)
  File "C:\Users\tarlo\Desktop\Code\DJANGO\instamiligram\users\views.py", line 108, in get
    return render(request, "users/profile.html", {"user": User.objects.filter(username=username).first()})
  File "C:\Users\tarlo\Desktop\Code\DJANGO\instamiligram\venv\lib\site-packages\django\shortcuts.py", line 19, in render
    content = loader.render_to_string(template_name, context, request, using=using)
  File "C:\Users\tarlo\Desktop\Code\DJANGO\instamiligram\venv\lib\site-packages\django\template\loader.py", line 61, in render_to_string
    template = get_template(template_name, using=using)
  File "C:\Users\tarlo\Desktop\Code\DJANGO\instamiligram\venv\lib\site-packages\django\template\loader.py", line 15, in get_template
    return engine.get_template(template_name)
  File "C:\Users\tarlo\Desktop\Code\DJANGO\instamiligram\venv\lib\site-packages\django\template\backends\django.py", line 34, in get_template
    return Template(self.engine.get_template(template_name), self)
  File "C:\Users\tarlo\Desktop\Code\DJANGO\instamiligram\venv\lib\site-packages\django\template\engine.py", line 143, in get_template
    template, origin = self.find_template(template_name)
  File "C:\Users\tarlo\Desktop\Code\DJANGO\instamiligram\venv\lib\site-packages\django\template\engine.py", line 125, in find_template
    template = loader.get_template(name, skip=skip)
  File "C:\Users\tarlo\Desktop\Code\DJANGO\instamiligram\venv\lib\site-packages\django\template\loaders\base.py", line 29, in get_template
    return Template(
  File "C:\Users\tarlo\Desktop\Code\DJANGO\instamiligram\venv\lib\site-packages\django\template\base.py", line 155, in __init__
    self.nodelist = self.compile_nodelist()
  File "C:\Users\tarlo\Desktop\Code\DJANGO\instamiligram\venv\lib\site-packages\django\template\base.py", line 193, in compile_nodelist
    return parser.parse()
  File "C:\Users\tarlo\Desktop\Code\DJANGO\instamiligram\venv\lib\site-packages\django\template\base.py", line 478, in parse
    raise self.error(token, e)
  File "C:\Users\tarlo\Desktop\Code\DJANGO\instamiligram\venv\lib\site-packages\django\template\base.py", line 476, in parse
    compiled_result = compile_func(self, token)
  File "C:\Users\tarlo\Desktop\Code\DJANGO\instamiligram\venv\lib\site-packages\django\template\loader_tags.py", line 278, in do_extends
    nodelist = parser.parse()
  File "C:\Users\tarlo\Desktop\Code\DJANGO\instamiligram\venv\lib\site-packages\django\template\base.py", line 472, in parse
    self.invalid_block_tag(token, command, parse_until)
  File "C:\Users\tarlo\Desktop\Code\DJANGO\instamiligram\venv\lib\site-packages\django\template\base.py", line 531, in invalid_block_tag
    raise self.error(
django.template.exceptions.TemplateSyntaxError: Invalid block tag on line 4: 'get_user_posts'. Did you forget to register or load this tag?
2021-11-08 19:47:52,920 django.utils.autoreload INFO     Watching for file changes with StatReloader
2021-11-08 19:47:53,407 django.request ERROR    Internal Server Error: /profile/koji
Traceback (most recent call last):
  File "C:\Users\tarlo\Desktop\Code\DJANGO\instamiligram\venv\lib\site-packages\django\template\base.py", line 470, in parse
    compile_func = self.tags[command]
KeyError: 'get_user_posts'

During handling of the above exception, another exception occurred:

Traceback (most recent call last):
  File "C:\Users\tarlo\Desktop\Code\DJANGO\instamiligram\venv\lib\site-packages\django\core\handlers\exception.py", line 47, in inner
    response = get_response(request)
  File "C:\Users\tarlo\Desktop\Code\DJANGO\instamiligram\venv\lib\site-packages\django\core\handlers\base.py", line 181, in _get_response
    response = wrapped_callback(request, *callback_args, **callback_kwargs)
  File "C:\Users\tarlo\Desktop\Code\DJANGO\instamiligram\venv\lib\site-packages\django\views\generic\base.py", line 70, in view
    return self.dispatch(request, *args, **kwargs)
  File "C:\Users\tarlo\Desktop\Code\DJANGO\instamiligram\venv\lib\site-packages\django\views\generic\base.py", line 98, in dispatch
    return handler(request, *args, **kwargs)
  File "C:\Users\tarlo\Desktop\Code\DJANGO\instamiligram\users\views.py", line 108, in get
    return render(request, "users/profile.html", {"user": User.objects.filter(username=username).first()})
  File "C:\Users\tarlo\Desktop\Code\DJANGO\instamiligram\venv\lib\site-packages\django\shortcuts.py", line 19, in render
    content = loader.render_to_string(template_name, context, request, using=using)
  File "C:\Users\tarlo\Desktop\Code\DJANGO\instamiligram\venv\lib\site-packages\django\template\loader.py", line 61, in render_to_string
    template = get_template(template_name, using=using)
  File "C:\Users\tarlo\Desktop\Code\DJANGO\instamiligram\venv\lib\site-packages\django\template\loader.py", line 15, in get_template
    return engine.get_template(template_name)
  File "C:\Users\tarlo\Desktop\Code\DJANGO\instamiligram\venv\lib\site-packages\django\template\backends\django.py", line 34, in get_template
    return Template(self.engine.get_template(template_name), self)
  File "C:\Users\tarlo\Desktop\Code\DJANGO\instamiligram\venv\lib\site-packages\django\template\engine.py", line 143, in get_template
    template, origin = self.find_template(template_name)
  File "C:\Users\tarlo\Desktop\Code\DJANGO\instamiligram\venv\lib\site-packages\django\template\engine.py", line 125, in find_template
    template = loader.get_template(name, skip=skip)
  File "C:\Users\tarlo\Desktop\Code\DJANGO\instamiligram\venv\lib\site-packages\django\template\loaders\base.py", line 29, in get_template
    return Template(
  File "C:\Users\tarlo\Desktop\Code\DJANGO\instamiligram\venv\lib\site-packages\django\template\base.py", line 155, in __init__
    self.nodelist = self.compile_nodelist()
  File "C:\Users\tarlo\Desktop\Code\DJANGO\instamiligram\venv\lib\site-packages\django\template\base.py", line 193, in compile_nodelist
    return parser.parse()
  File "C:\Users\tarlo\Desktop\Code\DJANGO\instamiligram\venv\lib\site-packages\django\template\base.py", line 478, in parse
    raise self.error(token, e)
  File "C:\Users\tarlo\Desktop\Code\DJANGO\instamiligram\venv\lib\site-packages\django\template\base.py", line 476, in parse
    compiled_result = compile_func(self, token)
  File "C:\Users\tarlo\Desktop\Code\DJANGO\instamiligram\venv\lib\site-packages\django\template\loader_tags.py", line 278, in do_extends
    nodelist = parser.parse()
  File "C:\Users\tarlo\Desktop\Code\DJANGO\instamiligram\venv\lib\site-packages\django\template\base.py", line 472, in parse
    self.invalid_block_tag(token, command, parse_until)
  File "C:\Users\tarlo\Desktop\Code\DJANGO\instamiligram\venv\lib\site-packages\django\template\base.py", line 531, in invalid_block_tag
    raise self.error(
django.template.exceptions.TemplateSyntaxError: Invalid block tag on line 3: 'get_user_posts'. Did you forget to register or load this tag?
2021-11-08 19:47:54,383 django.request ERROR    Internal Server Error: /profile/koji
Traceback (most recent call last):
  File "C:\Users\tarlo\Desktop\Code\DJANGO\instamiligram\venv\lib\site-packages\django\template\base.py", line 470, in parse
    compile_func = self.tags[command]
KeyError: 'get_user_posts'

During handling of the above exception, another exception occurred:

Traceback (most recent call last):
  File "C:\Users\tarlo\Desktop\Code\DJANGO\instamiligram\venv\lib\site-packages\django\core\handlers\exception.py", line 47, in inner
    response = get_response(request)
  File "C:\Users\tarlo\Desktop\Code\DJANGO\instamiligram\venv\lib\site-packages\django\core\handlers\base.py", line 181, in _get_response
    response = wrapped_callback(request, *callback_args, **callback_kwargs)
  File "C:\Users\tarlo\Desktop\Code\DJANGO\instamiligram\venv\lib\site-packages\django\views\generic\base.py", line 70, in view
    return self.dispatch(request, *args, **kwargs)
  File "C:\Users\tarlo\Desktop\Code\DJANGO\instamiligram\venv\lib\site-packages\django\views\generic\base.py", line 98, in dispatch
    return handler(request, *args, **kwargs)
  File "C:\Users\tarlo\Desktop\Code\DJANGO\instamiligram\users\views.py", line 108, in get
    return render(request, "users/profile.html", {"user": User.objects.filter(username=username).first()})
  File "C:\Users\tarlo\Desktop\Code\DJANGO\instamiligram\venv\lib\site-packages\django\shortcuts.py", line 19, in render
    content = loader.render_to_string(template_name, context, request, using=using)
  File "C:\Users\tarlo\Desktop\Code\DJANGO\instamiligram\venv\lib\site-packages\django\template\loader.py", line 61, in render_to_string
    template = get_template(template_name, using=using)
  File "C:\Users\tarlo\Desktop\Code\DJANGO\instamiligram\venv\lib\site-packages\django\template\loader.py", line 15, in get_template
    return engine.get_template(template_name)
  File "C:\Users\tarlo\Desktop\Code\DJANGO\instamiligram\venv\lib\site-packages\django\template\backends\django.py", line 34, in get_template
    return Template(self.engine.get_template(template_name), self)
  File "C:\Users\tarlo\Desktop\Code\DJANGO\instamiligram\venv\lib\site-packages\django\template\engine.py", line 143, in get_template
    template, origin = self.find_template(template_name)
  File "C:\Users\tarlo\Desktop\Code\DJANGO\instamiligram\venv\lib\site-packages\django\template\engine.py", line 125, in find_template
    template = loader.get_template(name, skip=skip)
  File "C:\Users\tarlo\Desktop\Code\DJANGO\instamiligram\venv\lib\site-packages\django\template\loaders\base.py", line 29, in get_template
    return Template(
  File "C:\Users\tarlo\Desktop\Code\DJANGO\instamiligram\venv\lib\site-packages\django\template\base.py", line 155, in __init__
    self.nodelist = self.compile_nodelist()
  File "C:\Users\tarlo\Desktop\Code\DJANGO\instamiligram\venv\lib\site-packages\django\template\base.py", line 193, in compile_nodelist
    return parser.parse()
  File "C:\Users\tarlo\Desktop\Code\DJANGO\instamiligram\venv\lib\site-packages\django\template\base.py", line 478, in parse
    raise self.error(token, e)
  File "C:\Users\tarlo\Desktop\Code\DJANGO\instamiligram\venv\lib\site-packages\django\template\base.py", line 476, in parse
    compiled_result = compile_func(self, token)
  File "C:\Users\tarlo\Desktop\Code\DJANGO\instamiligram\venv\lib\site-packages\django\template\loader_tags.py", line 278, in do_extends
    nodelist = parser.parse()
  File "C:\Users\tarlo\Desktop\Code\DJANGO\instamiligram\venv\lib\site-packages\django\template\base.py", line 472, in parse
    self.invalid_block_tag(token, command, parse_until)
  File "C:\Users\tarlo\Desktop\Code\DJANGO\instamiligram\venv\lib\site-packages\django\template\base.py", line 531, in invalid_block_tag
    raise self.error(
django.template.exceptions.TemplateSyntaxError: Invalid block tag on line 3: 'get_user_posts'. Did you forget to register or load this tag?
2021-11-08 19:47:54,648 django.request ERROR    Internal Server Error: /profile/koji
Traceback (most recent call last):
  File "C:\Users\tarlo\Desktop\Code\DJANGO\instamiligram\venv\lib\site-packages\django\template\base.py", line 470, in parse
    compile_func = self.tags[command]
KeyError: 'get_user_posts'

During handling of the above exception, another exception occurred:

Traceback (most recent call last):
  File "C:\Users\tarlo\Desktop\Code\DJANGO\instamiligram\venv\lib\site-packages\django\core\handlers\exception.py", line 47, in inner
    response = get_response(request)
  File "C:\Users\tarlo\Desktop\Code\DJANGO\instamiligram\venv\lib\site-packages\django\core\handlers\base.py", line 181, in _get_response
    response = wrapped_callback(request, *callback_args, **callback_kwargs)
  File "C:\Users\tarlo\Desktop\Code\DJANGO\instamiligram\venv\lib\site-packages\django\views\generic\base.py", line 70, in view
    return self.dispatch(request, *args, **kwargs)
  File "C:\Users\tarlo\Desktop\Code\DJANGO\instamiligram\venv\lib\site-packages\django\views\generic\base.py", line 98, in dispatch
    return handler(request, *args, **kwargs)
  File "C:\Users\tarlo\Desktop\Code\DJANGO\instamiligram\users\views.py", line 108, in get
    return render(request, "users/profile.html", {"user": User.objects.filter(username=username).first()})
  File "C:\Users\tarlo\Desktop\Code\DJANGO\instamiligram\venv\lib\site-packages\django\shortcuts.py", line 19, in render
    content = loader.render_to_string(template_name, context, request, using=using)
  File "C:\Users\tarlo\Desktop\Code\DJANGO\instamiligram\venv\lib\site-packages\django\template\loader.py", line 61, in render_to_string
    template = get_template(template_name, using=using)
  File "C:\Users\tarlo\Desktop\Code\DJANGO\instamiligram\venv\lib\site-packages\django\template\loader.py", line 15, in get_template
    return engine.get_template(template_name)
  File "C:\Users\tarlo\Desktop\Code\DJANGO\instamiligram\venv\lib\site-packages\django\template\backends\django.py", line 34, in get_template
    return Template(self.engine.get_template(template_name), self)
  File "C:\Users\tarlo\Desktop\Code\DJANGO\instamiligram\venv\lib\site-packages\django\template\engine.py", line 143, in get_template
    template, origin = self.find_template(template_name)
  File "C:\Users\tarlo\Desktop\Code\DJANGO\instamiligram\venv\lib\site-packages\django\template\engine.py", line 125, in find_template
    template = loader.get_template(name, skip=skip)
  File "C:\Users\tarlo\Desktop\Code\DJANGO\instamiligram\venv\lib\site-packages\django\template\loaders\base.py", line 29, in get_template
    return Template(
  File "C:\Users\tarlo\Desktop\Code\DJANGO\instamiligram\venv\lib\site-packages\django\template\base.py", line 155, in __init__
    self.nodelist = self.compile_nodelist()
  File "C:\Users\tarlo\Desktop\Code\DJANGO\instamiligram\venv\lib\site-packages\django\template\base.py", line 193, in compile_nodelist
    return parser.parse()
  File "C:\Users\tarlo\Desktop\Code\DJANGO\instamiligram\venv\lib\site-packages\django\template\base.py", line 478, in parse
    raise self.error(token, e)
  File "C:\Users\tarlo\Desktop\Code\DJANGO\instamiligram\venv\lib\site-packages\django\template\base.py", line 476, in parse
    compiled_result = compile_func(self, token)
  File "C:\Users\tarlo\Desktop\Code\DJANGO\instamiligram\venv\lib\site-packages\django\template\loader_tags.py", line 278, in do_extends
    nodelist = parser.parse()
  File "C:\Users\tarlo\Desktop\Code\DJANGO\instamiligram\venv\lib\site-packages\django\template\base.py", line 472, in parse
    self.invalid_block_tag(token, command, parse_until)
  File "C:\Users\tarlo\Desktop\Code\DJANGO\instamiligram\venv\lib\site-packages\django\template\base.py", line 531, in invalid_block_tag
    raise self.error(
django.template.exceptions.TemplateSyntaxError: Invalid block tag on line 3: 'get_user_posts'. Did you forget to register or load this tag?
2021-11-08 19:47:54,953 django.request ERROR    Internal Server Error: /profile/koji
Traceback (most recent call last):
  File "C:\Users\tarlo\Desktop\Code\DJANGO\instamiligram\venv\lib\site-packages\django\template\base.py", line 470, in parse
    compile_func = self.tags[command]
KeyError: 'get_user_posts'

During handling of the above exception, another exception occurred:

Traceback (most recent call last):
  File "C:\Users\tarlo\Desktop\Code\DJANGO\instamiligram\venv\lib\site-packages\django\core\handlers\exception.py", line 47, in inner
    response = get_response(request)
  File "C:\Users\tarlo\Desktop\Code\DJANGO\instamiligram\venv\lib\site-packages\django\core\handlers\base.py", line 181, in _get_response
    response = wrapped_callback(request, *callback_args, **callback_kwargs)
  File "C:\Users\tarlo\Desktop\Code\DJANGO\instamiligram\venv\lib\site-packages\django\views\generic\base.py", line 70, in view
    return self.dispatch(request, *args, **kwargs)
  File "C:\Users\tarlo\Desktop\Code\DJANGO\instamiligram\venv\lib\site-packages\django\views\generic\base.py", line 98, in dispatch
    return handler(request, *args, **kwargs)
  File "C:\Users\tarlo\Desktop\Code\DJANGO\instamiligram\users\views.py", line 108, in get
    return render(request, "users/profile.html", {"user": User.objects.filter(username=username).first()})
  File "C:\Users\tarlo\Desktop\Code\DJANGO\instamiligram\venv\lib\site-packages\django\shortcuts.py", line 19, in render
    content = loader.render_to_string(template_name, context, request, using=using)
  File "C:\Users\tarlo\Desktop\Code\DJANGO\instamiligram\venv\lib\site-packages\django\template\loader.py", line 61, in render_to_string
    template = get_template(template_name, using=using)
  File "C:\Users\tarlo\Desktop\Code\DJANGO\instamiligram\venv\lib\site-packages\django\template\loader.py", line 15, in get_template
    return engine.get_template(template_name)
  File "C:\Users\tarlo\Desktop\Code\DJANGO\instamiligram\venv\lib\site-packages\django\template\backends\django.py", line 34, in get_template
    return Template(self.engine.get_template(template_name), self)
  File "C:\Users\tarlo\Desktop\Code\DJANGO\instamiligram\venv\lib\site-packages\django\template\engine.py", line 143, in get_template
    template, origin = self.find_template(template_name)
  File "C:\Users\tarlo\Desktop\Code\DJANGO\instamiligram\venv\lib\site-packages\django\template\engine.py", line 125, in find_template
    template = loader.get_template(name, skip=skip)
  File "C:\Users\tarlo\Desktop\Code\DJANGO\instamiligram\venv\lib\site-packages\django\template\loaders\base.py", line 29, in get_template
    return Template(
  File "C:\Users\tarlo\Desktop\Code\DJANGO\instamiligram\venv\lib\site-packages\django\template\base.py", line 155, in __init__
    self.nodelist = self.compile_nodelist()
  File "C:\Users\tarlo\Desktop\Code\DJANGO\instamiligram\venv\lib\site-packages\django\template\base.py", line 193, in compile_nodelist
    return parser.parse()
  File "C:\Users\tarlo\Desktop\Code\DJANGO\instamiligram\venv\lib\site-packages\django\template\base.py", line 478, in parse
    raise self.error(token, e)
  File "C:\Users\tarlo\Desktop\Code\DJANGO\instamiligram\venv\lib\site-packages\django\template\base.py", line 476, in parse
    compiled_result = compile_func(self, token)
  File "C:\Users\tarlo\Desktop\Code\DJANGO\instamiligram\venv\lib\site-packages\django\template\loader_tags.py", line 278, in do_extends
    nodelist = parser.parse()
  File "C:\Users\tarlo\Desktop\Code\DJANGO\instamiligram\venv\lib\site-packages\django\template\base.py", line 472, in parse
    self.invalid_block_tag(token, command, parse_until)
  File "C:\Users\tarlo\Desktop\Code\DJANGO\instamiligram\venv\lib\site-packages\django\template\base.py", line 531, in invalid_block_tag
    raise self.error(
django.template.exceptions.TemplateSyntaxError: Invalid block tag on line 3: 'get_user_posts'. Did you forget to register or load this tag?
2021-11-08 19:47:55,215 django.request ERROR    Internal Server Error: /profile/koji
Traceback (most recent call last):
  File "C:\Users\tarlo\Desktop\Code\DJANGO\instamiligram\venv\lib\site-packages\django\template\base.py", line 470, in parse
    compile_func = self.tags[command]
KeyError: 'get_user_posts'

During handling of the above exception, another exception occurred:

Traceback (most recent call last):
  File "C:\Users\tarlo\Desktop\Code\DJANGO\instamiligram\venv\lib\site-packages\django\core\handlers\exception.py", line 47, in inner
    response = get_response(request)
  File "C:\Users\tarlo\Desktop\Code\DJANGO\instamiligram\venv\lib\site-packages\django\core\handlers\base.py", line 181, in _get_response
    response = wrapped_callback(request, *callback_args, **callback_kwargs)
  File "C:\Users\tarlo\Desktop\Code\DJANGO\instamiligram\venv\lib\site-packages\django\views\generic\base.py", line 70, in view
    return self.dispatch(request, *args, **kwargs)
  File "C:\Users\tarlo\Desktop\Code\DJANGO\instamiligram\venv\lib\site-packages\django\views\generic\base.py", line 98, in dispatch
    return handler(request, *args, **kwargs)
  File "C:\Users\tarlo\Desktop\Code\DJANGO\instamiligram\users\views.py", line 108, in get
    return render(request, "users/profile.html", {"user": User.objects.filter(username=username).first()})
  File "C:\Users\tarlo\Desktop\Code\DJANGO\instamiligram\venv\lib\site-packages\django\shortcuts.py", line 19, in render
    content = loader.render_to_string(template_name, context, request, using=using)
  File "C:\Users\tarlo\Desktop\Code\DJANGO\instamiligram\venv\lib\site-packages\django\template\loader.py", line 61, in render_to_string
    template = get_template(template_name, using=using)
  File "C:\Users\tarlo\Desktop\Code\DJANGO\instamiligram\venv\lib\site-packages\django\template\loader.py", line 15, in get_template
    return engine.get_template(template_name)
  File "C:\Users\tarlo\Desktop\Code\DJANGO\instamiligram\venv\lib\site-packages\django\template\backends\django.py", line 34, in get_template
    return Template(self.engine.get_template(template_name), self)
  File "C:\Users\tarlo\Desktop\Code\DJANGO\instamiligram\venv\lib\site-packages\django\template\engine.py", line 143, in get_template
    template, origin = self.find_template(template_name)
  File "C:\Users\tarlo\Desktop\Code\DJANGO\instamiligram\venv\lib\site-packages\django\template\engine.py", line 125, in find_template
    template = loader.get_template(name, skip=skip)
  File "C:\Users\tarlo\Desktop\Code\DJANGO\instamiligram\venv\lib\site-packages\django\template\loaders\base.py", line 29, in get_template
    return Template(
  File "C:\Users\tarlo\Desktop\Code\DJANGO\instamiligram\venv\lib\site-packages\django\template\base.py", line 155, in __init__
    self.nodelist = self.compile_nodelist()
  File "C:\Users\tarlo\Desktop\Code\DJANGO\instamiligram\venv\lib\site-packages\django\template\base.py", line 193, in compile_nodelist
    return parser.parse()
  File "C:\Users\tarlo\Desktop\Code\DJANGO\instamiligram\venv\lib\site-packages\django\template\base.py", line 478, in parse
    raise self.error(token, e)
  File "C:\Users\tarlo\Desktop\Code\DJANGO\instamiligram\venv\lib\site-packages\django\template\base.py", line 476, in parse
    compiled_result = compile_func(self, token)
  File "C:\Users\tarlo\Desktop\Code\DJANGO\instamiligram\venv\lib\site-packages\django\template\loader_tags.py", line 278, in do_extends
    nodelist = parser.parse()
  File "C:\Users\tarlo\Desktop\Code\DJANGO\instamiligram\venv\lib\site-packages\django\template\base.py", line 472, in parse
    self.invalid_block_tag(token, command, parse_until)
  File "C:\Users\tarlo\Desktop\Code\DJANGO\instamiligram\venv\lib\site-packages\django\template\base.py", line 531, in invalid_block_tag
    raise self.error(
django.template.exceptions.TemplateSyntaxError: Invalid block tag on line 3: 'get_user_posts'. Did you forget to register or load this tag?
2021-11-08 19:48:11,742 django.utils.autoreload INFO     Watching for file changes with StatReloader
2021-11-10 15:16:15,955 django.utils.autoreload INFO     Watching for file changes with StatReloader
2021-11-10 15:16:17,174 django.request WARNING  Not Found: /favicon.ico
2021-11-10 15:17:40,369 django.utils.autoreload INFO     Watching for file changes with StatReloader
2021-11-10 15:25:50,884 django.utils.autoreload INFO     Watching for file changes with StatReloader
2021-11-10 15:26:18,509 django.utils.autoreload INFO     C:\Users\tarlo\Desktop\Code\DJANGO\instamiligram\chat\views.py changed, reloading.
2021-11-10 15:26:19,075 django.utils.autoreload INFO     Watching for file changes with StatReloader
2021-11-10 15:26:24,738 django.request WARNING  Not Found: /chat
2021-11-10 15:26:27,890 django.request ERROR    Internal Server Error: /chats/
Traceback (most recent call last):
  File "C:\Users\tarlo\Desktop\Code\DJANGO\instamiligram\venv\lib\site-packages\django\core\handlers\exception.py", line 47, in inner
    response = get_response(request)
  File "C:\Users\tarlo\Desktop\Code\DJANGO\instamiligram\venv\lib\site-packages\django\core\handlers\base.py", line 181, in _get_response
    response = wrapped_callback(request, *callback_args, **callback_kwargs)
  File "C:\Users\tarlo\Desktop\Code\DJANGO\instamiligram\venv\lib\site-packages\django\views\generic\base.py", line 70, in view
    return self.dispatch(request, *args, **kwargs)
  File "C:\Users\tarlo\Desktop\Code\DJANGO\instamiligram\venv\lib\site-packages\django\views\generic\base.py", line 98, in dispatch
    return handler(request, *args, **kwargs)
  File "C:\Users\tarlo\Desktop\Code\DJANGO\instamiligram\chat\views.py", line 12, in get
    return render(request, "chat/home.html", context={'user': u})
  File "C:\Users\tarlo\Desktop\Code\DJANGO\instamiligram\venv\lib\site-packages\django\shortcuts.py", line 19, in render
    content = loader.render_to_string(template_name, context, request, using=using)
  File "C:\Users\tarlo\Desktop\Code\DJANGO\instamiligram\venv\lib\site-packages\django\template\loader.py", line 61, in render_to_string
    template = get_template(template_name, using=using)
  File "C:\Users\tarlo\Desktop\Code\DJANGO\instamiligram\venv\lib\site-packages\django\template\loader.py", line 19, in get_template
    raise TemplateDoesNotExist(template_name, chain=chain)
django.template.exceptions.TemplateDoesNotExist: chat/home.html
2021-11-10 15:27:27,987 django.utils.autoreload INFO     C:\Users\tarlo\Desktop\Code\DJANGO\instamiligram\chat\views.py changed, reloading.
2021-11-10 15:27:28,499 django.utils.autoreload INFO     Watching for file changes with StatReloader
2021-11-10 15:27:47,870 django.utils.autoreload INFO     C:\Users\tarlo\Desktop\Code\DJANGO\instamiligram\chat\views.py changed, reloading.
2021-11-10 15:27:48,520 django.utils.autoreload INFO     Watching for file changes with StatReloader
2021-11-10 15:28:05,344 django.request ERROR    Internal Server Error: /chats/
Traceback (most recent call last):
  File "C:\Users\tarlo\Desktop\Code\DJANGO\instamiligram\venv\lib\site-packages\django\core\handlers\exception.py", line 47, in inner
    response = get_response(request)
  File "C:\Users\tarlo\Desktop\Code\DJANGO\instamiligram\venv\lib\site-packages\django\core\handlers\base.py", line 181, in _get_response
    response = wrapped_callback(request, *callback_args, **callback_kwargs)
  File "C:\Users\tarlo\Desktop\Code\DJANGO\instamiligram\venv\lib\site-packages\django\views\generic\base.py", line 70, in view
    return self.dispatch(request, *args, **kwargs)
  File "C:\Users\tarlo\Desktop\Code\DJANGO\instamiligram\venv\lib\site-packages\django\views\generic\base.py", line 98, in dispatch
    return handler(request, *args, **kwargs)
  File "C:\Users\tarlo\Desktop\Code\DJANGO\instamiligram\chat\views.py", line 12, in get
    return render(request, "chat/chat-home.html", context={'user': u})
  File "C:\Users\tarlo\Desktop\Code\DJANGO\instamiligram\venv\lib\site-packages\django\shortcuts.py", line 19, in render
    content = loader.render_to_string(template_name, context, request, using=using)
  File "C:\Users\tarlo\Desktop\Code\DJANGO\instamiligram\venv\lib\site-packages\django\template\loader.py", line 61, in render_to_string
    template = get_template(template_name, using=using)
  File "C:\Users\tarlo\Desktop\Code\DJANGO\instamiligram\venv\lib\site-packages\django\template\loader.py", line 19, in get_template
    raise TemplateDoesNotExist(template_name, chain=chain)
django.template.exceptions.TemplateDoesNotExist: chat/chat-home.html
2021-11-10 15:28:18,797 django.utils.autoreload INFO     Watching for file changes with StatReloader
2021-11-10 15:28:19,453 django.request ERROR    Internal Server Error: /chats/
Traceback (most recent call last):
  File "C:\Users\tarlo\Desktop\Code\DJANGO\instamiligram\venv\lib\site-packages\django\core\handlers\exception.py", line 47, in inner
    response = get_response(request)
  File "C:\Users\tarlo\Desktop\Code\DJANGO\instamiligram\venv\lib\site-packages\django\core\handlers\base.py", line 181, in _get_response
    response = wrapped_callback(request, *callback_args, **callback_kwargs)
  File "C:\Users\tarlo\Desktop\Code\DJANGO\instamiligram\venv\lib\site-packages\django\views\generic\base.py", line 70, in view
    return self.dispatch(request, *args, **kwargs)
  File "C:\Users\tarlo\Desktop\Code\DJANGO\instamiligram\venv\lib\site-packages\django\views\generic\base.py", line 98, in dispatch
    return handler(request, *args, **kwargs)
  File "C:\Users\tarlo\Desktop\Code\DJANGO\instamiligram\chat\views.py", line 12, in get
    return render(request, "chats/chat-home.html", context={'user': u})
  File "C:\Users\tarlo\Desktop\Code\DJANGO\instamiligram\venv\lib\site-packages\django\shortcuts.py", line 19, in render
    content = loader.render_to_string(template_name, context, request, using=using)
  File "C:\Users\tarlo\Desktop\Code\DJANGO\instamiligram\venv\lib\site-packages\django\template\loader.py", line 61, in render_to_string
    template = get_template(template_name, using=using)
  File "C:\Users\tarlo\Desktop\Code\DJANGO\instamiligram\venv\lib\site-packages\django\template\loader.py", line 19, in get_template
    raise TemplateDoesNotExist(template_name, chain=chain)
django.template.exceptions.TemplateDoesNotExist: chats/chat-home.html
2021-11-10 15:30:40,648 django.utils.autoreload INFO     C:\Users\tarlo\Desktop\Code\DJANGO\instamiligram\main\settings.py changed, reloading.
2021-11-10 15:30:41,161 django.utils.autoreload INFO     Watching for file changes with StatReloader
2021-11-10 15:33:00,644 django.utils.autoreload INFO     Watching for file changes with StatReloader
2021-11-10 15:33:02,526 django.request ERROR    Internal Server Error: /chats/
Traceback (most recent call last):
  File "C:\Users\tarlo\Desktop\Code\DJANGO\instamiligram\venv\lib\site-packages\django\core\handlers\exception.py", line 47, in inner
    response = get_response(request)
  File "C:\Users\tarlo\Desktop\Code\DJANGO\instamiligram\venv\lib\site-packages\django\core\handlers\base.py", line 181, in _get_response
    response = wrapped_callback(request, *callback_args, **callback_kwargs)
  File "C:\Users\tarlo\Desktop\Code\DJANGO\instamiligram\venv\lib\site-packages\django\views\generic\base.py", line 70, in view
    return self.dispatch(request, *args, **kwargs)
  File "C:\Users\tarlo\Desktop\Code\DJANGO\instamiligram\venv\lib\site-packages\django\views\generic\base.py", line 98, in dispatch
    return handler(request, *args, **kwargs)
  File "C:\Users\tarlo\Desktop\Code\DJANGO\instamiligram\chat\views.py", line 12, in get
    return render(request, "chats/chat-home.html", context={'user': u})
  File "C:\Users\tarlo\Desktop\Code\DJANGO\instamiligram\venv\lib\site-packages\django\shortcuts.py", line 19, in render
    content = loader.render_to_string(template_name, context, request, using=using)
  File "C:\Users\tarlo\Desktop\Code\DJANGO\instamiligram\venv\lib\site-packages\django\template\loader.py", line 61, in render_to_string
    template = get_template(template_name, using=using)
  File "C:\Users\tarlo\Desktop\Code\DJANGO\instamiligram\venv\lib\site-packages\django\template\loader.py", line 15, in get_template
    return engine.get_template(template_name)
  File "C:\Users\tarlo\Desktop\Code\DJANGO\instamiligram\venv\lib\site-packages\django\template\backends\django.py", line 34, in get_template
    return Template(self.engine.get_template(template_name), self)
  File "C:\Users\tarlo\Desktop\Code\DJANGO\instamiligram\venv\lib\site-packages\django\template\engine.py", line 143, in get_template
    template, origin = self.find_template(template_name)
  File "C:\Users\tarlo\Desktop\Code\DJANGO\instamiligram\venv\lib\site-packages\django\template\engine.py", line 125, in find_template
    template = loader.get_template(name, skip=skip)
  File "C:\Users\tarlo\Desktop\Code\DJANGO\instamiligram\venv\lib\site-packages\django\template\loaders\base.py", line 29, in get_template
    return Template(
  File "C:\Users\tarlo\Desktop\Code\DJANGO\instamiligram\venv\lib\site-packages\django\template\base.py", line 155, in __init__
    self.nodelist = self.compile_nodelist()
  File "C:\Users\tarlo\Desktop\Code\DJANGO\instamiligram\venv\lib\site-packages\django\template\base.py", line 193, in compile_nodelist
    return parser.parse()
  File "C:\Users\tarlo\Desktop\Code\DJANGO\instamiligram\venv\lib\site-packages\django\template\base.py", line 478, in parse
    raise self.error(token, e)
  File "C:\Users\tarlo\Desktop\Code\DJANGO\instamiligram\venv\lib\site-packages\django\template\base.py", line 476, in parse
    compiled_result = compile_func(self, token)
  File "C:\Users\tarlo\Desktop\Code\DJANGO\instamiligram\venv\lib\site-packages\django\template\loader_tags.py", line 278, in do_extends
    nodelist = parser.parse()
  File "C:\Users\tarlo\Desktop\Code\DJANGO\instamiligram\venv\lib\site-packages\django\template\base.py", line 478, in parse
    raise self.error(token, e)
  File "C:\Users\tarlo\Desktop\Code\DJANGO\instamiligram\venv\lib\site-packages\django\template\base.py", line 476, in parse
    compiled_result = compile_func(self, token)
  File "C:\Users\tarlo\Desktop\Code\DJANGO\instamiligram\venv\lib\site-packages\django\template\loader_tags.py", line 216, in do_block
    nodelist = parser.parse(('endblock',))
  File "C:\Users\tarlo\Desktop\Code\DJANGO\instamiligram\venv\lib\site-packages\django\template\base.py", line 478, in parse
    raise self.error(token, e)
  File "C:\Users\tarlo\Desktop\Code\DJANGO\instamiligram\venv\lib\site-packages\django\template\base.py", line 476, in parse
    compiled_result = compile_func(self, token)
  File "C:\Users\tarlo\Desktop\Code\DJANGO\instamiligram\venv\lib\site-packages\django\template\defaulttags.py", line 813, in do_for
    sequence = parser.compile_filter(bits[in_index + 1])
  File "C:\Users\tarlo\Desktop\Code\DJANGO\instamiligram\venv\lib\site-packages\django\template\base.py", line 563, in compile_filter
    return FilterExpression(token, self)
  File "C:\Users\tarlo\Desktop\Code\DJANGO\instamiligram\venv\lib\site-packages\django\template\base.py", line 662, in __init__
    raise TemplateSyntaxError("Could not parse the remainder: '%s' "
django.template.exceptions.TemplateSyntaxError: Could not parse the remainder: '(5)' from 'range(5)'
2021-11-10 15:33:19,686 django.utils.autoreload INFO     Watching for file changes with StatReloader
2021-11-10 15:33:20,247 django.request ERROR    Internal Server Error: /chats/
Traceback (most recent call last):
  File "C:\Users\tarlo\Desktop\Code\DJANGO\instamiligram\venv\lib\site-packages\django\core\handlers\exception.py", line 47, in inner
    response = get_response(request)
  File "C:\Users\tarlo\Desktop\Code\DJANGO\instamiligram\venv\lib\site-packages\django\core\handlers\base.py", line 181, in _get_response
    response = wrapped_callback(request, *callback_args, **callback_kwargs)
  File "C:\Users\tarlo\Desktop\Code\DJANGO\instamiligram\venv\lib\site-packages\django\views\generic\base.py", line 70, in view
    return self.dispatch(request, *args, **kwargs)
  File "C:\Users\tarlo\Desktop\Code\DJANGO\instamiligram\venv\lib\site-packages\django\views\generic\base.py", line 98, in dispatch
    return handler(request, *args, **kwargs)
  File "C:\Users\tarlo\Desktop\Code\DJANGO\instamiligram\chat\views.py", line 12, in get
    return render(request, "chats/chat-home.html", context={'user': u})
  File "C:\Users\tarlo\Desktop\Code\DJANGO\instamiligram\venv\lib\site-packages\django\shortcuts.py", line 19, in render
    content = loader.render_to_string(template_name, context, request, using=using)
  File "C:\Users\tarlo\Desktop\Code\DJANGO\instamiligram\venv\lib\site-packages\django\template\loader.py", line 61, in render_to_string
    template = get_template(template_name, using=using)
  File "C:\Users\tarlo\Desktop\Code\DJANGO\instamiligram\venv\lib\site-packages\django\template\loader.py", line 15, in get_template
    return engine.get_template(template_name)
  File "C:\Users\tarlo\Desktop\Code\DJANGO\instamiligram\venv\lib\site-packages\django\template\backends\django.py", line 34, in get_template
    return Template(self.engine.get_template(template_name), self)
  File "C:\Users\tarlo\Desktop\Code\DJANGO\instamiligram\venv\lib\site-packages\django\template\engine.py", line 143, in get_template
    template, origin = self.find_template(template_name)
  File "C:\Users\tarlo\Desktop\Code\DJANGO\instamiligram\venv\lib\site-packages\django\template\engine.py", line 125, in find_template
    template = loader.get_template(name, skip=skip)
  File "C:\Users\tarlo\Desktop\Code\DJANGO\instamiligram\venv\lib\site-packages\django\template\loaders\base.py", line 29, in get_template
    return Template(
  File "C:\Users\tarlo\Desktop\Code\DJANGO\instamiligram\venv\lib\site-packages\django\template\base.py", line 155, in __init__
    self.nodelist = self.compile_nodelist()
  File "C:\Users\tarlo\Desktop\Code\DJANGO\instamiligram\venv\lib\site-packages\django\template\base.py", line 193, in compile_nodelist
    return parser.parse()
  File "C:\Users\tarlo\Desktop\Code\DJANGO\instamiligram\venv\lib\site-packages\django\template\base.py", line 478, in parse
    raise self.error(token, e)
  File "C:\Users\tarlo\Desktop\Code\DJANGO\instamiligram\venv\lib\site-packages\django\template\base.py", line 476, in parse
    compiled_result = compile_func(self, token)
  File "C:\Users\tarlo\Desktop\Code\DJANGO\instamiligram\venv\lib\site-packages\django\template\loader_tags.py", line 278, in do_extends
    nodelist = parser.parse()
  File "C:\Users\tarlo\Desktop\Code\DJANGO\instamiligram\venv\lib\site-packages\django\template\base.py", line 478, in parse
    raise self.error(token, e)
  File "C:\Users\tarlo\Desktop\Code\DJANGO\instamiligram\venv\lib\site-packages\django\template\base.py", line 476, in parse
    compiled_result = compile_func(self, token)
  File "C:\Users\tarlo\Desktop\Code\DJANGO\instamiligram\venv\lib\site-packages\django\template\loader_tags.py", line 216, in do_block
    nodelist = parser.parse(('endblock',))
  File "C:\Users\tarlo\Desktop\Code\DJANGO\instamiligram\venv\lib\site-packages\django\template\base.py", line 478, in parse
    raise self.error(token, e)
  File "C:\Users\tarlo\Desktop\Code\DJANGO\instamiligram\venv\lib\site-packages\django\template\base.py", line 476, in parse
    compiled_result = compile_func(self, token)
  File "C:\Users\tarlo\Desktop\Code\DJANGO\instamiligram\venv\lib\site-packages\django\template\defaulttags.py", line 813, in do_for
    sequence = parser.compile_filter(bits[in_index + 1])
  File "C:\Users\tarlo\Desktop\Code\DJANGO\instamiligram\venv\lib\site-packages\django\template\base.py", line 563, in compile_filter
    return FilterExpression(token, self)
  File "C:\Users\tarlo\Desktop\Code\DJANGO\instamiligram\venv\lib\site-packages\django\template\base.py", line 662, in __init__
    raise TemplateSyntaxError("Could not parse the remainder: '%s' "
django.template.exceptions.TemplateSyntaxError: Could not parse the remainder: '[1,2,3,]' from '[1,2,3,]'
2021-11-10 15:33:38,898 django.utils.autoreload INFO     C:\Users\tarlo\Desktop\Code\DJANGO\instamiligram\chat\views.py changed, reloading.
2021-11-10 15:33:40,754 django.utils.autoreload INFO     Watching for file changes with StatReloader
2021-11-10 15:33:42,148 django.request ERROR    Internal Server Error: /chats/
Traceback (most recent call last):
  File "C:\Users\tarlo\Desktop\Code\DJANGO\instamiligram\venv\lib\site-packages\django\core\handlers\exception.py", line 47, in inner
    response = get_response(request)
  File "C:\Users\tarlo\Desktop\Code\DJANGO\instamiligram\venv\lib\site-packages\django\core\handlers\base.py", line 181, in _get_response
    response = wrapped_callback(request, *callback_args, **callback_kwargs)
  File "C:\Users\tarlo\Desktop\Code\DJANGO\instamiligram\venv\lib\site-packages\django\views\generic\base.py", line 70, in view
    return self.dispatch(request, *args, **kwargs)
  File "C:\Users\tarlo\Desktop\Code\DJANGO\instamiligram\venv\lib\site-packages\django\views\generic\base.py", line 98, in dispatch
    return handler(request, *args, **kwargs)
  File "C:\Users\tarlo\Desktop\Code\DJANGO\instamiligram\chat\views.py", line 12, in get
    return render(request, "chats/chat-home.html", context={'user': u, 'range': range(5)})
  File "C:\Users\tarlo\Desktop\Code\DJANGO\instamiligram\venv\lib\site-packages\django\shortcuts.py", line 19, in render
    content = loader.render_to_string(template_name, context, request, using=using)
  File "C:\Users\tarlo\Desktop\Code\DJANGO\instamiligram\venv\lib\site-packages\django\template\loader.py", line 61, in render_to_string
    template = get_template(template_name, using=using)
  File "C:\Users\tarlo\Desktop\Code\DJANGO\instamiligram\venv\lib\site-packages\django\template\loader.py", line 15, in get_template
    return engine.get_template(template_name)
  File "C:\Users\tarlo\Desktop\Code\DJANGO\instamiligram\venv\lib\site-packages\django\template\backends\django.py", line 34, in get_template
    return Template(self.engine.get_template(template_name), self)
  File "C:\Users\tarlo\Desktop\Code\DJANGO\instamiligram\venv\lib\site-packages\django\template\engine.py", line 143, in get_template
    template, origin = self.find_template(template_name)
  File "C:\Users\tarlo\Desktop\Code\DJANGO\instamiligram\venv\lib\site-packages\django\template\engine.py", line 125, in find_template
    template = loader.get_template(name, skip=skip)
  File "C:\Users\tarlo\Desktop\Code\DJANGO\instamiligram\venv\lib\site-packages\django\template\loaders\base.py", line 29, in get_template
    return Template(
  File "C:\Users\tarlo\Desktop\Code\DJANGO\instamiligram\venv\lib\site-packages\django\template\base.py", line 155, in __init__
    self.nodelist = self.compile_nodelist()
  File "C:\Users\tarlo\Desktop\Code\DJANGO\instamiligram\venv\lib\site-packages\django\template\base.py", line 193, in compile_nodelist
    return parser.parse()
  File "C:\Users\tarlo\Desktop\Code\DJANGO\instamiligram\venv\lib\site-packages\django\template\base.py", line 478, in parse
    raise self.error(token, e)
  File "C:\Users\tarlo\Desktop\Code\DJANGO\instamiligram\venv\lib\site-packages\django\template\base.py", line 476, in parse
    compiled_result = compile_func(self, token)
  File "C:\Users\tarlo\Desktop\Code\DJANGO\instamiligram\venv\lib\site-packages\django\template\loader_tags.py", line 278, in do_extends
    nodelist = parser.parse()
  File "C:\Users\tarlo\Desktop\Code\DJANGO\instamiligram\venv\lib\site-packages\django\template\base.py", line 478, in parse
    raise self.error(token, e)
  File "C:\Users\tarlo\Desktop\Code\DJANGO\instamiligram\venv\lib\site-packages\django\template\base.py", line 476, in parse
    compiled_result = compile_func(self, token)
  File "C:\Users\tarlo\Desktop\Code\DJANGO\instamiligram\venv\lib\site-packages\django\template\loader_tags.py", line 216, in do_block
    nodelist = parser.parse(('endblock',))
  File "C:\Users\tarlo\Desktop\Code\DJANGO\instamiligram\venv\lib\site-packages\django\template\base.py", line 478, in parse
    raise self.error(token, e)
  File "C:\Users\tarlo\Desktop\Code\DJANGO\instamiligram\venv\lib\site-packages\django\template\base.py", line 476, in parse
    compiled_result = compile_func(self, token)
  File "C:\Users\tarlo\Desktop\Code\DJANGO\instamiligram\venv\lib\site-packages\django\template\defaulttags.py", line 813, in do_for
    sequence = parser.compile_filter(bits[in_index + 1])
  File "C:\Users\tarlo\Desktop\Code\DJANGO\instamiligram\venv\lib\site-packages\django\template\base.py", line 563, in compile_filter
    return FilterExpression(token, self)
  File "C:\Users\tarlo\Desktop\Code\DJANGO\instamiligram\venv\lib\site-packages\django\template\base.py", line 662, in __init__
    raise TemplateSyntaxError("Could not parse the remainder: '%s' "
django.template.exceptions.TemplateSyntaxError: Could not parse the remainder: '{{range}}' from '{{range}}'
2021-11-10 15:33:51,857 django.utils.autoreload INFO     Watching for file changes with StatReloader
2021-11-10 15:34:41,545 django.utils.autoreload INFO     Watching for file changes with StatReloader
2021-11-10 22:09:54,476 django.utils.autoreload INFO     Watching for file changes with StatReloader
2021-11-10 22:10:04,955 django.utils.autoreload INFO     Watching for file changes with StatReloader
2021-11-10 22:10:06,782 django.request WARNING  Not Found: /favicon.ico
2021-11-10 22:10:18,920 django.utils.autoreload INFO     Watching for file changes with StatReloader
2021-11-10 22:10:22,293 django.request ERROR    Internal Server Error: /login/
Traceback (most recent call last):
  File "C:\Users\tarlo\AppData\Local\Programs\Python\Python39\lib\site-packages\django\core\handlers\exception.py", line 47, in inner
    response = get_response(request)
  File "C:\Users\tarlo\AppData\Local\Programs\Python\Python39\lib\site-packages\django\core\handlers\base.py", line 181, in _get_response
    response = wrapped_callback(request, *callback_args, **callback_kwargs)
  File "C:\Users\tarlo\AppData\Local\Programs\Python\Python39\lib\site-packages\django\views\generic\base.py", line 70, in view
    return self.dispatch(request, *args, **kwargs)
  File "C:\Users\tarlo\AppData\Local\Programs\Python\Python39\lib\site-packages\django\views\generic\base.py", line 98, in dispatch
    return handler(request, *args, **kwargs)
  File "C:\Users\tarlo\Desktop\Code\Python\instamiligram\users\views.py", line 37, in post
    login(request, user)
  File "C:\Users\tarlo\AppData\Local\Programs\Python\Python39\lib\site-packages\django\contrib\auth\__init__.py", line 135, in login
    user_logged_in.send(sender=user.__class__, request=request, user=user)
  File "C:\Users\tarlo\AppData\Local\Programs\Python\Python39\lib\site-packages\django\dispatch\dispatcher.py", line 180, in send
    return [
  File "C:\Users\tarlo\AppData\Local\Programs\Python\Python39\lib\site-packages\django\dispatch\dispatcher.py", line 181, in <listcomp>
    (receiver, receiver(signal=self, sender=sender, **named))
  File "C:\Users\tarlo\AppData\Local\Programs\Python\Python39\lib\site-packages\django\contrib\auth\models.py", line 22, in update_last_login
    user.save(update_fields=['last_login'])
  File "C:\Users\tarlo\AppData\Local\Programs\Python\Python39\lib\site-packages\django\contrib\auth\base_user.py", line 67, in save
    super().save(*args, **kwargs)
  File "C:\Users\tarlo\AppData\Local\Programs\Python\Python39\lib\site-packages\django\db\models\base.py", line 726, in save
    self.save_base(using=using, force_insert=force_insert,
  File "C:\Users\tarlo\AppData\Local\Programs\Python\Python39\lib\site-packages\django\db\models\base.py", line 774, in save_base
    post_save.send(
  File "C:\Users\tarlo\AppData\Local\Programs\Python\Python39\lib\site-packages\django\dispatch\dispatcher.py", line 180, in send
    return [
  File "C:\Users\tarlo\AppData\Local\Programs\Python\Python39\lib\site-packages\django\dispatch\dispatcher.py", line 181, in <listcomp>
    (receiver, receiver(signal=self, sender=sender, **named))
  File "C:\Users\tarlo\Desktop\Code\Python\instamiligram\users\signals.py", line 15, in save_profile
    instance.profile.save()
  File "C:\Users\tarlo\Desktop\Code\Python\instamiligram\users\models.py", line 26, in save
    img = Image.open(self.image.path)
  File "C:\Users\tarlo\AppData\Local\Programs\Python\Python39\lib\site-packages\PIL\Image.py", line 2975, in open
    fp = builtins.open(filename, "rb")
FileNotFoundError: [Errno 2] No such file or directory: 'C:\\Users\\tarlo\\Desktop\\Code\\Python\\instamiligram\\media\\profile_pics\\1_L3q3XCs.jpg'
2021-11-10 22:11:01,071 django.utils.autoreload INFO     Watching for file changes with StatReloader
2021-11-11 22:13:49,969 django.utils.autoreload INFO     Watching for file changes with StatReloader
2021-11-11 22:13:51,219 django.request WARNING  Not Found: /favicon.ico
2021-11-11 22:13:54,761 django.request ERROR    Internal Server Error: /chats/
Traceback (most recent call last):
  File "C:\Users\tarlo\AppData\Local\Programs\Python\Python39\lib\site-packages\django\core\handlers\exception.py", line 47, in inner
    response = get_response(request)
  File "C:\Users\tarlo\AppData\Local\Programs\Python\Python39\lib\site-packages\django\core\handlers\base.py", line 181, in _get_response
    response = wrapped_callback(request, *callback_args, **callback_kwargs)
  File "C:\Users\tarlo\AppData\Local\Programs\Python\Python39\lib\site-packages\django\views\generic\base.py", line 70, in view
    return self.dispatch(request, *args, **kwargs)
  File "C:\Users\tarlo\AppData\Local\Programs\Python\Python39\lib\site-packages\django\views\generic\base.py", line 98, in dispatch
    return handler(request, *args, **kwargs)
  File "C:\Users\tarlo\Desktop\Code\Python\instamiligram\chat\views.py", line 12, in get
    return render(
  File "C:\Users\tarlo\AppData\Local\Programs\Python\Python39\lib\site-packages\django\shortcuts.py", line 19, in render
    content = loader.render_to_string(template_name, context, request, using=using)
  File "C:\Users\tarlo\AppData\Local\Programs\Python\Python39\lib\site-packages\django\template\loader.py", line 61, in render_to_string
    template = get_template(template_name, using=using)
  File "C:\Users\tarlo\AppData\Local\Programs\Python\Python39\lib\site-packages\django\template\loader.py", line 19, in get_template
    raise TemplateDoesNotExist(template_name, chain=chain)
django.template.exceptions.TemplateDoesNotExist: chat/chat-home.html
2021-11-11 22:14:37,508 django.utils.autoreload INFO     Watching for file changes with StatReloader
2021-11-11 22:14:38,223 django.request ERROR    Internal Server Error: /chats/
Traceback (most recent call last):
  File "C:\Users\tarlo\AppData\Local\Programs\Python\Python39\lib\site-packages\django\db\backends\utils.py", line 84, in _execute
    return self.cursor.execute(sql, params)
psycopg2.errors.UndefinedTable: ОШИБКА:  отношение "chat_message" не существует
LINE 1: ...ssage"."sended_at", "chat_message"."content" FROM "chat_mess...
                                                             ^


The above exception was the direct cause of the following exception:

Traceback (most recent call last):
  File "C:\Users\tarlo\AppData\Local\Programs\Python\Python39\lib\site-packages\django\core\handlers\exception.py", line 47, in inner
    response = get_response(request)
  File "C:\Users\tarlo\AppData\Local\Programs\Python\Python39\lib\site-packages\django\core\handlers\base.py", line 181, in _get_response
    response = wrapped_callback(request, *callback_args, **callback_kwargs)
  File "C:\Users\tarlo\AppData\Local\Programs\Python\Python39\lib\site-packages\django\views\generic\base.py", line 70, in view
    return self.dispatch(request, *args, **kwargs)
  File "C:\Users\tarlo\AppData\Local\Programs\Python\Python39\lib\site-packages\django\views\generic\base.py", line 98, in dispatch
    return handler(request, *args, **kwargs)
  File "C:\Users\tarlo\Desktop\Code\Python\instamiligram\chat\views.py", line 12, in get
    return render(
  File "C:\Users\tarlo\AppData\Local\Programs\Python\Python39\lib\site-packages\django\shortcuts.py", line 19, in render
    content = loader.render_to_string(template_name, context, request, using=using)
  File "C:\Users\tarlo\AppData\Local\Programs\Python\Python39\lib\site-packages\django\template\loader.py", line 62, in render_to_string
    return template.render(context, request)
  File "C:\Users\tarlo\AppData\Local\Programs\Python\Python39\lib\site-packages\django\template\backends\django.py", line 61, in render
    return self.template.render(context)
  File "C:\Users\tarlo\AppData\Local\Programs\Python\Python39\lib\site-packages\django\template\base.py", line 170, in render
    return self._render(context)
  File "C:\Users\tarlo\AppData\Local\Programs\Python\Python39\lib\site-packages\django\template\base.py", line 162, in _render
    return self.nodelist.render(context)
  File "C:\Users\tarlo\AppData\Local\Programs\Python\Python39\lib\site-packages\django\template\base.py", line 938, in render
    bit = node.render_annotated(context)
  File "C:\Users\tarlo\AppData\Local\Programs\Python\Python39\lib\site-packages\django\template\base.py", line 905, in render_annotated
    return self.render(context)
  File "C:\Users\tarlo\AppData\Local\Programs\Python\Python39\lib\site-packages\django\template\loader_tags.py", line 150, in render
    return compiled_parent._render(context)
  File "C:\Users\tarlo\AppData\Local\Programs\Python\Python39\lib\site-packages\django\template\base.py", line 162, in _render
    return self.nodelist.render(context)
  File "C:\Users\tarlo\AppData\Local\Programs\Python\Python39\lib\site-packages\django\template\base.py", line 938, in render
    bit = node.render_annotated(context)
  File "C:\Users\tarlo\AppData\Local\Programs\Python\Python39\lib\site-packages\django\template\base.py", line 905, in render_annotated
    return self.render(context)
  File "C:\Users\tarlo\AppData\Local\Programs\Python\Python39\lib\site-packages\django\template\defaulttags.py", line 311, in render
    if match:
  File "C:\Users\tarlo\AppData\Local\Programs\Python\Python39\lib\site-packages\django\db\models\query.py", line 284, in __bool__
    self._fetch_all()
  File "C:\Users\tarlo\AppData\Local\Programs\Python\Python39\lib\site-packages\django\db\models\query.py", line 1324, in _fetch_all
    self._result_cache = list(self._iterable_class(self))
  File "C:\Users\tarlo\AppData\Local\Programs\Python\Python39\lib\site-packages\django\db\models\query.py", line 51, in __iter__
    results = compiler.execute_sql(chunked_fetch=self.chunked_fetch, chunk_size=self.chunk_size)
  File "C:\Users\tarlo\AppData\Local\Programs\Python\Python39\lib\site-packages\django\db\models\sql\compiler.py", line 1175, in execute_sql
    cursor.execute(sql, params)
  File "C:\Users\tarlo\AppData\Local\Programs\Python\Python39\lib\site-packages\django\db\backends\utils.py", line 98, in execute
    return super().execute(sql, params)
  File "C:\Users\tarlo\AppData\Local\Programs\Python\Python39\lib\site-packages\django\db\backends\utils.py", line 66, in execute
    return self._execute_with_wrappers(sql, params, many=False, executor=self._execute)
  File "C:\Users\tarlo\AppData\Local\Programs\Python\Python39\lib\site-packages\django\db\backends\utils.py", line 75, in _execute_with_wrappers
    return executor(sql, params, many, context)
  File "C:\Users\tarlo\AppData\Local\Programs\Python\Python39\lib\site-packages\django\db\backends\utils.py", line 84, in _execute
    return self.cursor.execute(sql, params)
  File "C:\Users\tarlo\AppData\Local\Programs\Python\Python39\lib\site-packages\django\db\utils.py", line 90, in __exit__
    raise dj_exc_value.with_traceback(traceback) from exc_value
  File "C:\Users\tarlo\AppData\Local\Programs\Python\Python39\lib\site-packages\django\db\backends\utils.py", line 84, in _execute
    return self.cursor.execute(sql, params)
django.db.utils.ProgrammingError: ОШИБКА:  отношение "chat_message" не существует
LINE 1: ...ssage"."sended_at", "chat_message"."content" FROM "chat_mess...
                                                             ^

2021-11-11 22:16:06,244 django.utils.autoreload INFO     Watching for file changes with StatReloader
2021-11-11 22:19:11,057 django.utils.autoreload INFO     Watching for file changes with StatReloader
2021-11-11 22:25:05,926 django.utils.autoreload INFO     C:\Users\tarlo\Desktop\Code\Python\instamiligram\chat\views.py changed, reloading.
2021-11-11 22:25:06,274 django.utils.autoreload INFO     Watching for file changes with StatReloader
2021-11-11 22:25:10,609 django.utils.autoreload INFO     C:\Users\tarlo\Desktop\Code\Python\instamiligram\chat\views.py changed, reloading.
2021-11-11 22:25:10,943 django.utils.autoreload INFO     Watching for file changes with StatReloader
2021-11-11 22:25:12,494 django.request ERROR    Internal Server Error: /chats/
Traceback (most recent call last):
  File "C:\Users\tarlo\AppData\Local\Programs\Python\Python39\lib\site-packages\django\template\base.py", line 766, in __init__
    self.literal = float(var)
ValueError: could not convert string to float: '_messages'

During handling of the above exception, another exception occurred:

Traceback (most recent call last):
  File "C:\Users\tarlo\AppData\Local\Programs\Python\Python39\lib\site-packages\django\template\base.py", line 782, in __init__
    self.literal = mark_safe(unescape_string_literal(var))
  File "C:\Users\tarlo\AppData\Local\Programs\Python\Python39\lib\site-packages\django\utils\functional.py", line 228, in wrapper
    return func(*args, **kwargs)
  File "C:\Users\tarlo\AppData\Local\Programs\Python\Python39\lib\site-packages\django\utils\text.py", line 392, in unescape_string_literal
    raise ValueError("Not a string literal: %r" % s)
ValueError: Not a string literal: '_messages'

During handling of the above exception, another exception occurred:

Traceback (most recent call last):
  File "C:\Users\tarlo\AppData\Local\Programs\Python\Python39\lib\site-packages\django\core\handlers\exception.py", line 47, in inner
    response = get_response(request)
  File "C:\Users\tarlo\AppData\Local\Programs\Python\Python39\lib\site-packages\django\core\handlers\base.py", line 181, in _get_response
    response = wrapped_callback(request, *callback_args, **callback_kwargs)
  File "C:\Users\tarlo\AppData\Local\Programs\Python\Python39\lib\site-packages\django\views\generic\base.py", line 70, in view
    return self.dispatch(request, *args, **kwargs)
  File "C:\Users\tarlo\AppData\Local\Programs\Python\Python39\lib\site-packages\django\views\generic\base.py", line 98, in dispatch
    return handler(request, *args, **kwargs)
  File "C:\Users\tarlo\Desktop\Code\Python\instamiligram\chat\views.py", line 12, in get
    return render(
  File "C:\Users\tarlo\AppData\Local\Programs\Python\Python39\lib\site-packages\django\shortcuts.py", line 19, in render
    content = loader.render_to_string(template_name, context, request, using=using)
  File "C:\Users\tarlo\AppData\Local\Programs\Python\Python39\lib\site-packages\django\template\loader.py", line 61, in render_to_string
    template = get_template(template_name, using=using)
  File "C:\Users\tarlo\AppData\Local\Programs\Python\Python39\lib\site-packages\django\template\loader.py", line 15, in get_template
    return engine.get_template(template_name)
  File "C:\Users\tarlo\AppData\Local\Programs\Python\Python39\lib\site-packages\django\template\backends\django.py", line 34, in get_template
    return Template(self.engine.get_template(template_name), self)
  File "C:\Users\tarlo\AppData\Local\Programs\Python\Python39\lib\site-packages\django\template\engine.py", line 143, in get_template
    template, origin = self.find_template(template_name)
  File "C:\Users\tarlo\AppData\Local\Programs\Python\Python39\lib\site-packages\django\template\engine.py", line 125, in find_template
    template = loader.get_template(name, skip=skip)
  File "C:\Users\tarlo\AppData\Local\Programs\Python\Python39\lib\site-packages\django\template\loaders\base.py", line 29, in get_template
    return Template(
  File "C:\Users\tarlo\AppData\Local\Programs\Python\Python39\lib\site-packages\django\template\base.py", line 155, in __init__
    self.nodelist = self.compile_nodelist()
  File "C:\Users\tarlo\AppData\Local\Programs\Python\Python39\lib\site-packages\django\template\base.py", line 193, in compile_nodelist
    return parser.parse()
  File "C:\Users\tarlo\AppData\Local\Programs\Python\Python39\lib\site-packages\django\template\base.py", line 478, in parse
    raise self.error(token, e)
  File "C:\Users\tarlo\AppData\Local\Programs\Python\Python39\lib\site-packages\django\template\base.py", line 476, in parse
    compiled_result = compile_func(self, token)
  File "C:\Users\tarlo\AppData\Local\Programs\Python\Python39\lib\site-packages\django\template\loader_tags.py", line 278, in do_extends
    nodelist = parser.parse()
  File "C:\Users\tarlo\AppData\Local\Programs\Python\Python39\lib\site-packages\django\template\base.py", line 478, in parse
    raise self.error(token, e)
  File "C:\Users\tarlo\AppData\Local\Programs\Python\Python39\lib\site-packages\django\template\base.py", line 476, in parse
    compiled_result = compile_func(self, token)
  File "C:\Users\tarlo\AppData\Local\Programs\Python\Python39\lib\site-packages\django\template\loader_tags.py", line 216, in do_block
    nodelist = parser.parse(('endblock',))
  File "C:\Users\tarlo\AppData\Local\Programs\Python\Python39\lib\site-packages\django\template\base.py", line 478, in parse
    raise self.error(token, e)
  File "C:\Users\tarlo\AppData\Local\Programs\Python\Python39\lib\site-packages\django\template\base.py", line 476, in parse
    compiled_result = compile_func(self, token)
  File "C:\Users\tarlo\AppData\Local\Programs\Python\Python39\lib\site-packages\django\template\defaulttags.py", line 813, in do_for
    sequence = parser.compile_filter(bits[in_index + 1])
  File "C:\Users\tarlo\AppData\Local\Programs\Python\Python39\lib\site-packages\django\template\base.py", line 563, in compile_filter
    return FilterExpression(token, self)
  File "C:\Users\tarlo\AppData\Local\Programs\Python\Python39\lib\site-packages\django\template\base.py", line 648, in __init__
    var_obj = Variable(var)
  File "C:\Users\tarlo\AppData\Local\Programs\Python\Python39\lib\site-packages\django\template\base.py", line 787, in __init__
    raise TemplateSyntaxError("Variables and attributes may "
django.template.exceptions.TemplateSyntaxError: Variables and attributes may not begin with underscores: '_messages'
2021-11-11 22:25:31,855 django.utils.autoreload INFO     C:\Users\tarlo\Desktop\Code\Python\instamiligram\chat\views.py changed, reloading.
2021-11-11 22:25:32,194 django.utils.autoreload INFO     Watching for file changes with StatReloader
2021-11-11 22:25:33,474 django.utils.autoreload INFO     C:\Users\tarlo\Desktop\Code\Python\instamiligram\chat\views.py changed, reloading.
2021-11-11 22:25:33,820 django.utils.autoreload INFO     Watching for file changes with StatReloader
2021-11-11 22:26:28,685 django.utils.autoreload INFO     C:\Users\tarlo\Desktop\Code\Python\instamiligram\chat\views.py changed, reloading.
2021-11-11 22:26:29,017 django.utils.autoreload INFO     Watching for file changes with StatReloader
2021-11-11 22:28:46,361 django.utils.autoreload INFO     C:\Users\tarlo\Desktop\Code\Python\instamiligram\chat\views.py changed, reloading.
2021-11-11 22:28:46,706 django.utils.autoreload INFO     Watching for file changes with StatReloader
2021-11-11 22:30:45,594 django.utils.autoreload INFO     C:\Users\tarlo\Desktop\Code\Python\instamiligram\chat\views.py changed, reloading.
2021-11-11 22:30:45,934 django.utils.autoreload INFO     Watching for file changes with StatReloader
2021-11-11 22:30:54,584 django.request ERROR    Internal Server Error: /chats/
Traceback (most recent call last):
  File "C:\Users\tarlo\AppData\Local\Programs\Python\Python39\lib\site-packages\django\db\backends\utils.py", line 84, in _execute
    return self.cursor.execute(sql, params)
psycopg2.errors.UndefinedTable: ОШИБКА:  отношение "users" не существует
LINE 1: SELECT username from Users group by username
                             ^


The above exception was the direct cause of the following exception:

Traceback (most recent call last):
  File "C:\Users\tarlo\AppData\Local\Programs\Python\Python39\lib\site-packages\django\core\handlers\exception.py", line 47, in inner
    response = get_response(request)
  File "C:\Users\tarlo\AppData\Local\Programs\Python\Python39\lib\site-packages\django\core\handlers\base.py", line 181, in _get_response
    response = wrapped_callback(request, *callback_args, **callback_kwargs)
  File "C:\Users\tarlo\AppData\Local\Programs\Python\Python39\lib\site-packages\django\views\generic\base.py", line 70, in view
    return self.dispatch(request, *args, **kwargs)
  File "C:\Users\tarlo\AppData\Local\Programs\Python\Python39\lib\site-packages\django\views\generic\base.py", line 98, in dispatch
    return handler(request, *args, **kwargs)
  File "C:\Users\tarlo\Desktop\Code\Python\instamiligram\chat\views.py", line 13, in get
    return render(
  File "C:\Users\tarlo\AppData\Local\Programs\Python\Python39\lib\site-packages\django\shortcuts.py", line 19, in render
    content = loader.render_to_string(template_name, context, request, using=using)
  File "C:\Users\tarlo\AppData\Local\Programs\Python\Python39\lib\site-packages\django\template\loader.py", line 62, in render_to_string
    return template.render(context, request)
  File "C:\Users\tarlo\AppData\Local\Programs\Python\Python39\lib\site-packages\django\template\backends\django.py", line 61, in render
    return self.template.render(context)
  File "C:\Users\tarlo\AppData\Local\Programs\Python\Python39\lib\site-packages\django\template\base.py", line 170, in render
    return self._render(context)
  File "C:\Users\tarlo\AppData\Local\Programs\Python\Python39\lib\site-packages\django\template\base.py", line 162, in _render
    return self.nodelist.render(context)
  File "C:\Users\tarlo\AppData\Local\Programs\Python\Python39\lib\site-packages\django\template\base.py", line 938, in render
    bit = node.render_annotated(context)
  File "C:\Users\tarlo\AppData\Local\Programs\Python\Python39\lib\site-packages\django\template\base.py", line 905, in render_annotated
    return self.render(context)
  File "C:\Users\tarlo\AppData\Local\Programs\Python\Python39\lib\site-packages\django\template\loader_tags.py", line 150, in render
    return compiled_parent._render(context)
  File "C:\Users\tarlo\AppData\Local\Programs\Python\Python39\lib\site-packages\django\template\base.py", line 162, in _render
    return self.nodelist.render(context)
  File "C:\Users\tarlo\AppData\Local\Programs\Python\Python39\lib\site-packages\django\template\base.py", line 938, in render
    bit = node.render_annotated(context)
  File "C:\Users\tarlo\AppData\Local\Programs\Python\Python39\lib\site-packages\django\template\base.py", line 905, in render_annotated
    return self.render(context)
  File "C:\Users\tarlo\AppData\Local\Programs\Python\Python39\lib\site-packages\django\template\loader_tags.py", line 62, in render
    result = block.nodelist.render(context)
  File "C:\Users\tarlo\AppData\Local\Programs\Python\Python39\lib\site-packages\django\template\base.py", line 938, in render
    bit = node.render_annotated(context)
  File "C:\Users\tarlo\AppData\Local\Programs\Python\Python39\lib\site-packages\django\template\base.py", line 905, in render_annotated
    return self.render(context)
  File "C:\Users\tarlo\AppData\Local\Programs\Python\Python39\lib\site-packages\django\template\defaulttags.py", line 168, in render
    len_values = len(values)
  File "C:\Users\tarlo\AppData\Local\Programs\Python\Python39\lib\site-packages\django\db\models\query.py", line 1476, in __len__
    self._fetch_all()
  File "C:\Users\tarlo\AppData\Local\Programs\Python\Python39\lib\site-packages\django\db\models\query.py", line 1471, in _fetch_all
    self._result_cache = list(self.iterator())
  File "C:\Users\tarlo\AppData\Local\Programs\Python\Python39\lib\site-packages\django\db\models\query.py", line 1494, in iterator
    query = iter(self.query)
  File "C:\Users\tarlo\AppData\Local\Programs\Python\Python39\lib\site-packages\django\db\models\sql\query.py", line 101, in __iter__
    self._execute_query()
  File "C:\Users\tarlo\AppData\Local\Programs\Python\Python39\lib\site-packages\django\db\models\sql\query.py", line 141, in _execute_query
    self.cursor.execute(self.sql, params)
  File "C:\Users\tarlo\AppData\Local\Programs\Python\Python39\lib\site-packages\django\db\backends\utils.py", line 98, in execute
    return super().execute(sql, params)
  File "C:\Users\tarlo\AppData\Local\Programs\Python\Python39\lib\site-packages\django\db\backends\utils.py", line 66, in execute
    return self._execute_with_wrappers(sql, params, many=False, executor=self._execute)
  File "C:\Users\tarlo\AppData\Local\Programs\Python\Python39\lib\site-packages\django\db\backends\utils.py", line 75, in _execute_with_wrappers
    return executor(sql, params, many, context)
  File "C:\Users\tarlo\AppData\Local\Programs\Python\Python39\lib\site-packages\django\db\backends\utils.py", line 84, in _execute
    return self.cursor.execute(sql, params)
  File "C:\Users\tarlo\AppData\Local\Programs\Python\Python39\lib\site-packages\django\db\utils.py", line 90, in __exit__
    raise dj_exc_value.with_traceback(traceback) from exc_value
  File "C:\Users\tarlo\AppData\Local\Programs\Python\Python39\lib\site-packages\django\db\backends\utils.py", line 84, in _execute
    return self.cursor.execute(sql, params)
django.db.utils.ProgrammingError: ОШИБКА:  отношение "users" не существует
LINE 1: SELECT username from Users group by username
                             ^

2021-11-11 22:31:34,688 django.utils.autoreload INFO     C:\Users\tarlo\Desktop\Code\Python\instamiligram\chat\views.py changed, reloading.
2021-11-11 22:31:35,043 django.utils.autoreload INFO     Watching for file changes with StatReloader
2021-11-11 22:31:37,397 django.request ERROR    Internal Server Error: /chats/
Traceback (most recent call last):
  File "C:\Users\tarlo\AppData\Local\Programs\Python\Python39\lib\site-packages\django\core\handlers\exception.py", line 47, in inner
    response = get_response(request)
  File "C:\Users\tarlo\AppData\Local\Programs\Python\Python39\lib\site-packages\django\core\handlers\base.py", line 181, in _get_response
    response = wrapped_callback(request, *callback_args, **callback_kwargs)
  File "C:\Users\tarlo\AppData\Local\Programs\Python\Python39\lib\site-packages\django\views\generic\base.py", line 70, in view
    return self.dispatch(request, *args, **kwargs)
  File "C:\Users\tarlo\AppData\Local\Programs\Python\Python39\lib\site-packages\django\views\generic\base.py", line 98, in dispatch
    return handler(request, *args, **kwargs)
  File "C:\Users\tarlo\Desktop\Code\Python\instamiligram\chat\views.py", line 13, in get
    return render(
  File "C:\Users\tarlo\AppData\Local\Programs\Python\Python39\lib\site-packages\django\shortcuts.py", line 19, in render
    content = loader.render_to_string(template_name, context, request, using=using)
  File "C:\Users\tarlo\AppData\Local\Programs\Python\Python39\lib\site-packages\django\template\loader.py", line 62, in render_to_string
    return template.render(context, request)
  File "C:\Users\tarlo\AppData\Local\Programs\Python\Python39\lib\site-packages\django\template\backends\django.py", line 61, in render
    return self.template.render(context)
  File "C:\Users\tarlo\AppData\Local\Programs\Python\Python39\lib\site-packages\django\template\base.py", line 170, in render
    return self._render(context)
  File "C:\Users\tarlo\AppData\Local\Programs\Python\Python39\lib\site-packages\django\template\base.py", line 162, in _render
    return self.nodelist.render(context)
  File "C:\Users\tarlo\AppData\Local\Programs\Python\Python39\lib\site-packages\django\template\base.py", line 938, in render
    bit = node.render_annotated(context)
  File "C:\Users\tarlo\AppData\Local\Programs\Python\Python39\lib\site-packages\django\template\base.py", line 905, in render_annotated
    return self.render(context)
  File "C:\Users\tarlo\AppData\Local\Programs\Python\Python39\lib\site-packages\django\template\loader_tags.py", line 150, in render
    return compiled_parent._render(context)
  File "C:\Users\tarlo\AppData\Local\Programs\Python\Python39\lib\site-packages\django\template\base.py", line 162, in _render
    return self.nodelist.render(context)
  File "C:\Users\tarlo\AppData\Local\Programs\Python\Python39\lib\site-packages\django\template\base.py", line 938, in render
    bit = node.render_annotated(context)
  File "C:\Users\tarlo\AppData\Local\Programs\Python\Python39\lib\site-packages\django\template\base.py", line 905, in render_annotated
    return self.render(context)
  File "C:\Users\tarlo\AppData\Local\Programs\Python\Python39\lib\site-packages\django\template\loader_tags.py", line 62, in render
    result = block.nodelist.render(context)
  File "C:\Users\tarlo\AppData\Local\Programs\Python\Python39\lib\site-packages\django\template\base.py", line 938, in render
    bit = node.render_annotated(context)
  File "C:\Users\tarlo\AppData\Local\Programs\Python\Python39\lib\site-packages\django\template\base.py", line 905, in render_annotated
    return self.render(context)
  File "C:\Users\tarlo\AppData\Local\Programs\Python\Python39\lib\site-packages\django\template\defaulttags.py", line 168, in render
    len_values = len(values)
  File "C:\Users\tarlo\AppData\Local\Programs\Python\Python39\lib\site-packages\django\db\models\query.py", line 1476, in __len__
    self._fetch_all()
  File "C:\Users\tarlo\AppData\Local\Programs\Python\Python39\lib\site-packages\django\db\models\query.py", line 1471, in _fetch_all
    self._result_cache = list(self.iterator())
  File "C:\Users\tarlo\AppData\Local\Programs\Python\Python39\lib\site-packages\django\db\models\query.py", line 1499, in iterator
    raise exceptions.FieldDoesNotExist(
django.core.exceptions.FieldDoesNotExist: Raw query must include the primary key
2021-11-11 22:35:12,935 django.utils.autoreload INFO     C:\Users\tarlo\Desktop\Code\Python\instamiligram\chat\views.py changed, reloading.
2021-11-11 22:35:13,304 django.utils.autoreload INFO     Watching for file changes with StatReloader
2021-11-11 22:36:54,532 django.utils.autoreload INFO     C:\Users\tarlo\Desktop\Code\Python\instamiligram\chat\models.py changed, reloading.
2021-11-11 22:36:54,860 django.utils.autoreload INFO     Watching for file changes with StatReloader
2021-11-11 22:37:10,514 django.utils.autoreload INFO     C:\Users\tarlo\Desktop\Code\Python\instamiligram\chat\models.py changed, reloading.
2021-11-11 22:37:10,846 django.utils.autoreload INFO     Watching for file changes with StatReloader
2021-11-11 22:37:16,221 django.utils.autoreload INFO     C:\Users\tarlo\Desktop\Code\Python\instamiligram\chat\models.py changed, reloading.
2021-11-11 22:37:16,550 django.utils.autoreload INFO     Watching for file changes with StatReloader
2021-11-11 22:37:45,583 django.utils.autoreload INFO     C:\Users\tarlo\Desktop\Code\Python\instamiligram\chat\models.py changed, reloading.
2021-11-11 22:37:45,925 django.utils.autoreload INFO     Watching for file changes with StatReloader
2021-11-11 22:44:22,738 django.utils.autoreload INFO     Watching for file changes with StatReloader
2021-11-11 22:44:51,018 django.utils.autoreload INFO     Watching for file changes with StatReloader
2021-11-11 22:45:55,358 django.request ERROR    Internal Server Error: /chats/
Traceback (most recent call last):
  File "C:\Users\tarlo\AppData\Local\Programs\Python\Python39\lib\site-packages\django\core\handlers\exception.py", line 47, in inner
    response = get_response(request)
  File "C:\Users\tarlo\AppData\Local\Programs\Python\Python39\lib\site-packages\django\core\handlers\base.py", line 181, in _get_response
    response = wrapped_callback(request, *callback_args, **callback_kwargs)
  File "C:\Users\tarlo\AppData\Local\Programs\Python\Python39\lib\site-packages\django\views\generic\base.py", line 70, in view
    return self.dispatch(request, *args, **kwargs)
  File "C:\Users\tarlo\AppData\Local\Programs\Python\Python39\lib\site-packages\django\views\generic\base.py", line 98, in dispatch
    return handler(request, *args, **kwargs)
  File "C:\Users\tarlo\Desktop\Code\Python\instamiligram\chat\views.py", line 13, in get
    return render(
  File "C:\Users\tarlo\AppData\Local\Programs\Python\Python39\lib\site-packages\django\shortcuts.py", line 19, in render
    content = loader.render_to_string(template_name, context, request, using=using)
  File "C:\Users\tarlo\AppData\Local\Programs\Python\Python39\lib\site-packages\django\template\loader.py", line 62, in render_to_string
    return template.render(context, request)
  File "C:\Users\tarlo\AppData\Local\Programs\Python\Python39\lib\site-packages\django\template\backends\django.py", line 61, in render
    return self.template.render(context)
  File "C:\Users\tarlo\AppData\Local\Programs\Python\Python39\lib\site-packages\django\template\base.py", line 170, in render
    return self._render(context)
  File "C:\Users\tarlo\AppData\Local\Programs\Python\Python39\lib\site-packages\django\template\base.py", line 162, in _render
    return self.nodelist.render(context)
  File "C:\Users\tarlo\AppData\Local\Programs\Python\Python39\lib\site-packages\django\template\base.py", line 938, in render
    bit = node.render_annotated(context)
  File "C:\Users\tarlo\AppData\Local\Programs\Python\Python39\lib\site-packages\django\template\base.py", line 905, in render_annotated
    return self.render(context)
  File "C:\Users\tarlo\AppData\Local\Programs\Python\Python39\lib\site-packages\django\template\loader_tags.py", line 150, in render
    return compiled_parent._render(context)
  File "C:\Users\tarlo\AppData\Local\Programs\Python\Python39\lib\site-packages\django\template\base.py", line 162, in _render
    return self.nodelist.render(context)
  File "C:\Users\tarlo\AppData\Local\Programs\Python\Python39\lib\site-packages\django\template\base.py", line 938, in render
    bit = node.render_annotated(context)
  File "C:\Users\tarlo\AppData\Local\Programs\Python\Python39\lib\site-packages\django\template\base.py", line 905, in render_annotated
    return self.render(context)
  File "C:\Users\tarlo\AppData\Local\Programs\Python\Python39\lib\site-packages\django\template\loader_tags.py", line 62, in render
    result = block.nodelist.render(context)
  File "C:\Users\tarlo\AppData\Local\Programs\Python\Python39\lib\site-packages\django\template\base.py", line 938, in render
    bit = node.render_annotated(context)
  File "C:\Users\tarlo\AppData\Local\Programs\Python\Python39\lib\site-packages\django\template\base.py", line 905, in render_annotated
    return self.render(context)
  File "C:\Users\tarlo\AppData\Local\Programs\Python\Python39\lib\site-packages\django\template\defaulttags.py", line 167, in render
    values = list(values)
TypeError: 'RelatedManager' object is not iterable
2021-11-11 22:46:05,548 django.utils.autoreload INFO     C:\Users\tarlo\Desktop\Code\Python\instamiligram\chat\views.py changed, reloading.
2021-11-11 22:46:05,903 django.utils.autoreload INFO     Watching for file changes with StatReloader
2021-11-11 22:47:09,291 django.utils.autoreload INFO     C:\Users\tarlo\Desktop\Code\Python\instamiligram\chat\views.py changed, reloading.
2021-11-11 22:47:09,625 django.utils.autoreload INFO     Watching for file changes with StatReloader
2021-11-11 22:47:14,887 django.utils.autoreload INFO     C:\Users\tarlo\Desktop\Code\Python\instamiligram\chat\views.py changed, reloading.
2021-11-11 22:47:15,206 django.utils.autoreload INFO     Watching for file changes with StatReloader
2021-11-11 22:47:22,654 django.utils.autoreload INFO     C:\Users\tarlo\Desktop\Code\Python\instamiligram\chat\views.py changed, reloading.
2021-11-11 22:47:22,980 django.utils.autoreload INFO     Watching for file changes with StatReloader
2021-11-12 16:38:05,410 django.utils.autoreload INFO     Watching for file changes with StatReloader
2021-11-12 16:38:17,058 django.utils.autoreload INFO     Watching for file changes with StatReloader
2021-11-12 16:38:30,565 django.utils.autoreload INFO     Watching for file changes with StatReloader
2021-11-12 16:38:36,929 django.request WARNING  Not Found: /favicon.ico
2021-11-12 16:40:59,030 django.utils.autoreload INFO     Watching for file changes with StatReloader
2021-11-12 16:41:17,675 django.utils.autoreload INFO     C:\Users\tarlo\Desktop\Code\DJANGO\instamiligram\chat\views.py changed, reloading.
2021-11-12 16:41:18,231 django.utils.autoreload INFO     Watching for file changes with StatReloader
2021-11-12 16:41:44,004 django.utils.autoreload INFO     Watching for file changes with StatReloader
2021-11-12 16:42:13,469 django.utils.autoreload INFO     C:\Users\tarlo\Desktop\Code\DJANGO\instamiligram\chat\views.py changed, reloading.
2021-11-12 16:42:14,168 django.utils.autoreload INFO     Watching for file changes with StatReloader
2021-11-12 16:43:04,475 django.utils.autoreload INFO     C:\Users\tarlo\Desktop\Code\DJANGO\instamiligram\chat\views.py changed, reloading.
2021-11-12 16:43:05,013 django.utils.autoreload INFO     Watching for file changes with StatReloader
2021-11-12 16:43:57,119 django.utils.autoreload INFO     C:\Users\tarlo\Desktop\Code\DJANGO\instamiligram\chat\views.py changed, reloading.
2021-11-12 16:43:57,677 django.utils.autoreload INFO     Watching for file changes with StatReloader
2021-11-12 16:44:18,551 django.utils.autoreload INFO     C:\Users\tarlo\Desktop\Code\DJANGO\instamiligram\chat\views.py changed, reloading.
2021-11-12 16:44:19,221 django.utils.autoreload INFO     Watching for file changes with StatReloader
2021-11-12 17:00:26,980 django.request ERROR    Internal Server Error: /chats/
Traceback (most recent call last):
  File "C:\Users\tarlo\Desktop\Code\DJANGO\instamiligram\venv\lib\site-packages\django\template\defaulttags.py", line 1034, in find_library
    return parser.libraries[name]
KeyError: 'chat_tags'

During handling of the above exception, another exception occurred:

Traceback (most recent call last):
  File "C:\Users\tarlo\Desktop\Code\DJANGO\instamiligram\venv\lib\site-packages\django\core\handlers\exception.py", line 47, in inner
    response = get_response(request)
  File "C:\Users\tarlo\Desktop\Code\DJANGO\instamiligram\venv\lib\site-packages\django\core\handlers\base.py", line 181, in _get_response
    response = wrapped_callback(request, *callback_args, **callback_kwargs)
  File "C:\Users\tarlo\Desktop\Code\DJANGO\instamiligram\venv\lib\site-packages\django\views\generic\base.py", line 70, in view
    return self.dispatch(request, *args, **kwargs)
  File "C:\Users\tarlo\Desktop\Code\DJANGO\instamiligram\venv\lib\site-packages\django\views\generic\base.py", line 98, in dispatch
    return handler(request, *args, **kwargs)
  File "C:\Users\tarlo\Desktop\Code\DJANGO\instamiligram\chat\views.py", line 18, in get
    return render(
  File "C:\Users\tarlo\Desktop\Code\DJANGO\instamiligram\venv\lib\site-packages\django\shortcuts.py", line 19, in render
    content = loader.render_to_string(template_name, context, request, using=using)
  File "C:\Users\tarlo\Desktop\Code\DJANGO\instamiligram\venv\lib\site-packages\django\template\loader.py", line 61, in render_to_string
    template = get_template(template_name, using=using)
  File "C:\Users\tarlo\Desktop\Code\DJANGO\instamiligram\venv\lib\site-packages\django\template\loader.py", line 15, in get_template
    return engine.get_template(template_name)
  File "C:\Users\tarlo\Desktop\Code\DJANGO\instamiligram\venv\lib\site-packages\django\template\backends\django.py", line 34, in get_template
    return Template(self.engine.get_template(template_name), self)
  File "C:\Users\tarlo\Desktop\Code\DJANGO\instamiligram\venv\lib\site-packages\django\template\engine.py", line 143, in get_template
    template, origin = self.find_template(template_name)
  File "C:\Users\tarlo\Desktop\Code\DJANGO\instamiligram\venv\lib\site-packages\django\template\engine.py", line 125, in find_template
    template = loader.get_template(name, skip=skip)
  File "C:\Users\tarlo\Desktop\Code\DJANGO\instamiligram\venv\lib\site-packages\django\template\loaders\base.py", line 29, in get_template
    return Template(
  File "C:\Users\tarlo\Desktop\Code\DJANGO\instamiligram\venv\lib\site-packages\django\template\base.py", line 155, in __init__
    self.nodelist = self.compile_nodelist()
  File "C:\Users\tarlo\Desktop\Code\DJANGO\instamiligram\venv\lib\site-packages\django\template\base.py", line 193, in compile_nodelist
    return parser.parse()
  File "C:\Users\tarlo\Desktop\Code\DJANGO\instamiligram\venv\lib\site-packages\django\template\base.py", line 478, in parse
    raise self.error(token, e)
  File "C:\Users\tarlo\Desktop\Code\DJANGO\instamiligram\venv\lib\site-packages\django\template\base.py", line 476, in parse
    compiled_result = compile_func(self, token)
  File "C:\Users\tarlo\Desktop\Code\DJANGO\instamiligram\venv\lib\site-packages\django\template\loader_tags.py", line 278, in do_extends
    nodelist = parser.parse()
  File "C:\Users\tarlo\Desktop\Code\DJANGO\instamiligram\venv\lib\site-packages\django\template\base.py", line 478, in parse
    raise self.error(token, e)
  File "C:\Users\tarlo\Desktop\Code\DJANGO\instamiligram\venv\lib\site-packages\django\template\base.py", line 476, in parse
    compiled_result = compile_func(self, token)
  File "C:\Users\tarlo\Desktop\Code\DJANGO\instamiligram\venv\lib\site-packages\django\template\loader_tags.py", line 216, in do_block
    nodelist = parser.parse(('endblock',))
  File "C:\Users\tarlo\Desktop\Code\DJANGO\instamiligram\venv\lib\site-packages\django\template\base.py", line 478, in parse
    raise self.error(token, e)
  File "C:\Users\tarlo\Desktop\Code\DJANGO\instamiligram\venv\lib\site-packages\django\template\base.py", line 476, in parse
    compiled_result = compile_func(self, token)
  File "C:\Users\tarlo\Desktop\Code\DJANGO\instamiligram\venv\lib\site-packages\django\template\defaulttags.py", line 1091, in load
    lib = find_library(parser, name)
  File "C:\Users\tarlo\Desktop\Code\DJANGO\instamiligram\venv\lib\site-packages\django\template\defaulttags.py", line 1036, in find_library
    raise TemplateSyntaxError(
django.template.exceptions.TemplateSyntaxError: 'chat_tags' is not a registered tag library. Must be one of:
admin_list
admin_modify
admin_urls
cache
crispy_forms_field
crispy_forms_filters
crispy_forms_tags
crispy_forms_utils
i18n
instagram_tags
l10n
log
static
tags
tz
user_tags
2021-11-12 17:00:52,547 django.utils.autoreload INFO     C:\Users\tarlo\Desktop\Code\DJANGO\instamiligram\main\settings.py changed, reloading.
2021-11-12 17:00:53,137 django.utils.autoreload INFO     Watching for file changes with StatReloader
2021-11-12 17:00:58,943 django.utils.autoreload INFO     Watching for file changes with StatReloader
2021-11-12 17:01:06,441 django.utils.autoreload INFO     Watching for file changes with StatReloader
2021-11-12 17:01:06,956 django.request ERROR    Internal Server Error: /chats/
Traceback (most recent call last):
  File "C:\Users\tarlo\Desktop\Code\DJANGO\instamiligram\venv\lib\site-packages\django\template\base.py", line 454, in parse
    command = token.contents.split()[0]
IndexError: list index out of range

During handling of the above exception, another exception occurred:

Traceback (most recent call last):
  File "C:\Users\tarlo\Desktop\Code\DJANGO\instamiligram\venv\lib\site-packages\django\core\handlers\exception.py", line 47, in inner
    response = get_response(request)
  File "C:\Users\tarlo\Desktop\Code\DJANGO\instamiligram\venv\lib\site-packages\django\core\handlers\base.py", line 181, in _get_response
    response = wrapped_callback(request, *callback_args, **callback_kwargs)
  File "C:\Users\tarlo\Desktop\Code\DJANGO\instamiligram\venv\lib\site-packages\django\views\generic\base.py", line 70, in view
    return self.dispatch(request, *args, **kwargs)
  File "C:\Users\tarlo\Desktop\Code\DJANGO\instamiligram\venv\lib\site-packages\django\views\generic\base.py", line 98, in dispatch
    return handler(request, *args, **kwargs)
  File "C:\Users\tarlo\Desktop\Code\DJANGO\instamiligram\chat\views.py", line 18, in get
    return render(
  File "C:\Users\tarlo\Desktop\Code\DJANGO\instamiligram\venv\lib\site-packages\django\shortcuts.py", line 19, in render
    content = loader.render_to_string(template_name, context, request, using=using)
  File "C:\Users\tarlo\Desktop\Code\DJANGO\instamiligram\venv\lib\site-packages\django\template\loader.py", line 61, in render_to_string
    template = get_template(template_name, using=using)
  File "C:\Users\tarlo\Desktop\Code\DJANGO\instamiligram\venv\lib\site-packages\django\template\loader.py", line 15, in get_template
    return engine.get_template(template_name)
  File "C:\Users\tarlo\Desktop\Code\DJANGO\instamiligram\venv\lib\site-packages\django\template\backends\django.py", line 34, in get_template
    return Template(self.engine.get_template(template_name), self)
  File "C:\Users\tarlo\Desktop\Code\DJANGO\instamiligram\venv\lib\site-packages\django\template\engine.py", line 143, in get_template
    template, origin = self.find_template(template_name)
  File "C:\Users\tarlo\Desktop\Code\DJANGO\instamiligram\venv\lib\site-packages\django\template\engine.py", line 125, in find_template
    template = loader.get_template(name, skip=skip)
  File "C:\Users\tarlo\Desktop\Code\DJANGO\instamiligram\venv\lib\site-packages\django\template\loaders\base.py", line 29, in get_template
    return Template(
  File "C:\Users\tarlo\Desktop\Code\DJANGO\instamiligram\venv\lib\site-packages\django\template\base.py", line 155, in __init__
    self.nodelist = self.compile_nodelist()
  File "C:\Users\tarlo\Desktop\Code\DJANGO\instamiligram\venv\lib\site-packages\django\template\base.py", line 193, in compile_nodelist
    return parser.parse()
  File "C:\Users\tarlo\Desktop\Code\DJANGO\instamiligram\venv\lib\site-packages\django\template\base.py", line 478, in parse
    raise self.error(token, e)
  File "C:\Users\tarlo\Desktop\Code\DJANGO\instamiligram\venv\lib\site-packages\django\template\base.py", line 476, in parse
    compiled_result = compile_func(self, token)
  File "C:\Users\tarlo\Desktop\Code\DJANGO\instamiligram\venv\lib\site-packages\django\template\loader_tags.py", line 278, in do_extends
    nodelist = parser.parse()
  File "C:\Users\tarlo\Desktop\Code\DJANGO\instamiligram\venv\lib\site-packages\django\template\base.py", line 478, in parse
    raise self.error(token, e)
  File "C:\Users\tarlo\Desktop\Code\DJANGO\instamiligram\venv\lib\site-packages\django\template\base.py", line 476, in parse
    compiled_result = compile_func(self, token)
  File "C:\Users\tarlo\Desktop\Code\DJANGO\instamiligram\venv\lib\site-packages\django\template\loader_tags.py", line 216, in do_block
    nodelist = parser.parse(('endblock',))
  File "C:\Users\tarlo\Desktop\Code\DJANGO\instamiligram\venv\lib\site-packages\django\template\base.py", line 478, in parse
    raise self.error(token, e)
  File "C:\Users\tarlo\Desktop\Code\DJANGO\instamiligram\venv\lib\site-packages\django\template\base.py", line 476, in parse
    compiled_result = compile_func(self, token)
  File "C:\Users\tarlo\Desktop\Code\DJANGO\instamiligram\venv\lib\site-packages\django\template\defaulttags.py", line 814, in do_for
    nodelist_loop = parser.parse(('empty', 'endfor',))
  File "C:\Users\tarlo\Desktop\Code\DJANGO\instamiligram\venv\lib\site-packages\django\template\base.py", line 456, in parse
    raise self.error(token, 'Empty block tag on line %d' % token.lineno)
django.template.exceptions.TemplateSyntaxError: Empty block tag on line 31
2021-11-12 17:01:21,015 django.utils.autoreload INFO     Watching for file changes with StatReloader
2021-11-12 17:01:37,547 django.utils.autoreload INFO     C:\Users\tarlo\Desktop\Code\DJANGO\instamiligram\chat\templatetags\tags.py changed, reloading.
2021-11-12 17:01:38,294 django.utils.autoreload INFO     Watching for file changes with StatReloader
2021-11-12 17:01:42,930 django.utils.autoreload INFO     C:\Users\tarlo\Desktop\Code\DJANGO\instamiligram\chat\templatetags\tags.py changed, reloading.
2021-11-12 17:01:43,603 django.utils.autoreload INFO     Watching for file changes with StatReloader
2021-11-12 17:18:19,461 django.utils.autoreload INFO     C:\Users\tarlo\Desktop\Code\DJANGO\instamiligram\chat\views.py changed, reloading.
2021-11-12 17:18:20,127 django.utils.autoreload INFO     Watching for file changes with StatReloader
2021-11-12 17:19:48,816 django.utils.autoreload INFO     Watching for file changes with StatReloader
2021-11-12 17:19:49,772 django.request ERROR    Internal Server Error: /chats/
Traceback (most recent call last):
  File "C:\Users\tarlo\Desktop\Code\DJANGO\instamiligram\venv\lib\site-packages\django\core\handlers\exception.py", line 47, in inner
    response = get_response(request)
  File "C:\Users\tarlo\Desktop\Code\DJANGO\instamiligram\venv\lib\site-packages\django\core\handlers\base.py", line 181, in _get_response
    response = wrapped_callback(request, *callback_args, **callback_kwargs)
  File "C:\Users\tarlo\Desktop\Code\DJANGO\instamiligram\venv\lib\site-packages\django\views\generic\base.py", line 70, in view
    return self.dispatch(request, *args, **kwargs)
  File "C:\Users\tarlo\Desktop\Code\DJANGO\instamiligram\venv\lib\site-packages\django\views\generic\base.py", line 98, in dispatch
    return handler(request, *args, **kwargs)
  File "C:\Users\tarlo\Desktop\Code\DJANGO\instamiligram\chat\views.py", line 19, in get
    return render(
  File "C:\Users\tarlo\Desktop\Code\DJANGO\instamiligram\venv\lib\site-packages\django\shortcuts.py", line 19, in render
    content = loader.render_to_string(template_name, context, request, using=using)
  File "C:\Users\tarlo\Desktop\Code\DJANGO\instamiligram\venv\lib\site-packages\django\template\loader.py", line 62, in render_to_string
    return template.render(context, request)
  File "C:\Users\tarlo\Desktop\Code\DJANGO\instamiligram\venv\lib\site-packages\django\template\backends\django.py", line 61, in render
    return self.template.render(context)
  File "C:\Users\tarlo\Desktop\Code\DJANGO\instamiligram\venv\lib\site-packages\django\template\base.py", line 170, in render
    return self._render(context)
  File "C:\Users\tarlo\Desktop\Code\DJANGO\instamiligram\venv\lib\site-packages\django\template\base.py", line 162, in _render
    return self.nodelist.render(context)
  File "C:\Users\tarlo\Desktop\Code\DJANGO\instamiligram\venv\lib\site-packages\django\template\base.py", line 938, in render
    bit = node.render_annotated(context)
  File "C:\Users\tarlo\Desktop\Code\DJANGO\instamiligram\venv\lib\site-packages\django\template\base.py", line 905, in render_annotated
    return self.render(context)
  File "C:\Users\tarlo\Desktop\Code\DJANGO\instamiligram\venv\lib\site-packages\django\template\loader_tags.py", line 150, in render
    return compiled_parent._render(context)
  File "C:\Users\tarlo\Desktop\Code\DJANGO\instamiligram\venv\lib\site-packages\django\template\base.py", line 162, in _render
    return self.nodelist.render(context)
  File "C:\Users\tarlo\Desktop\Code\DJANGO\instamiligram\venv\lib\site-packages\django\template\base.py", line 938, in render
    bit = node.render_annotated(context)
  File "C:\Users\tarlo\Desktop\Code\DJANGO\instamiligram\venv\lib\site-packages\django\template\base.py", line 905, in render_annotated
    return self.render(context)
  File "C:\Users\tarlo\Desktop\Code\DJANGO\instamiligram\venv\lib\site-packages\django\template\loader_tags.py", line 62, in render
    result = block.nodelist.render(context)
  File "C:\Users\tarlo\Desktop\Code\DJANGO\instamiligram\venv\lib\site-packages\django\template\base.py", line 938, in render
    bit = node.render_annotated(context)
  File "C:\Users\tarlo\Desktop\Code\DJANGO\instamiligram\venv\lib\site-packages\django\template\base.py", line 905, in render_annotated
    return self.render(context)
  File "C:\Users\tarlo\Desktop\Code\DJANGO\instamiligram\venv\lib\site-packages\django\template\defaulttags.py", line 211, in render
    nodelist.append(node.render_annotated(context))
  File "C:\Users\tarlo\Desktop\Code\DJANGO\instamiligram\venv\lib\site-packages\django\template\base.py", line 905, in render_annotated
    return self.render(context)
  File "C:\Users\tarlo\Desktop\Code\DJANGO\instamiligram\venv\lib\site-packages\django\template\defaulttags.py", line 446, in render
    url = reverse(view_name, args=args, kwargs=kwargs, current_app=current_app)
  File "C:\Users\tarlo\Desktop\Code\DJANGO\instamiligram\venv\lib\site-packages\django\urls\base.py", line 86, in reverse
    return resolver._reverse_with_prefix(view, prefix, *args, **kwargs)
  File "C:\Users\tarlo\Desktop\Code\DJANGO\instamiligram\venv\lib\site-packages\django\urls\resolvers.py", line 694, in _reverse_with_prefix
    raise NoReverseMatch(msg)
django.urls.exceptions.NoReverseMatch: Reverse for 'chat-dialog' not found. 'chat-dialog' is not a valid view function or pattern name.
2021-11-12 17:19:58,852 django.request ERROR    Internal Server Error: /chats/
Traceback (most recent call last):
  File "C:\Users\tarlo\Desktop\Code\DJANGO\instamiligram\venv\lib\site-packages\django\core\handlers\exception.py", line 47, in inner
    response = get_response(request)
  File "C:\Users\tarlo\Desktop\Code\DJANGO\instamiligram\venv\lib\site-packages\django\core\handlers\base.py", line 181, in _get_response
    response = wrapped_callback(request, *callback_args, **callback_kwargs)
  File "C:\Users\tarlo\Desktop\Code\DJANGO\instamiligram\venv\lib\site-packages\django\views\generic\base.py", line 70, in view
    return self.dispatch(request, *args, **kwargs)
  File "C:\Users\tarlo\Desktop\Code\DJANGO\instamiligram\venv\lib\site-packages\django\views\generic\base.py", line 98, in dispatch
    return handler(request, *args, **kwargs)
  File "C:\Users\tarlo\Desktop\Code\DJANGO\instamiligram\chat\views.py", line 19, in get
    return render(
  File "C:\Users\tarlo\Desktop\Code\DJANGO\instamiligram\venv\lib\site-packages\django\shortcuts.py", line 19, in render
    content = loader.render_to_string(template_name, context, request, using=using)
  File "C:\Users\tarlo\Desktop\Code\DJANGO\instamiligram\venv\lib\site-packages\django\template\loader.py", line 62, in render_to_string
    return template.render(context, request)
  File "C:\Users\tarlo\Desktop\Code\DJANGO\instamiligram\venv\lib\site-packages\django\template\backends\django.py", line 61, in render
    return self.template.render(context)
  File "C:\Users\tarlo\Desktop\Code\DJANGO\instamiligram\venv\lib\site-packages\django\template\base.py", line 170, in render
    return self._render(context)
  File "C:\Users\tarlo\Desktop\Code\DJANGO\instamiligram\venv\lib\site-packages\django\template\base.py", line 162, in _render
    return self.nodelist.render(context)
  File "C:\Users\tarlo\Desktop\Code\DJANGO\instamiligram\venv\lib\site-packages\django\template\base.py", line 938, in render
    bit = node.render_annotated(context)
  File "C:\Users\tarlo\Desktop\Code\DJANGO\instamiligram\venv\lib\site-packages\django\template\base.py", line 905, in render_annotated
    return self.render(context)
  File "C:\Users\tarlo\Desktop\Code\DJANGO\instamiligram\venv\lib\site-packages\django\template\loader_tags.py", line 150, in render
    return compiled_parent._render(context)
  File "C:\Users\tarlo\Desktop\Code\DJANGO\instamiligram\venv\lib\site-packages\django\template\base.py", line 162, in _render
    return self.nodelist.render(context)
  File "C:\Users\tarlo\Desktop\Code\DJANGO\instamiligram\venv\lib\site-packages\django\template\base.py", line 938, in render
    bit = node.render_annotated(context)
  File "C:\Users\tarlo\Desktop\Code\DJANGO\instamiligram\venv\lib\site-packages\django\template\base.py", line 905, in render_annotated
    return self.render(context)
  File "C:\Users\tarlo\Desktop\Code\DJANGO\instamiligram\venv\lib\site-packages\django\template\loader_tags.py", line 62, in render
    result = block.nodelist.render(context)
  File "C:\Users\tarlo\Desktop\Code\DJANGO\instamiligram\venv\lib\site-packages\django\template\base.py", line 938, in render
    bit = node.render_annotated(context)
  File "C:\Users\tarlo\Desktop\Code\DJANGO\instamiligram\venv\lib\site-packages\django\template\base.py", line 905, in render_annotated
    return self.render(context)
  File "C:\Users\tarlo\Desktop\Code\DJANGO\instamiligram\venv\lib\site-packages\django\template\defaulttags.py", line 211, in render
    nodelist.append(node.render_annotated(context))
  File "C:\Users\tarlo\Desktop\Code\DJANGO\instamiligram\venv\lib\site-packages\django\template\base.py", line 905, in render_annotated
    return self.render(context)
  File "C:\Users\tarlo\Desktop\Code\DJANGO\instamiligram\venv\lib\site-packages\django\template\defaulttags.py", line 446, in render
    url = reverse(view_name, args=args, kwargs=kwargs, current_app=current_app)
  File "C:\Users\tarlo\Desktop\Code\DJANGO\instamiligram\venv\lib\site-packages\django\urls\base.py", line 86, in reverse
    return resolver._reverse_with_prefix(view, prefix, *args, **kwargs)
  File "C:\Users\tarlo\Desktop\Code\DJANGO\instamiligram\venv\lib\site-packages\django\urls\resolvers.py", line 694, in _reverse_with_prefix
    raise NoReverseMatch(msg)
django.urls.exceptions.NoReverseMatch: Reverse for 'chats-dialog' not found. 'chats-dialog' is not a valid view function or pattern name.
2021-11-12 17:21:13,615 django.utils.autoreload INFO     Watching for file changes with StatReloader
2021-11-12 18:01:40,277 django.utils.autoreload INFO     C:\Users\tarlo\Desktop\Code\DJANGO\instamiligram\chat\views.py changed, reloading.
2021-11-12 18:01:40,772 django.utils.autoreload INFO     Watching for file changes with StatReloader
2021-11-12 18:01:47,414 django.utils.autoreload INFO     C:\Users\tarlo\Desktop\Code\DJANGO\instamiligram\chat\views.py changed, reloading.
2021-11-12 18:01:48,123 django.utils.autoreload INFO     Watching for file changes with StatReloader
2021-11-12 18:14:21,639 django.utils.autoreload INFO     C:\Users\tarlo\Desktop\Code\DJANGO\instamiligram\chat\views.py changed, reloading.
2021-11-12 18:14:22,221 django.utils.autoreload INFO     Watching for file changes with StatReloader
2021-11-12 18:14:23,577 django.request ERROR    Internal Server Error: /chat/koji
Traceback (most recent call last):
  File "C:\Users\tarlo\Desktop\Code\DJANGO\instamiligram\venv\lib\site-packages\django\core\handlers\exception.py", line 47, in inner
    response = get_response(request)
  File "C:\Users\tarlo\Desktop\Code\DJANGO\instamiligram\venv\lib\site-packages\django\core\handlers\base.py", line 181, in _get_response
    response = wrapped_callback(request, *callback_args, **callback_kwargs)
  File "C:\Users\tarlo\Desktop\Code\DJANGO\instamiligram\venv\lib\site-packages\django\views\generic\base.py", line 70, in view
    return self.dispatch(request, *args, **kwargs)
  File "C:\Users\tarlo\Desktop\Code\DJANGO\instamiligram\venv\lib\site-packages\django\views\generic\base.py", line 98, in dispatch
    return handler(request, *args, **kwargs)
  File "C:\Users\tarlo\Desktop\Code\DJANGO\instamiligram\chat\views.py", line 31, in get
    _messages = Message.objects.filter(sender=u_target).filter(
TypeError: unsupported operand type(s) for +: 'QuerySet' and 'QuerySet'
2021-11-12 18:14:36,450 django.utils.autoreload INFO     C:\Users\tarlo\Desktop\Code\DJANGO\instamiligram\chat\views.py changed, reloading.
2021-11-12 18:14:37,111 django.utils.autoreload INFO     Watching for file changes with StatReloader
2021-11-12 18:14:37,699 django.request ERROR    Internal Server Error: /chat/koji
Traceback (most recent call last):
  File "C:\Users\tarlo\Desktop\Code\DJANGO\instamiligram\venv\lib\site-packages\django\core\handlers\exception.py", line 47, in inner
    response = get_response(request)
  File "C:\Users\tarlo\Desktop\Code\DJANGO\instamiligram\venv\lib\site-packages\django\core\handlers\base.py", line 181, in _get_response
    response = wrapped_callback(request, *callback_args, **callback_kwargs)
  File "C:\Users\tarlo\Desktop\Code\DJANGO\instamiligram\venv\lib\site-packages\django\views\generic\base.py", line 70, in view
    return self.dispatch(request, *args, **kwargs)
  File "C:\Users\tarlo\Desktop\Code\DJANGO\instamiligram\venv\lib\site-packages\django\views\generic\base.py", line 98, in dispatch
    return handler(request, *args, **kwargs)
  File "C:\Users\tarlo\Desktop\Code\DJANGO\instamiligram\chat\views.py", line 31, in get
    _messages = Message.objects.filter(sender=u_target).filter(
TypeError: unsupported operand type(s) for +: 'QuerySet' and 'QuerySet'
2021-11-12 18:15:03,819 django.utils.autoreload INFO     C:\Users\tarlo\Desktop\Code\DJANGO\instamiligram\chat\views.py changed, reloading.
2021-11-12 18:15:04,806 django.utils.autoreload INFO     Watching for file changes with StatReloader
2021-11-12 18:15:09,223 django.request ERROR    Internal Server Error: /chat/koji
Traceback (most recent call last):
  File "C:\Users\tarlo\Desktop\Code\DJANGO\instamiligram\venv\lib\site-packages\django\core\handlers\exception.py", line 47, in inner
    response = get_response(request)
  File "C:\Users\tarlo\Desktop\Code\DJANGO\instamiligram\venv\lib\site-packages\django\core\handlers\base.py", line 181, in _get_response
    response = wrapped_callback(request, *callback_args, **callback_kwargs)
  File "C:\Users\tarlo\Desktop\Code\DJANGO\instamiligram\venv\lib\site-packages\django\views\generic\base.py", line 70, in view
    return self.dispatch(request, *args, **kwargs)
  File "C:\Users\tarlo\Desktop\Code\DJANGO\instamiligram\venv\lib\site-packages\django\views\generic\base.py", line 98, in dispatch
    return handler(request, *args, **kwargs)
  File "C:\Users\tarlo\Desktop\Code\DJANGO\instamiligram\chat\views.py", line 31, in get
    _messages = Message.objects.filter(sender=u_target).filter(
TypeError: update() takes 1 positional argument but 2 were given
2021-11-12 18:16:03,835 django.utils.autoreload INFO     C:\Users\tarlo\Desktop\Code\DJANGO\instamiligram\chat\views.py changed, reloading.
2021-11-12 18:16:04,482 django.utils.autoreload INFO     Watching for file changes with StatReloader
2021-11-12 18:16:09,032 django.utils.autoreload INFO     C:\Users\tarlo\Desktop\Code\DJANGO\instamiligram\chat\views.py changed, reloading.
2021-11-12 18:16:09,638 django.utils.autoreload INFO     Watching for file changes with StatReloader
2021-11-12 18:16:10,552 django.request ERROR    Internal Server Error: /chat/koji
Traceback (most recent call last):
  File "C:\Users\tarlo\Desktop\Code\DJANGO\instamiligram\venv\lib\site-packages\django\core\handlers\exception.py", line 47, in inner
    response = get_response(request)
  File "C:\Users\tarlo\Desktop\Code\DJANGO\instamiligram\venv\lib\site-packages\django\core\handlers\base.py", line 181, in _get_response
    response = wrapped_callback(request, *callback_args, **callback_kwargs)
  File "C:\Users\tarlo\Desktop\Code\DJANGO\instamiligram\venv\lib\site-packages\django\views\generic\base.py", line 70, in view
    return self.dispatch(request, *args, **kwargs)
  File "C:\Users\tarlo\Desktop\Code\DJANGO\instamiligram\venv\lib\site-packages\django\views\generic\base.py", line 98, in dispatch
    return handler(request, *args, **kwargs)
  File "C:\Users\tarlo\Desktop\Code\DJANGO\instamiligram\chat\views.py", line 31, in get
    _messages = Message.objects.filter(sender=u_target).filter(
TypeError: raw() missing 1 required positional argument: 'raw_query'
2021-11-12 18:17:39,521 django.utils.autoreload INFO     C:\Users\tarlo\Desktop\Code\DJANGO\instamiligram\chat\views.py changed, reloading.
2021-11-12 18:17:40,107 django.utils.autoreload INFO     Watching for file changes with StatReloader
2021-11-12 18:18:11,814 django.utils.autoreload INFO     C:\Users\tarlo\Desktop\Code\DJANGO\instamiligram\chat\views.py changed, reloading.
2021-11-12 18:18:12,344 django.utils.autoreload INFO     Watching for file changes with StatReloader
2021-11-12 18:18:15,823 django.utils.autoreload INFO     C:\Users\tarlo\Desktop\Code\DJANGO\instamiligram\chat\views.py changed, reloading.
2021-11-12 18:18:16,377 django.utils.autoreload INFO     Watching for file changes with StatReloader
2021-11-12 18:19:33,591 django.utils.autoreload INFO     C:\Users\tarlo\Desktop\Code\DJANGO\instamiligram\chat\views.py changed, reloading.
2021-11-12 18:19:34,267 django.utils.autoreload INFO     Watching for file changes with StatReloader
2021-11-12 18:19:44,016 django.utils.autoreload INFO     C:\Users\tarlo\Desktop\Code\DJANGO\instamiligram\chat\views.py changed, reloading.
2021-11-12 18:19:44,552 django.utils.autoreload INFO     Watching for file changes with StatReloader
2021-11-12 18:19:58,553 django.utils.autoreload INFO     C:\Users\tarlo\Desktop\Code\DJANGO\instamiligram\chat\views.py changed, reloading.
2021-11-12 18:19:59,091 django.utils.autoreload INFO     Watching for file changes with StatReloader
2021-11-12 18:20:59,724 django.utils.autoreload INFO     C:\Users\tarlo\Desktop\Code\DJANGO\instamiligram\chat\views.py changed, reloading.
2021-11-12 18:21:00,320 django.utils.autoreload INFO     Watching for file changes with StatReloader
2021-11-12 18:22:47,096 django.request WARNING  Not Found: /chas
2021-11-12 18:24:33,498 django.utils.autoreload INFO     C:\Users\tarlo\Desktop\Code\DJANGO\instamiligram\chat\views.py changed, reloading.
2021-11-12 18:24:34,076 django.utils.autoreload INFO     Watching for file changes with StatReloader
2021-11-12 18:24:37,539 django.utils.autoreload INFO     C:\Users\tarlo\Desktop\Code\DJANGO\instamiligram\chat\views.py changed, reloading.
2021-11-12 18:24:38,096 django.utils.autoreload INFO     Watching for file changes with StatReloader
2021-11-12 18:24:39,561 django.utils.autoreload INFO     C:\Users\tarlo\Desktop\Code\DJANGO\instamiligram\chat\views.py changed, reloading.
2021-11-12 18:24:40,203 django.utils.autoreload INFO     Watching for file changes with StatReloader
2021-11-12 18:24:42,258 django.request ERROR    Internal Server Error: /chat/koji
Traceback (most recent call last):
  File "C:\Users\tarlo\Desktop\Code\DJANGO\instamiligram\venv\lib\site-packages\django\core\handlers\exception.py", line 47, in inner
    response = get_response(request)
  File "C:\Users\tarlo\Desktop\Code\DJANGO\instamiligram\venv\lib\site-packages\django\core\handlers\base.py", line 181, in _get_response
    response = wrapped_callback(request, *callback_args, **callback_kwargs)
  File "C:\Users\tarlo\Desktop\Code\DJANGO\instamiligram\venv\lib\site-packages\django\views\generic\base.py", line 70, in view
    return self.dispatch(request, *args, **kwargs)
  File "C:\Users\tarlo\Desktop\Code\DJANGO\instamiligram\venv\lib\site-packages\django\views\generic\base.py", line 98, in dispatch
    return handler(request, *args, **kwargs)
  File "C:\Users\tarlo\Desktop\Code\DJANGO\instamiligram\chat\views.py", line 40, in get
    'msgs': _messages + _messages2
TypeError: unsupported operand type(s) for +: 'QuerySet' and 'QuerySet'
2021-11-12 18:24:51,132 django.utils.autoreload INFO     C:\Users\tarlo\Desktop\Code\DJANGO\instamiligram\chat\views.py changed, reloading.
2021-11-12 18:24:51,629 django.utils.autoreload INFO     Watching for file changes with StatReloader
2021-11-12 22:11:27,204 django.utils.autoreload INFO     Watching for file changes with StatReloader
2021-11-12 22:11:48,115 django.utils.autoreload INFO     Watching for file changes with StatReloader
2021-11-12 22:11:50,627 django.request WARNING  Not Found: /favicon.ico
2021-11-12 22:13:10,971 django.utils.autoreload INFO     C:\Users\tarlo\Desktop\Code\Python\instamiligram\chat\forms.py changed, reloading.
2021-11-12 22:13:11,310 django.utils.autoreload INFO     Watching for file changes with StatReloader
2021-11-12 22:13:12,461 django.utils.autoreload INFO     C:\Users\tarlo\Desktop\Code\Python\instamiligram\chat\forms.py changed, reloading.
2021-11-12 22:13:12,804 django.utils.autoreload INFO     Watching for file changes with StatReloader
2021-11-12 22:14:46,721 django.utils.autoreload INFO     C:\Users\tarlo\Desktop\Code\Python\instamiligram\chat\forms.py changed, reloading.
2021-11-12 22:14:47,084 django.utils.autoreload INFO     Watching for file changes with StatReloader
2021-11-12 22:18:37,284 django.utils.autoreload INFO     Watching for file changes with StatReloader
2021-11-12 22:20:19,460 django.utils.autoreload INFO     C:\Users\tarlo\Desktop\Code\Python\instamiligram\chat\forms.py changed, reloading.
2021-11-12 22:20:19,800 django.utils.autoreload INFO     Watching for file changes with StatReloader
2021-11-12 22:20:44,538 django.utils.autoreload INFO     Watching for file changes with StatReloader
2021-11-12 22:21:00,248 django.utils.autoreload INFO     C:\Users\tarlo\Desktop\Code\Python\instamiligram\chat\forms.py changed, reloading.
2021-11-12 22:21:00,602 django.utils.autoreload INFO     Watching for file changes with StatReloader
2021-11-12 22:21:14,376 django.utils.autoreload INFO     C:\Users\tarlo\Desktop\Code\Python\instamiligram\chat\forms.py changed, reloading.
2021-11-12 22:21:14,749 django.utils.autoreload INFO     Watching for file changes with StatReloader
2021-11-12 22:21:18,132 django.security.csrf WARNING  Forbidden (CSRF token missing or incorrect.): /chat/koji1
2021-11-12 22:22:14,657 django.utils.autoreload INFO     Watching for file changes with StatReloader
2021-11-12 22:25:57,060 django.request ERROR    Internal Server Error: /profile/a
Traceback (most recent call last):
  File "C:\Users\tarlo\AppData\Local\Programs\Python\Python39\lib\site-packages\django\template\base.py", line 470, in parse
    compile_func = self.tags[command]
KeyError: 'get_user_posts'

During handling of the above exception, another exception occurred:

Traceback (most recent call last):
  File "C:\Users\tarlo\AppData\Local\Programs\Python\Python39\lib\site-packages\django\core\handlers\exception.py", line 47, in inner
    response = get_response(request)
  File "C:\Users\tarlo\AppData\Local\Programs\Python\Python39\lib\site-packages\django\core\handlers\base.py", line 181, in _get_response
    response = wrapped_callback(request, *callback_args, **callback_kwargs)
  File "C:\Users\tarlo\AppData\Local\Programs\Python\Python39\lib\site-packages\django\views\generic\base.py", line 70, in view
    return self.dispatch(request, *args, **kwargs)
  File "C:\Users\tarlo\AppData\Local\Programs\Python\Python39\lib\site-packages\django\views\generic\base.py", line 98, in dispatch
    return handler(request, *args, **kwargs)
  File "C:\Users\tarlo\Desktop\Code\Python\instamiligram\users\views.py", line 108, in get
    return render(request, "users/profile.html", {"user": User.objects.filter(username=username).first()})
  File "C:\Users\tarlo\AppData\Local\Programs\Python\Python39\lib\site-packages\django\shortcuts.py", line 19, in render
    content = loader.render_to_string(template_name, context, request, using=using)
  File "C:\Users\tarlo\AppData\Local\Programs\Python\Python39\lib\site-packages\django\template\loader.py", line 61, in render_to_string
    template = get_template(template_name, using=using)
  File "C:\Users\tarlo\AppData\Local\Programs\Python\Python39\lib\site-packages\django\template\loader.py", line 15, in get_template
    return engine.get_template(template_name)
  File "C:\Users\tarlo\AppData\Local\Programs\Python\Python39\lib\site-packages\django\template\backends\django.py", line 34, in get_template
    return Template(self.engine.get_template(template_name), self)
  File "C:\Users\tarlo\AppData\Local\Programs\Python\Python39\lib\site-packages\django\template\engine.py", line 143, in get_template
    template, origin = self.find_template(template_name)
  File "C:\Users\tarlo\AppData\Local\Programs\Python\Python39\lib\site-packages\django\template\engine.py", line 125, in find_template
    template = loader.get_template(name, skip=skip)
  File "C:\Users\tarlo\AppData\Local\Programs\Python\Python39\lib\site-packages\django\template\loaders\base.py", line 29, in get_template
    return Template(
  File "C:\Users\tarlo\AppData\Local\Programs\Python\Python39\lib\site-packages\django\template\base.py", line 155, in __init__
    self.nodelist = self.compile_nodelist()
  File "C:\Users\tarlo\AppData\Local\Programs\Python\Python39\lib\site-packages\django\template\base.py", line 193, in compile_nodelist
    return parser.parse()
  File "C:\Users\tarlo\AppData\Local\Programs\Python\Python39\lib\site-packages\django\template\base.py", line 478, in parse
    raise self.error(token, e)
  File "C:\Users\tarlo\AppData\Local\Programs\Python\Python39\lib\site-packages\django\template\base.py", line 476, in parse
    compiled_result = compile_func(self, token)
  File "C:\Users\tarlo\AppData\Local\Programs\Python\Python39\lib\site-packages\django\template\loader_tags.py", line 278, in do_extends
    nodelist = parser.parse()
  File "C:\Users\tarlo\AppData\Local\Programs\Python\Python39\lib\site-packages\django\template\base.py", line 472, in parse
    self.invalid_block_tag(token, command, parse_until)
  File "C:\Users\tarlo\AppData\Local\Programs\Python\Python39\lib\site-packages\django\template\base.py", line 531, in invalid_block_tag
    raise self.error(
django.template.exceptions.TemplateSyntaxError: Invalid block tag on line 3: 'get_user_posts'. Did you forget to register or load this tag?
2021-11-12 22:26:19,696 django.request ERROR    Internal Server Error: /profile/a
Traceback (most recent call last):
  File "C:\Users\tarlo\AppData\Local\Programs\Python\Python39\lib\site-packages\django\template\base.py", line 470, in parse
    compile_func = self.tags[command]
KeyError: 'get_user_posts'

During handling of the above exception, another exception occurred:

Traceback (most recent call last):
  File "C:\Users\tarlo\AppData\Local\Programs\Python\Python39\lib\site-packages\django\core\handlers\exception.py", line 47, in inner
    response = get_response(request)
  File "C:\Users\tarlo\AppData\Local\Programs\Python\Python39\lib\site-packages\django\core\handlers\base.py", line 181, in _get_response
    response = wrapped_callback(request, *callback_args, **callback_kwargs)
  File "C:\Users\tarlo\AppData\Local\Programs\Python\Python39\lib\site-packages\django\views\generic\base.py", line 70, in view
    return self.dispatch(request, *args, **kwargs)
  File "C:\Users\tarlo\AppData\Local\Programs\Python\Python39\lib\site-packages\django\views\generic\base.py", line 98, in dispatch
    return handler(request, *args, **kwargs)
  File "C:\Users\tarlo\Desktop\Code\Python\instamiligram\users\views.py", line 108, in get
    return render(request, "users/profile.html", {"user": User.objects.filter(username=username).first()})
  File "C:\Users\tarlo\AppData\Local\Programs\Python\Python39\lib\site-packages\django\shortcuts.py", line 19, in render
    content = loader.render_to_string(template_name, context, request, using=using)
  File "C:\Users\tarlo\AppData\Local\Programs\Python\Python39\lib\site-packages\django\template\loader.py", line 61, in render_to_string
    template = get_template(template_name, using=using)
  File "C:\Users\tarlo\AppData\Local\Programs\Python\Python39\lib\site-packages\django\template\loader.py", line 15, in get_template
    return engine.get_template(template_name)
  File "C:\Users\tarlo\AppData\Local\Programs\Python\Python39\lib\site-packages\django\template\backends\django.py", line 34, in get_template
    return Template(self.engine.get_template(template_name), self)
  File "C:\Users\tarlo\AppData\Local\Programs\Python\Python39\lib\site-packages\django\template\engine.py", line 143, in get_template
    template, origin = self.find_template(template_name)
  File "C:\Users\tarlo\AppData\Local\Programs\Python\Python39\lib\site-packages\django\template\engine.py", line 125, in find_template
    template = loader.get_template(name, skip=skip)
  File "C:\Users\tarlo\AppData\Local\Programs\Python\Python39\lib\site-packages\django\template\loaders\base.py", line 29, in get_template
    return Template(
  File "C:\Users\tarlo\AppData\Local\Programs\Python\Python39\lib\site-packages\django\template\base.py", line 155, in __init__
    self.nodelist = self.compile_nodelist()
  File "C:\Users\tarlo\AppData\Local\Programs\Python\Python39\lib\site-packages\django\template\base.py", line 193, in compile_nodelist
    return parser.parse()
  File "C:\Users\tarlo\AppData\Local\Programs\Python\Python39\lib\site-packages\django\template\base.py", line 478, in parse
    raise self.error(token, e)
  File "C:\Users\tarlo\AppData\Local\Programs\Python\Python39\lib\site-packages\django\template\base.py", line 476, in parse
    compiled_result = compile_func(self, token)
  File "C:\Users\tarlo\AppData\Local\Programs\Python\Python39\lib\site-packages\django\template\loader_tags.py", line 278, in do_extends
    nodelist = parser.parse()
  File "C:\Users\tarlo\AppData\Local\Programs\Python\Python39\lib\site-packages\django\template\base.py", line 472, in parse
    self.invalid_block_tag(token, command, parse_until)
  File "C:\Users\tarlo\AppData\Local\Programs\Python\Python39\lib\site-packages\django\template\base.py", line 531, in invalid_block_tag
    raise self.error(
django.template.exceptions.TemplateSyntaxError: Invalid block tag on line 3: 'get_user_posts'. Did you forget to register or load this tag?
2021-11-12 22:26:59,897 django.utils.autoreload INFO     Watching for file changes with StatReloader
2021-11-12 22:27:00,807 django.request ERROR    Internal Server Error: /profile/a
Traceback (most recent call last):
  File "C:\Users\tarlo\AppData\Local\Programs\Python\Python39\lib\site-packages\django\template\base.py", line 470, in parse
    compile_func = self.tags[command]
KeyError: 'get_user_posts'

During handling of the above exception, another exception occurred:

Traceback (most recent call last):
  File "C:\Users\tarlo\AppData\Local\Programs\Python\Python39\lib\site-packages\django\core\handlers\exception.py", line 47, in inner
    response = get_response(request)
  File "C:\Users\tarlo\AppData\Local\Programs\Python\Python39\lib\site-packages\django\core\handlers\base.py", line 181, in _get_response
    response = wrapped_callback(request, *callback_args, **callback_kwargs)
  File "C:\Users\tarlo\AppData\Local\Programs\Python\Python39\lib\site-packages\django\views\generic\base.py", line 70, in view
    return self.dispatch(request, *args, **kwargs)
  File "C:\Users\tarlo\AppData\Local\Programs\Python\Python39\lib\site-packages\django\views\generic\base.py", line 98, in dispatch
    return handler(request, *args, **kwargs)
  File "C:\Users\tarlo\Desktop\Code\Python\instamiligram\users\views.py", line 108, in get
    return render(request, "users/profile.html", {"user": User.objects.filter(username=username).first()})
  File "C:\Users\tarlo\AppData\Local\Programs\Python\Python39\lib\site-packages\django\shortcuts.py", line 19, in render
    content = loader.render_to_string(template_name, context, request, using=using)
  File "C:\Users\tarlo\AppData\Local\Programs\Python\Python39\lib\site-packages\django\template\loader.py", line 61, in render_to_string
    template = get_template(template_name, using=using)
  File "C:\Users\tarlo\AppData\Local\Programs\Python\Python39\lib\site-packages\django\template\loader.py", line 15, in get_template
    return engine.get_template(template_name)
  File "C:\Users\tarlo\AppData\Local\Programs\Python\Python39\lib\site-packages\django\template\backends\django.py", line 34, in get_template
    return Template(self.engine.get_template(template_name), self)
  File "C:\Users\tarlo\AppData\Local\Programs\Python\Python39\lib\site-packages\django\template\engine.py", line 143, in get_template
    template, origin = self.find_template(template_name)
  File "C:\Users\tarlo\AppData\Local\Programs\Python\Python39\lib\site-packages\django\template\engine.py", line 125, in find_template
    template = loader.get_template(name, skip=skip)
  File "C:\Users\tarlo\AppData\Local\Programs\Python\Python39\lib\site-packages\django\template\loaders\base.py", line 29, in get_template
    return Template(
  File "C:\Users\tarlo\AppData\Local\Programs\Python\Python39\lib\site-packages\django\template\base.py", line 155, in __init__
    self.nodelist = self.compile_nodelist()
  File "C:\Users\tarlo\AppData\Local\Programs\Python\Python39\lib\site-packages\django\template\base.py", line 193, in compile_nodelist
    return parser.parse()
  File "C:\Users\tarlo\AppData\Local\Programs\Python\Python39\lib\site-packages\django\template\base.py", line 478, in parse
    raise self.error(token, e)
  File "C:\Users\tarlo\AppData\Local\Programs\Python\Python39\lib\site-packages\django\template\base.py", line 476, in parse
    compiled_result = compile_func(self, token)
  File "C:\Users\tarlo\AppData\Local\Programs\Python\Python39\lib\site-packages\django\template\loader_tags.py", line 278, in do_extends
    nodelist = parser.parse()
  File "C:\Users\tarlo\AppData\Local\Programs\Python\Python39\lib\site-packages\django\template\base.py", line 472, in parse
    self.invalid_block_tag(token, command, parse_until)
  File "C:\Users\tarlo\AppData\Local\Programs\Python\Python39\lib\site-packages\django\template\base.py", line 531, in invalid_block_tag
    raise self.error(
django.template.exceptions.TemplateSyntaxError: Invalid block tag on line 5: 'get_user_posts'. Did you forget to register or load this tag?
2021-11-12 22:27:34,260 django.utils.autoreload INFO     Watching for file changes with StatReloader
2021-11-12 22:27:35,716 django.request ERROR    Internal Server Error: /profile/a
Traceback (most recent call last):
  File "C:\Users\tarlo\AppData\Local\Programs\Python\Python39\lib\site-packages\django\template\base.py", line 470, in parse
    compile_func = self.tags[command]
KeyError: 'get_user_posts'

During handling of the above exception, another exception occurred:

Traceback (most recent call last):
  File "C:\Users\tarlo\AppData\Local\Programs\Python\Python39\lib\site-packages\django\core\handlers\exception.py", line 47, in inner
    response = get_response(request)
  File "C:\Users\tarlo\AppData\Local\Programs\Python\Python39\lib\site-packages\django\core\handlers\base.py", line 181, in _get_response
    response = wrapped_callback(request, *callback_args, **callback_kwargs)
  File "C:\Users\tarlo\AppData\Local\Programs\Python\Python39\lib\site-packages\django\views\generic\base.py", line 70, in view
    return self.dispatch(request, *args, **kwargs)
  File "C:\Users\tarlo\AppData\Local\Programs\Python\Python39\lib\site-packages\django\views\generic\base.py", line 98, in dispatch
    return handler(request, *args, **kwargs)
  File "C:\Users\tarlo\Desktop\Code\Python\instamiligram\users\views.py", line 108, in get
    return render(request, "users/profile.html", {"user": User.objects.filter(username=username).first()})
  File "C:\Users\tarlo\AppData\Local\Programs\Python\Python39\lib\site-packages\django\shortcuts.py", line 19, in render
    content = loader.render_to_string(template_name, context, request, using=using)
  File "C:\Users\tarlo\AppData\Local\Programs\Python\Python39\lib\site-packages\django\template\loader.py", line 61, in render_to_string
    template = get_template(template_name, using=using)
  File "C:\Users\tarlo\AppData\Local\Programs\Python\Python39\lib\site-packages\django\template\loader.py", line 15, in get_template
    return engine.get_template(template_name)
  File "C:\Users\tarlo\AppData\Local\Programs\Python\Python39\lib\site-packages\django\template\backends\django.py", line 34, in get_template
    return Template(self.engine.get_template(template_name), self)
  File "C:\Users\tarlo\AppData\Local\Programs\Python\Python39\lib\site-packages\django\template\engine.py", line 143, in get_template
    template, origin = self.find_template(template_name)
  File "C:\Users\tarlo\AppData\Local\Programs\Python\Python39\lib\site-packages\django\template\engine.py", line 125, in find_template
    template = loader.get_template(name, skip=skip)
  File "C:\Users\tarlo\AppData\Local\Programs\Python\Python39\lib\site-packages\django\template\loaders\base.py", line 29, in get_template
    return Template(
  File "C:\Users\tarlo\AppData\Local\Programs\Python\Python39\lib\site-packages\django\template\base.py", line 155, in __init__
    self.nodelist = self.compile_nodelist()
  File "C:\Users\tarlo\AppData\Local\Programs\Python\Python39\lib\site-packages\django\template\base.py", line 193, in compile_nodelist
    return parser.parse()
  File "C:\Users\tarlo\AppData\Local\Programs\Python\Python39\lib\site-packages\django\template\base.py", line 478, in parse
    raise self.error(token, e)
  File "C:\Users\tarlo\AppData\Local\Programs\Python\Python39\lib\site-packages\django\template\base.py", line 476, in parse
    compiled_result = compile_func(self, token)
  File "C:\Users\tarlo\AppData\Local\Programs\Python\Python39\lib\site-packages\django\template\loader_tags.py", line 278, in do_extends
    nodelist = parser.parse()
  File "C:\Users\tarlo\AppData\Local\Programs\Python\Python39\lib\site-packages\django\template\base.py", line 472, in parse
    self.invalid_block_tag(token, command, parse_until)
  File "C:\Users\tarlo\AppData\Local\Programs\Python\Python39\lib\site-packages\django\template\base.py", line 531, in invalid_block_tag
    raise self.error(
django.template.exceptions.TemplateSyntaxError: Invalid block tag on line 7: 'get_user_posts'. Did you forget to register or load this tag?
2021-11-12 22:30:16,392 django.utils.autoreload INFO     Watching for file changes with StatReloader
2021-11-12 22:38:14,551 django.utils.autoreload INFO     C:\Users\tarlo\Desktop\Code\Python\instamiligram\chat\views.py changed, reloading.
2021-11-12 22:38:14,895 django.utils.autoreload INFO     Watching for file changes with StatReloader
2021-11-12 22:38:53,196 django.utils.autoreload INFO     C:\Users\tarlo\Desktop\Code\Python\instamiligram\chat\views.py changed, reloading.
2021-11-12 22:38:53,532 django.utils.autoreload INFO     Watching for file changes with StatReloader
2021-11-12 22:38:55,833 django.utils.autoreload INFO     C:\Users\tarlo\Desktop\Code\Python\instamiligram\chat\views.py changed, reloading.
2021-11-12 22:38:56,177 django.utils.autoreload INFO     Watching for file changes with StatReloader
2021-11-12 22:39:00,524 django.utils.autoreload INFO     C:\Users\tarlo\Desktop\Code\Python\instamiligram\chat\views.py changed, reloading.
2021-11-12 22:39:00,865 django.utils.autoreload INFO     Watching for file changes with StatReloader
2021-11-12 22:39:02,129 django.utils.autoreload INFO     C:\Users\tarlo\Desktop\Code\Python\instamiligram\chat\views.py changed, reloading.
2021-11-12 22:39:02,460 django.utils.autoreload INFO     Watching for file changes with StatReloader
2021-11-12 22:39:12,924 django.request ERROR    Internal Server Error: /chat/koji
Traceback (most recent call last):
  File "C:\Users\tarlo\AppData\Local\Programs\Python\Python39\lib\site-packages\django\core\handlers\exception.py", line 47, in inner
    response = get_response(request)
  File "C:\Users\tarlo\AppData\Local\Programs\Python\Python39\lib\site-packages\django\core\handlers\base.py", line 181, in _get_response
    response = wrapped_callback(request, *callback_args, **callback_kwargs)
  File "C:\Users\tarlo\AppData\Local\Programs\Python\Python39\lib\site-packages\django\views\generic\base.py", line 70, in view
    return self.dispatch(request, *args, **kwargs)
  File "C:\Users\tarlo\AppData\Local\Programs\Python\Python39\lib\site-packages\django\views\generic\base.py", line 98, in dispatch
    return handler(request, *args, **kwargs)
  File "C:\Users\tarlo\Desktop\Code\Python\instamiligram\chat\views.py", line 40, in get
    return render(request, 'chat/chat-dialog.html', context={
  File "C:\Users\tarlo\AppData\Local\Programs\Python\Python39\lib\site-packages\django\shortcuts.py", line 19, in render
    content = loader.render_to_string(template_name, context, request, using=using)
  File "C:\Users\tarlo\AppData\Local\Programs\Python\Python39\lib\site-packages\django\template\loader.py", line 62, in render_to_string
    return template.render(context, request)
  File "C:\Users\tarlo\AppData\Local\Programs\Python\Python39\lib\site-packages\django\template\backends\django.py", line 61, in render
    return self.template.render(context)
  File "C:\Users\tarlo\AppData\Local\Programs\Python\Python39\lib\site-packages\django\template\base.py", line 170, in render
    return self._render(context)
  File "C:\Users\tarlo\AppData\Local\Programs\Python\Python39\lib\site-packages\django\template\base.py", line 162, in _render
    return self.nodelist.render(context)
  File "C:\Users\tarlo\AppData\Local\Programs\Python\Python39\lib\site-packages\django\template\base.py", line 938, in render
    bit = node.render_annotated(context)
  File "C:\Users\tarlo\AppData\Local\Programs\Python\Python39\lib\site-packages\django\template\base.py", line 905, in render_annotated
    return self.render(context)
  File "C:\Users\tarlo\AppData\Local\Programs\Python\Python39\lib\site-packages\django\template\loader_tags.py", line 150, in render
    return compiled_parent._render(context)
  File "C:\Users\tarlo\AppData\Local\Programs\Python\Python39\lib\site-packages\django\template\base.py", line 162, in _render
    return self.nodelist.render(context)
  File "C:\Users\tarlo\AppData\Local\Programs\Python\Python39\lib\site-packages\django\template\base.py", line 938, in render
    bit = node.render_annotated(context)
  File "C:\Users\tarlo\AppData\Local\Programs\Python\Python39\lib\site-packages\django\template\base.py", line 905, in render_annotated
    return self.render(context)
  File "C:\Users\tarlo\AppData\Local\Programs\Python\Python39\lib\site-packages\django\template\loader_tags.py", line 62, in render
    result = block.nodelist.render(context)
  File "C:\Users\tarlo\AppData\Local\Programs\Python\Python39\lib\site-packages\django\template\base.py", line 938, in render
    bit = node.render_annotated(context)
  File "C:\Users\tarlo\AppData\Local\Programs\Python\Python39\lib\site-packages\django\template\base.py", line 905, in render_annotated
    return self.render(context)
  File "C:\Users\tarlo\AppData\Local\Programs\Python\Python39\lib\site-packages\django\template\defaulttags.py", line 446, in render
    url = reverse(view_name, args=args, kwargs=kwargs, current_app=current_app)
  File "C:\Users\tarlo\AppData\Local\Programs\Python\Python39\lib\site-packages\django\urls\base.py", line 86, in reverse
    return resolver._reverse_with_prefix(view, prefix, *args, **kwargs)
  File "C:\Users\tarlo\AppData\Local\Programs\Python\Python39\lib\site-packages\django\urls\resolvers.py", line 694, in _reverse_with_prefix
    raise NoReverseMatch(msg)
django.urls.exceptions.NoReverseMatch: Reverse for 'send_message' not found. 'send_message' is not a valid view function or pattern name.
2021-11-12 22:39:47,089 django.utils.autoreload INFO     C:\Users\tarlo\Desktop\Code\Python\instamiligram\chat\urls.py changed, reloading.
2021-11-12 22:39:47,444 django.utils.autoreload INFO     Watching for file changes with StatReloader
2021-11-12 22:40:54,692 django.utils.autoreload INFO     Watching for file changes with StatReloader
2021-11-12 22:41:13,153 django.utils.autoreload INFO     Watching for file changes with StatReloader
2021-11-12 22:41:15,886 django.request WARNING  Method Not Allowed (POST): /chat/sendmsg
2021-11-12 22:41:15,887 django.request WARNING  Method Not Allowed: /chat/sendmsg
2021-11-12 22:44:23,987 django.utils.autoreload INFO     C:\Users\tarlo\Desktop\Code\Python\instamiligram\chat\views.py changed, reloading.
2021-11-12 22:44:24,326 django.utils.autoreload INFO     Watching for file changes with StatReloader
2021-11-12 22:44:28,183 django.request WARNING  Method Not Allowed (POST): /chat/sendmsg
2021-11-12 22:44:28,184 django.request WARNING  Method Not Allowed: /chat/sendmsg
2021-11-12 22:46:42,723 django.utils.autoreload INFO     C:\Users\tarlo\Desktop\Code\Python\instamiligram\chat\views.py changed, reloading.
2021-11-12 22:46:43,090 django.utils.autoreload INFO     Watching for file changes with StatReloader
2021-11-12 22:46:48,339 django.utils.autoreload INFO     C:\Users\tarlo\Desktop\Code\Python\instamiligram\chat\urls.py changed, reloading.
2021-11-12 22:46:48,677 django.utils.autoreload INFO     Watching for file changes with StatReloader
2021-11-12 22:46:53,942 django.utils.autoreload INFO     C:\Users\tarlo\Desktop\Code\Python\instamiligram\chat\urls.py changed, reloading.
2021-11-12 22:46:54,287 django.utils.autoreload INFO     Watching for file changes with StatReloader
2021-11-12 22:47:05,192 django.request WARNING  Method Not Allowed (POST): /chat/sendmsg
2021-11-12 22:47:05,192 django.request WARNING  Method Not Allowed: /chat/sendmsg
2021-11-12 22:47:24,479 django.utils.autoreload INFO     C:\Users\tarlo\Desktop\Code\Python\instamiligram\chat\views.py changed, reloading.
2021-11-12 22:47:24,812 django.utils.autoreload INFO     Watching for file changes with StatReloader
2021-11-12 22:47:28,475 django.request ERROR    Internal Server Error: /chat/sendmsg
Traceback (most recent call last):
  File "C:\Users\tarlo\AppData\Local\Programs\Python\Python39\lib\site-packages\django\core\handlers\exception.py", line 47, in inner
    response = get_response(request)
  File "C:\Users\tarlo\AppData\Local\Programs\Python\Python39\lib\site-packages\django\core\handlers\base.py", line 181, in _get_response
    response = wrapped_callback(request, *callback_args, **callback_kwargs)
  File "C:\Users\tarlo\AppData\Local\Programs\Python\Python39\lib\site-packages\django\views\generic\base.py", line 70, in view
    return self.dispatch(request, *args, **kwargs)
  File "C:\Users\tarlo\AppData\Local\Programs\Python\Python39\lib\site-packages\django\contrib\auth\mixins.py", line 71, in dispatch
    return super().dispatch(request, *args, **kwargs)
  File "C:\Users\tarlo\AppData\Local\Programs\Python\Python39\lib\site-packages\django\views\generic\base.py", line 98, in dispatch
    return handler(request, *args, **kwargs)
TypeError: post() got an unexpected keyword argument 'username'
2021-11-12 22:47:34,420 django.utils.autoreload INFO     C:\Users\tarlo\Desktop\Code\Python\instamiligram\chat\views.py changed, reloading.
2021-11-12 22:47:34,753 django.utils.autoreload INFO     Watching for file changes with StatReloader
2021-11-12 22:47:45,295 django.utils.autoreload INFO     C:\Users\tarlo\Desktop\Code\Python\instamiligram\chat\views.py changed, reloading.
2021-11-12 22:47:45,636 django.utils.autoreload INFO     Watching for file changes with StatReloader
2021-11-12 22:47:48,844 django.utils.autoreload INFO     C:\Users\tarlo\Desktop\Code\Python\instamiligram\chat\urls.py changed, reloading.
2021-11-12 22:47:49,174 django.utils.autoreload INFO     Watching for file changes with StatReloader
2021-11-12 22:49:43,814 django.utils.autoreload INFO     C:\Users\tarlo\Desktop\Code\Python\instamiligram\chat\views.py changed, reloading.
2021-11-12 22:49:44,165 django.utils.autoreload INFO     Watching for file changes with StatReloader
2021-11-12 22:49:53,119 django.security.csrf WARNING  Forbidden (CSRF token missing or incorrect.): /chat/sendmsg
2021-11-12 22:51:47,230 django.utils.autoreload INFO     C:\Users\tarlo\Desktop\Code\Python\instamiligram\chat\views.py changed, reloading.
2021-11-12 22:51:47,592 django.utils.autoreload INFO     Watching for file changes with StatReloader
2021-11-12 22:55:34,120 django.request WARNING  Method Not Allowed (POST): /chat/koji
2021-11-12 22:55:34,120 django.request WARNING  Method Not Allowed: /chat/koji
2021-11-12 22:56:29,136 django.utils.autoreload INFO     C:\Users\tarlo\Desktop\Code\Python\instamiligram\chat\views.py changed, reloading.
2021-11-12 22:56:29,468 django.utils.autoreload INFO     Watching for file changes with StatReloader
2021-11-12 22:57:56,952 django.utils.autoreload INFO     Watching for file changes with StatReloader
2021-11-12 22:57:58,476 django.request ERROR    Internal Server Error: /chat/koji
Traceback (most recent call last):
  File "C:\Users\tarlo\AppData\Local\Programs\Python\Python39\lib\site-packages\django\core\handlers\exception.py", line 47, in inner
    response = get_response(request)
  File "C:\Users\tarlo\AppData\Local\Programs\Python\Python39\lib\site-packages\django\core\handlers\base.py", line 181, in _get_response
    response = wrapped_callback(request, *callback_args, **callback_kwargs)
  File "C:\Users\tarlo\AppData\Local\Programs\Python\Python39\lib\site-packages\django\views\generic\base.py", line 70, in view
    return self.dispatch(request, *args, **kwargs)
  File "C:\Users\tarlo\AppData\Local\Programs\Python\Python39\lib\site-packages\django\contrib\auth\mixins.py", line 71, in dispatch
    return super().dispatch(request, *args, **kwargs)
  File "C:\Users\tarlo\AppData\Local\Programs\Python\Python39\lib\site-packages\django\views\generic\base.py", line 98, in dispatch
    return handler(request, *args, **kwargs)
  File "C:\Users\tarlo\Desktop\Code\Python\instamiligram\chat\views.py", line 41, in get
    return render(request, 'chat/chat-dialog.html', context={
  File "C:\Users\tarlo\AppData\Local\Programs\Python\Python39\lib\site-packages\django\shortcuts.py", line 19, in render
    content = loader.render_to_string(template_name, context, request, using=using)
  File "C:\Users\tarlo\AppData\Local\Programs\Python\Python39\lib\site-packages\django\template\loader.py", line 62, in render_to_string
    return template.render(context, request)
  File "C:\Users\tarlo\AppData\Local\Programs\Python\Python39\lib\site-packages\django\template\backends\django.py", line 61, in render
    return self.template.render(context)
  File "C:\Users\tarlo\AppData\Local\Programs\Python\Python39\lib\site-packages\django\template\base.py", line 170, in render
    return self._render(context)
  File "C:\Users\tarlo\AppData\Local\Programs\Python\Python39\lib\site-packages\django\template\base.py", line 162, in _render
    return self.nodelist.render(context)
  File "C:\Users\tarlo\AppData\Local\Programs\Python\Python39\lib\site-packages\django\template\base.py", line 938, in render
    bit = node.render_annotated(context)
  File "C:\Users\tarlo\AppData\Local\Programs\Python\Python39\lib\site-packages\django\template\base.py", line 905, in render_annotated
    return self.render(context)
  File "C:\Users\tarlo\AppData\Local\Programs\Python\Python39\lib\site-packages\django\template\loader_tags.py", line 150, in render
    return compiled_parent._render(context)
  File "C:\Users\tarlo\AppData\Local\Programs\Python\Python39\lib\site-packages\django\template\base.py", line 162, in _render
    return self.nodelist.render(context)
  File "C:\Users\tarlo\AppData\Local\Programs\Python\Python39\lib\site-packages\django\template\base.py", line 938, in render
    bit = node.render_annotated(context)
  File "C:\Users\tarlo\AppData\Local\Programs\Python\Python39\lib\site-packages\django\template\base.py", line 905, in render_annotated
    return self.render(context)
  File "C:\Users\tarlo\AppData\Local\Programs\Python\Python39\lib\site-packages\django\template\loader_tags.py", line 62, in render
    result = block.nodelist.render(context)
  File "C:\Users\tarlo\AppData\Local\Programs\Python\Python39\lib\site-packages\django\template\base.py", line 938, in render
    bit = node.render_annotated(context)
  File "C:\Users\tarlo\AppData\Local\Programs\Python\Python39\lib\site-packages\django\template\base.py", line 905, in render_annotated
    return self.render(context)
  File "C:\Users\tarlo\AppData\Local\Programs\Python\Python39\lib\site-packages\django\template\defaulttags.py", line 446, in render
    url = reverse(view_name, args=args, kwargs=kwargs, current_app=current_app)
  File "C:\Users\tarlo\AppData\Local\Programs\Python\Python39\lib\site-packages\django\urls\base.py", line 86, in reverse
    return resolver._reverse_with_prefix(view, prefix, *args, **kwargs)
  File "C:\Users\tarlo\AppData\Local\Programs\Python\Python39\lib\site-packages\django\urls\resolvers.py", line 694, in _reverse_with_prefix
    raise NoReverseMatch(msg)
django.urls.exceptions.NoReverseMatch: Reverse for 'send_message' not found. 'send_message' is not a valid view function or pattern name.
2021-11-12 22:58:15,664 django.utils.autoreload INFO     Watching for file changes with StatReloader
2021-11-12 22:58:19,145 django.request ERROR    Internal Server Error: /chat/koji
Traceback (most recent call last):
  File "C:\Users\tarlo\AppData\Local\Programs\Python\Python39\lib\site-packages\django\core\handlers\exception.py", line 47, in inner
    response = get_response(request)
  File "C:\Users\tarlo\AppData\Local\Programs\Python\Python39\lib\site-packages\django\core\handlers\base.py", line 181, in _get_response
    response = wrapped_callback(request, *callback_args, **callback_kwargs)
  File "C:\Users\tarlo\AppData\Local\Programs\Python\Python39\lib\site-packages\django\views\generic\base.py", line 70, in view
    return self.dispatch(request, *args, **kwargs)
  File "C:\Users\tarlo\AppData\Local\Programs\Python\Python39\lib\site-packages\django\contrib\auth\mixins.py", line 71, in dispatch
    return super().dispatch(request, *args, **kwargs)
  File "C:\Users\tarlo\AppData\Local\Programs\Python\Python39\lib\site-packages\django\views\generic\base.py", line 98, in dispatch
    return handler(request, *args, **kwargs)
  File "C:\Users\tarlo\Desktop\Code\Python\instamiligram\chat\views.py", line 49, in post
    target = User.objects.fiter(username=username).first()
AttributeError: 'UserManager' object has no attribute 'fiter'
2021-11-12 22:58:26,242 django.utils.autoreload INFO     C:\Users\tarlo\Desktop\Code\Python\instamiligram\chat\views.py changed, reloading.
2021-11-12 22:58:26,577 django.utils.autoreload INFO     Watching for file changes with StatReloader
2021-11-12 22:58:27,610 django.request ERROR    Internal Server Error: /chat/koji
Traceback (most recent call last):
  File "C:\Users\tarlo\AppData\Local\Programs\Python\Python39\lib\site-packages\django\core\handlers\exception.py", line 47, in inner
    response = get_response(request)
  File "C:\Users\tarlo\AppData\Local\Programs\Python\Python39\lib\site-packages\django\core\handlers\base.py", line 181, in _get_response
    response = wrapped_callback(request, *callback_args, **callback_kwargs)
  File "C:\Users\tarlo\AppData\Local\Programs\Python\Python39\lib\site-packages\django\views\generic\base.py", line 70, in view
    return self.dispatch(request, *args, **kwargs)
  File "C:\Users\tarlo\AppData\Local\Programs\Python\Python39\lib\site-packages\django\contrib\auth\mixins.py", line 71, in dispatch
    return super().dispatch(request, *args, **kwargs)
  File "C:\Users\tarlo\AppData\Local\Programs\Python\Python39\lib\site-packages\django\views\generic\base.py", line 98, in dispatch
    return handler(request, *args, **kwargs)
  File "C:\Users\tarlo\Desktop\Code\Python\instamiligram\chat\views.py", line 53, in post
    return self.get()
TypeError: get() missing 2 required positional arguments: 'request' and 'username'
2021-11-12 22:58:35,050 django.utils.autoreload INFO     C:\Users\tarlo\Desktop\Code\Python\instamiligram\chat\views.py changed, reloading.
2021-11-12 22:58:35,396 django.utils.autoreload INFO     Watching for file changes with StatReloader
2021-11-12 22:59:40,644 django.utils.autoreload INFO     C:\Users\tarlo\Desktop\Code\Python\instamiligram\chat\views.py changed, reloading.
2021-11-12 22:59:40,999 django.utils.autoreload INFO     Watching for file changes with StatReloader
2021-11-12 23:01:13,063 django.utils.autoreload INFO     C:\Users\tarlo\Desktop\Code\Python\instamiligram\chat\views.py changed, reloading.
2021-11-12 23:01:13,397 django.utils.autoreload INFO     Watching for file changes with StatReloader
2021-11-12 23:02:59,869 django.utils.autoreload INFO     C:\Users\tarlo\Desktop\Code\Python\instamiligram\chat\views.py changed, reloading.
2021-11-12 23:03:00,219 django.utils.autoreload INFO     Watching for file changes with StatReloader
2021-11-12 23:04:37,983 django.utils.autoreload INFO     C:\Users\tarlo\Desktop\Code\Python\instamiligram\chat\views.py changed, reloading.
2021-11-12 23:04:38,315 django.utils.autoreload INFO     Watching for file changes with StatReloader
2021-11-12 23:05:33,175 django.utils.autoreload INFO     C:\Users\tarlo\Desktop\Code\Python\instamiligram\chat\views.py changed, reloading.
2021-11-12 23:05:33,503 django.utils.autoreload INFO     Watching for file changes with StatReloader
2021-11-12 23:05:51,284 django.request ERROR    Internal Server Error: /chats/
Traceback (most recent call last):
  File "C:\Users\tarlo\AppData\Local\Programs\Python\Python39\lib\site-packages\django\core\handlers\exception.py", line 47, in inner
    response = get_response(request)
  File "C:\Users\tarlo\AppData\Local\Programs\Python\Python39\lib\site-packages\django\core\handlers\base.py", line 181, in _get_response
    response = wrapped_callback(request, *callback_args, **callback_kwargs)
  File "C:\Users\tarlo\AppData\Local\Programs\Python\Python39\lib\site-packages\django\views\generic\base.py", line 70, in view
    return self.dispatch(request, *args, **kwargs)
  File "C:\Users\tarlo\AppData\Local\Programs\Python\Python39\lib\site-packages\django\contrib\auth\mixins.py", line 71, in dispatch
    return super().dispatch(request, *args, **kwargs)
  File "C:\Users\tarlo\AppData\Local\Programs\Python\Python39\lib\site-packages\django\views\generic\base.py", line 98, in dispatch
    return handler(request, *args, **kwargs)
  File "C:\Users\tarlo\Desktop\Code\Python\instamiligram\chat\views.py", line 27, in get
    m1 = Message.objects.filter(recipient=_messages[i].recipient,sender=_messages[i].sender).first()
TypeError: list indices must be integers or slices, not Message
2021-11-12 23:06:16,114 django.utils.autoreload INFO     C:\Users\tarlo\Desktop\Code\Python\instamiligram\chat\views.py changed, reloading.
2021-11-12 23:06:16,460 django.utils.autoreload INFO     Watching for file changes with StatReloader
2021-11-12 23:07:36,025 django.utils.autoreload INFO     C:\Users\tarlo\Desktop\Code\Python\instamiligram\chat\views.py changed, reloading.
2021-11-12 23:07:36,387 django.utils.autoreload INFO     Watching for file changes with StatReloader
