2021-10-22 15:06:30,705 django.utils.autoreload INFO     Watching for file changes with StatReloader
2021-10-22 15:06:48,337 django.request WARNING  Not Found: /profile/koji/1
2021-10-22 15:09:19,012 django.utils.autoreload INFO     C:\Users\tarlo\Desktop\Code\DJANGO\instamiligram\main\settings.py changed, reloading.
2021-10-22 15:09:32,744 django.request WARNING  Not Found: /explore/1
2021-10-22 15:11:03,048 django.utils.autoreload INFO     Watching for file changes with StatReloader
2021-10-22 15:11:10,928 django.request WARNING  Not Found: /explore/2
2021-10-22 15:14:10,229 django.utils.autoreload INFO     C:\Users\tarlo\Desktop\Code\DJANGO\instamiligram\main\settings.py changed, reloading.
2021-10-22 15:14:10,735 django.utils.autoreload INFO     Watching for file changes with StatReloader
2021-10-22 15:15:40,704 django.utils.autoreload INFO     C:\Users\tarlo\Desktop\Code\DJANGO\instamiligram\main\settings.py changed, reloading.
2021-10-22 15:15:41,222 django.utils.autoreload INFO     Watching for file changes with StatReloader
2021-10-22 15:16:11,281 django.utils.autoreload INFO     C:\Users\tarlo\Desktop\Code\DJANGO\instamiligram\main\settings.py changed, reloading.
2021-10-22 15:16:11,777 django.utils.autoreload INFO     Watching for file changes with StatReloader
2021-10-22 15:54:44,534 django.utils.autoreload INFO     Watching for file changes with StatReloader
2021-10-22 16:20:00,628 django.utils.autoreload INFO     Watching for file changes with StatReloader
2021-10-22 16:20:24,380 django.utils.autoreload INFO     Watching for file changes with StatReloader
2021-10-22 16:21:50,140 django.utils.autoreload INFO     Watching for file changes with StatReloader
2021-10-22 16:22:14,360 django.utils.autoreload INFO     C:\Users\tarlo\Desktop\Code\DJANGO\instamiligram\main\settings.py changed, reloading.
2021-10-22 16:22:14,922 django.utils.autoreload INFO     Watching for file changes with StatReloader
2021-10-22 16:22:18,418 django.utils.autoreload INFO     C:\Users\tarlo\Desktop\Code\DJANGO\instamiligram\main\settings.py changed, reloading.
2021-10-22 16:22:18,983 django.utils.autoreload INFO     Watching for file changes with StatReloader
2021-10-22 16:22:24,651 django.utils.autoreload INFO     C:\Users\tarlo\Desktop\Code\DJANGO\instamiligram\main\settings.py changed, reloading.
2021-10-22 16:22:25,162 django.utils.autoreload INFO     Watching for file changes with StatReloader
2021-10-22 16:22:28,664 django.utils.autoreload INFO     C:\Users\tarlo\Desktop\Code\DJANGO\instamiligram\main\settings.py changed, reloading.
2021-10-22 16:22:29,164 django.utils.autoreload INFO     Watching for file changes with StatReloader
2021-10-22 16:22:57,052 django.utils.autoreload INFO     C:\Users\tarlo\Desktop\Code\DJANGO\instamiligram\main\settings.py changed, reloading.
2021-10-22 16:22:57,579 django.utils.autoreload INFO     Watching for file changes with StatReloader
2021-10-22 16:23:07,535 django.utils.autoreload INFO     C:\Users\tarlo\Desktop\Code\DJANGO\instamiligram\main\settings.py changed, reloading.
2021-10-22 16:23:08,073 django.utils.autoreload INFO     Watching for file changes with StatReloader
2021-10-22 16:23:17,243 django.utils.autoreload INFO     Watching for file changes with StatReloader
2021-10-22 16:27:26,765 django.utils.autoreload INFO     Watching for file changes with StatReloader
2021-10-22 16:32:15,205 django.utils.autoreload INFO     Watching for file changes with StatReloader
2021-11-08 19:20:21,260 django.utils.autoreload INFO     Watching for file changes with StatReloader
2021-11-08 19:20:38,227 django.request ERROR    Internal Server Error: /login/
Traceback (most recent call last):
  File "C:\Users\tarlo\Desktop\Code\DJANGO\instamiligram\venv\lib\site-packages\django\core\handlers\exception.py", line 47, in inner
    response = get_response(request)
  File "C:\Users\tarlo\Desktop\Code\DJANGO\instamiligram\venv\lib\site-packages\django\core\handlers\base.py", line 181, in _get_response
    response = wrapped_callback(request, *callback_args, **callback_kwargs)
  File "C:\Users\tarlo\Desktop\Code\DJANGO\instamiligram\venv\lib\site-packages\django\views\generic\base.py", line 70, in view
    return self.dispatch(request, *args, **kwargs)
  File "C:\Users\tarlo\Desktop\Code\DJANGO\instamiligram\venv\lib\site-packages\django\views\generic\base.py", line 98, in dispatch
    return handler(request, *args, **kwargs)
  File "C:\Users\tarlo\Desktop\Code\DJANGO\instamiligram\users\views.py", line 37, in post
    login(request, user)
  File "C:\Users\tarlo\Desktop\Code\DJANGO\instamiligram\venv\lib\site-packages\django\contrib\auth\__init__.py", line 135, in login
    user_logged_in.send(sender=user.__class__, request=request, user=user)
  File "C:\Users\tarlo\Desktop\Code\DJANGO\instamiligram\venv\lib\site-packages\django\dispatch\dispatcher.py", line 180, in send
    return [
  File "C:\Users\tarlo\Desktop\Code\DJANGO\instamiligram\venv\lib\site-packages\django\dispatch\dispatcher.py", line 181, in <listcomp>
    (receiver, receiver(signal=self, sender=sender, **named))
  File "C:\Users\tarlo\Desktop\Code\DJANGO\instamiligram\venv\lib\site-packages\django\contrib\auth\models.py", line 22, in update_last_login
    user.save(update_fields=['last_login'])
  File "C:\Users\tarlo\Desktop\Code\DJANGO\instamiligram\venv\lib\site-packages\django\contrib\auth\base_user.py", line 67, in save
    super().save(*args, **kwargs)
  File "C:\Users\tarlo\Desktop\Code\DJANGO\instamiligram\venv\lib\site-packages\django\db\models\base.py", line 726, in save
    self.save_base(using=using, force_insert=force_insert,
  File "C:\Users\tarlo\Desktop\Code\DJANGO\instamiligram\venv\lib\site-packages\django\db\models\base.py", line 774, in save_base
    post_save.send(
  File "C:\Users\tarlo\Desktop\Code\DJANGO\instamiligram\venv\lib\site-packages\django\dispatch\dispatcher.py", line 180, in send
    return [
  File "C:\Users\tarlo\Desktop\Code\DJANGO\instamiligram\venv\lib\site-packages\django\dispatch\dispatcher.py", line 181, in <listcomp>
    (receiver, receiver(signal=self, sender=sender, **named))
  File "C:\Users\tarlo\Desktop\Code\DJANGO\instamiligram\users\signals.py", line 15, in save_profile
    instance.profile.save()
  File "C:\Users\tarlo\Desktop\Code\DJANGO\instamiligram\users\models.py", line 26, in save
    img = Image.open(self.image.path)
  File "C:\Users\tarlo\Desktop\Code\DJANGO\instamiligram\venv\lib\site-packages\PIL\Image.py", line 2975, in open
    fp = builtins.open(filename, "rb")
FileNotFoundError: [Errno 2] No such file or directory: 'C:\\Users\\tarlo\\Desktop\\Code\\DJANGO\\instamiligram\\media\\profile_pics\\650812.jpg'
2021-11-08 19:20:38,397 django.request WARNING  Not Found: /favicon.ico
2021-11-08 19:21:03,491 django.request ERROR    Internal Server Error: /login/
Traceback (most recent call last):
  File "C:\Users\tarlo\Desktop\Code\DJANGO\instamiligram\venv\lib\site-packages\django\core\handlers\exception.py", line 47, in inner
    response = get_response(request)
  File "C:\Users\tarlo\Desktop\Code\DJANGO\instamiligram\venv\lib\site-packages\django\core\handlers\base.py", line 181, in _get_response
    response = wrapped_callback(request, *callback_args, **callback_kwargs)
  File "C:\Users\tarlo\Desktop\Code\DJANGO\instamiligram\venv\lib\site-packages\django\views\generic\base.py", line 70, in view
    return self.dispatch(request, *args, **kwargs)
  File "C:\Users\tarlo\Desktop\Code\DJANGO\instamiligram\venv\lib\site-packages\django\views\generic\base.py", line 98, in dispatch
    return handler(request, *args, **kwargs)
  File "C:\Users\tarlo\Desktop\Code\DJANGO\instamiligram\users\views.py", line 37, in post
    login(request, user)
  File "C:\Users\tarlo\Desktop\Code\DJANGO\instamiligram\venv\lib\site-packages\django\contrib\auth\__init__.py", line 135, in login
    user_logged_in.send(sender=user.__class__, request=request, user=user)
  File "C:\Users\tarlo\Desktop\Code\DJANGO\instamiligram\venv\lib\site-packages\django\dispatch\dispatcher.py", line 180, in send
    return [
  File "C:\Users\tarlo\Desktop\Code\DJANGO\instamiligram\venv\lib\site-packages\django\dispatch\dispatcher.py", line 181, in <listcomp>
    (receiver, receiver(signal=self, sender=sender, **named))
  File "C:\Users\tarlo\Desktop\Code\DJANGO\instamiligram\venv\lib\site-packages\django\contrib\auth\models.py", line 22, in update_last_login
    user.save(update_fields=['last_login'])
  File "C:\Users\tarlo\Desktop\Code\DJANGO\instamiligram\venv\lib\site-packages\django\contrib\auth\base_user.py", line 67, in save
    super().save(*args, **kwargs)
  File "C:\Users\tarlo\Desktop\Code\DJANGO\instamiligram\venv\lib\site-packages\django\db\models\base.py", line 726, in save
    self.save_base(using=using, force_insert=force_insert,
  File "C:\Users\tarlo\Desktop\Code\DJANGO\instamiligram\venv\lib\site-packages\django\db\models\base.py", line 774, in save_base
    post_save.send(
  File "C:\Users\tarlo\Desktop\Code\DJANGO\instamiligram\venv\lib\site-packages\django\dispatch\dispatcher.py", line 180, in send
    return [
  File "C:\Users\tarlo\Desktop\Code\DJANGO\instamiligram\venv\lib\site-packages\django\dispatch\dispatcher.py", line 181, in <listcomp>
    (receiver, receiver(signal=self, sender=sender, **named))
  File "C:\Users\tarlo\Desktop\Code\DJANGO\instamiligram\users\signals.py", line 15, in save_profile
    instance.profile.save()
  File "C:\Users\tarlo\Desktop\Code\DJANGO\instamiligram\users\models.py", line 26, in save
    img = Image.open(self.image.path)
  File "C:\Users\tarlo\Desktop\Code\DJANGO\instamiligram\venv\lib\site-packages\PIL\Image.py", line 2975, in open
    fp = builtins.open(filename, "rb")
FileNotFoundError: [Errno 2] No such file or directory: 'C:\\Users\\tarlo\\Desktop\\Code\\DJANGO\\instamiligram\\media\\profile_pics\\650812.jpg'
2021-11-08 19:21:46,347 django.request WARNING  Not Found: /media/post_pics/1016619_ywWHyLs.jpg
2021-11-08 19:21:46,349 django.request WARNING  Not Found: /media/profile_pics/650812.jpg
2021-11-08 19:21:46,353 django.request WARNING  Not Found: /media/post_pics/Без_названия_sIJlGzm.jfif
2021-11-08 19:21:55,918 django.request WARNING  Not Found: /media/profile_pics/650812.jpg
2021-11-08 19:21:55,921 django.request WARNING  Not Found: /media/post_pics/1016619_ywWHyLs.jpg
2021-11-08 19:21:55,926 django.request WARNING  Not Found: /media/post_pics/Без_названия_sIJlGzm.jfif
2021-11-08 19:22:02,870 django.request WARNING  Not Found: /media/profile_pics/650812.jpg
2021-11-08 19:22:02,879 django.request WARNING  Not Found: /media/post_pics/1016619_ywWHyLs.jpg
2021-11-08 19:22:02,883 django.request WARNING  Not Found: /media/post_pics/Без_названия_sIJlGzm.jfif
2021-11-08 19:22:05,252 django.request WARNING  Not Found: /media/profile_pics/650812.jpg
2021-11-08 19:22:05,256 django.request WARNING  Not Found: /media/post_pics/1016619_ywWHyLs.jpg
2021-11-08 19:22:05,260 django.request WARNING  Not Found: /media/post_pics/Без_названия_sIJlGzm.jfif
2021-11-08 19:27:08,121 django.utils.autoreload INFO     Watching for file changes with StatReloader
2021-11-08 19:27:26,940 django.request WARNING  Not Found: /media/profile_pics/650812.jpg
2021-11-08 19:27:26,953 django.request WARNING  Not Found: /media/post_pics/Без_названия_sIJlGzm.jfif
2021-11-08 19:27:26,958 django.request WARNING  Not Found: /media/post_pics/1016619_ywWHyLs.jpg
2021-11-08 19:28:37,600 django.utils.autoreload INFO     Watching for file changes with StatReloader
2021-11-08 19:28:50,484 django.request ERROR    Internal Server Error: /admin/login/
Traceback (most recent call last):
  File "C:\Users\tarlo\Desktop\Code\DJANGO\instamiligram\venv\lib\site-packages\django\core\handlers\exception.py", line 47, in inner
    response = get_response(request)
  File "C:\Users\tarlo\Desktop\Code\DJANGO\instamiligram\venv\lib\site-packages\django\core\handlers\base.py", line 181, in _get_response
    response = wrapped_callback(request, *callback_args, **callback_kwargs)
  File "C:\Users\tarlo\Desktop\Code\DJANGO\instamiligram\venv\lib\site-packages\django\views\decorators\cache.py", line 44, in _wrapped_view_func
    response = view_func(request, *args, **kwargs)
  File "C:\Users\tarlo\Desktop\Code\DJANGO\instamiligram\venv\lib\site-packages\django\contrib\admin\sites.py", line 414, in login
    return LoginView.as_view(**defaults)(request)
  File "C:\Users\tarlo\Desktop\Code\DJANGO\instamiligram\venv\lib\site-packages\django\views\generic\base.py", line 70, in view
    return self.dispatch(request, *args, **kwargs)
  File "C:\Users\tarlo\Desktop\Code\DJANGO\instamiligram\venv\lib\site-packages\django\utils\decorators.py", line 43, in _wrapper
    return bound_method(*args, **kwargs)
  File "C:\Users\tarlo\Desktop\Code\DJANGO\instamiligram\venv\lib\site-packages\django\views\decorators\debug.py", line 89, in sensitive_post_parameters_wrapper
    return view(request, *args, **kwargs)
  File "C:\Users\tarlo\Desktop\Code\DJANGO\instamiligram\venv\lib\site-packages\django\utils\decorators.py", line 43, in _wrapper
    return bound_method(*args, **kwargs)
  File "C:\Users\tarlo\Desktop\Code\DJANGO\instamiligram\venv\lib\site-packages\django\utils\decorators.py", line 130, in _wrapped_view
    response = view_func(request, *args, **kwargs)
  File "C:\Users\tarlo\Desktop\Code\DJANGO\instamiligram\venv\lib\site-packages\django\utils\decorators.py", line 43, in _wrapper
    return bound_method(*args, **kwargs)
  File "C:\Users\tarlo\Desktop\Code\DJANGO\instamiligram\venv\lib\site-packages\django\views\decorators\cache.py", line 44, in _wrapped_view_func
    response = view_func(request, *args, **kwargs)
  File "C:\Users\tarlo\Desktop\Code\DJANGO\instamiligram\venv\lib\site-packages\django\contrib\auth\views.py", line 63, in dispatch
    return super().dispatch(request, *args, **kwargs)
  File "C:\Users\tarlo\Desktop\Code\DJANGO\instamiligram\venv\lib\site-packages\django\views\generic\base.py", line 98, in dispatch
    return handler(request, *args, **kwargs)
  File "C:\Users\tarlo\Desktop\Code\DJANGO\instamiligram\venv\lib\site-packages\django\views\generic\edit.py", line 142, in post
    return self.form_valid(form)
  File "C:\Users\tarlo\Desktop\Code\DJANGO\instamiligram\venv\lib\site-packages\django\contrib\auth\views.py", line 92, in form_valid
    auth_login(self.request, form.get_user())
  File "C:\Users\tarlo\Desktop\Code\DJANGO\instamiligram\venv\lib\site-packages\django\contrib\auth\__init__.py", line 135, in login
    user_logged_in.send(sender=user.__class__, request=request, user=user)
  File "C:\Users\tarlo\Desktop\Code\DJANGO\instamiligram\venv\lib\site-packages\django\dispatch\dispatcher.py", line 180, in send
    return [
  File "C:\Users\tarlo\Desktop\Code\DJANGO\instamiligram\venv\lib\site-packages\django\dispatch\dispatcher.py", line 181, in <listcomp>
    (receiver, receiver(signal=self, sender=sender, **named))
  File "C:\Users\tarlo\Desktop\Code\DJANGO\instamiligram\venv\lib\site-packages\django\contrib\auth\models.py", line 22, in update_last_login
    user.save(update_fields=['last_login'])
  File "C:\Users\tarlo\Desktop\Code\DJANGO\instamiligram\venv\lib\site-packages\django\contrib\auth\base_user.py", line 67, in save
    super().save(*args, **kwargs)
  File "C:\Users\tarlo\Desktop\Code\DJANGO\instamiligram\venv\lib\site-packages\django\db\models\base.py", line 726, in save
    self.save_base(using=using, force_insert=force_insert,
  File "C:\Users\tarlo\Desktop\Code\DJANGO\instamiligram\venv\lib\site-packages\django\db\models\base.py", line 774, in save_base
    post_save.send(
  File "C:\Users\tarlo\Desktop\Code\DJANGO\instamiligram\venv\lib\site-packages\django\dispatch\dispatcher.py", line 180, in send
    return [
  File "C:\Users\tarlo\Desktop\Code\DJANGO\instamiligram\venv\lib\site-packages\django\dispatch\dispatcher.py", line 181, in <listcomp>
    (receiver, receiver(signal=self, sender=sender, **named))
  File "C:\Users\tarlo\Desktop\Code\DJANGO\instamiligram\users\signals.py", line 15, in save_profile
    instance.profile.save()
  File "C:\Users\tarlo\Desktop\Code\DJANGO\instamiligram\users\models.py", line 26, in save
    img = Image.open(self.image.path)
  File "C:\Users\tarlo\Desktop\Code\DJANGO\instamiligram\venv\lib\site-packages\PIL\Image.py", line 2975, in open
    fp = builtins.open(filename, "rb")
FileNotFoundError: [Errno 2] No such file or directory: 'C:\\Users\\tarlo\\Desktop\\Code\\DJANGO\\instamiligram\\media\\profile_pics\\650812.jpg'
2021-11-08 19:29:39,426 django.utils.autoreload INFO     Watching for file changes with StatReloader
2021-11-08 19:29:41,232 django.security.csrf WARNING  Forbidden (CSRF token missing or incorrect.): /admin/login/
2021-11-08 19:29:53,313 django.request ERROR    Internal Server Error: /admin/login/
Traceback (most recent call last):
  File "C:\Users\tarlo\Desktop\Code\DJANGO\instamiligram\venv\lib\site-packages\django\core\handlers\exception.py", line 47, in inner
    response = get_response(request)
  File "C:\Users\tarlo\Desktop\Code\DJANGO\instamiligram\venv\lib\site-packages\django\core\handlers\base.py", line 181, in _get_response
    response = wrapped_callback(request, *callback_args, **callback_kwargs)
  File "C:\Users\tarlo\Desktop\Code\DJANGO\instamiligram\venv\lib\site-packages\django\views\decorators\cache.py", line 44, in _wrapped_view_func
    response = view_func(request, *args, **kwargs)
  File "C:\Users\tarlo\Desktop\Code\DJANGO\instamiligram\venv\lib\site-packages\django\contrib\admin\sites.py", line 414, in login
    return LoginView.as_view(**defaults)(request)
  File "C:\Users\tarlo\Desktop\Code\DJANGO\instamiligram\venv\lib\site-packages\django\views\generic\base.py", line 70, in view
    return self.dispatch(request, *args, **kwargs)
  File "C:\Users\tarlo\Desktop\Code\DJANGO\instamiligram\venv\lib\site-packages\django\utils\decorators.py", line 43, in _wrapper
    return bound_method(*args, **kwargs)
  File "C:\Users\tarlo\Desktop\Code\DJANGO\instamiligram\venv\lib\site-packages\django\views\decorators\debug.py", line 89, in sensitive_post_parameters_wrapper
    return view(request, *args, **kwargs)
  File "C:\Users\tarlo\Desktop\Code\DJANGO\instamiligram\venv\lib\site-packages\django\utils\decorators.py", line 43, in _wrapper
    return bound_method(*args, **kwargs)
  File "C:\Users\tarlo\Desktop\Code\DJANGO\instamiligram\venv\lib\site-packages\django\utils\decorators.py", line 130, in _wrapped_view
    response = view_func(request, *args, **kwargs)
  File "C:\Users\tarlo\Desktop\Code\DJANGO\instamiligram\venv\lib\site-packages\django\utils\decorators.py", line 43, in _wrapper
    return bound_method(*args, **kwargs)
  File "C:\Users\tarlo\Desktop\Code\DJANGO\instamiligram\venv\lib\site-packages\django\views\decorators\cache.py", line 44, in _wrapped_view_func
    response = view_func(request, *args, **kwargs)
  File "C:\Users\tarlo\Desktop\Code\DJANGO\instamiligram\venv\lib\site-packages\django\contrib\auth\views.py", line 63, in dispatch
    return super().dispatch(request, *args, **kwargs)
  File "C:\Users\tarlo\Desktop\Code\DJANGO\instamiligram\venv\lib\site-packages\django\views\generic\base.py", line 98, in dispatch
    return handler(request, *args, **kwargs)
  File "C:\Users\tarlo\Desktop\Code\DJANGO\instamiligram\venv\lib\site-packages\django\views\generic\edit.py", line 142, in post
    return self.form_valid(form)
  File "C:\Users\tarlo\Desktop\Code\DJANGO\instamiligram\venv\lib\site-packages\django\contrib\auth\views.py", line 92, in form_valid
    auth_login(self.request, form.get_user())
  File "C:\Users\tarlo\Desktop\Code\DJANGO\instamiligram\venv\lib\site-packages\django\contrib\auth\__init__.py", line 135, in login
    user_logged_in.send(sender=user.__class__, request=request, user=user)
  File "C:\Users\tarlo\Desktop\Code\DJANGO\instamiligram\venv\lib\site-packages\django\dispatch\dispatcher.py", line 180, in send
    return [
  File "C:\Users\tarlo\Desktop\Code\DJANGO\instamiligram\venv\lib\site-packages\django\dispatch\dispatcher.py", line 181, in <listcomp>
    (receiver, receiver(signal=self, sender=sender, **named))
  File "C:\Users\tarlo\Desktop\Code\DJANGO\instamiligram\venv\lib\site-packages\django\contrib\auth\models.py", line 22, in update_last_login
    user.save(update_fields=['last_login'])
  File "C:\Users\tarlo\Desktop\Code\DJANGO\instamiligram\venv\lib\site-packages\django\contrib\auth\base_user.py", line 67, in save
    super().save(*args, **kwargs)
  File "C:\Users\tarlo\Desktop\Code\DJANGO\instamiligram\venv\lib\site-packages\django\db\models\base.py", line 726, in save
    self.save_base(using=using, force_insert=force_insert,
  File "C:\Users\tarlo\Desktop\Code\DJANGO\instamiligram\venv\lib\site-packages\django\db\models\base.py", line 774, in save_base
    post_save.send(
  File "C:\Users\tarlo\Desktop\Code\DJANGO\instamiligram\venv\lib\site-packages\django\dispatch\dispatcher.py", line 180, in send
    return [
  File "C:\Users\tarlo\Desktop\Code\DJANGO\instamiligram\venv\lib\site-packages\django\dispatch\dispatcher.py", line 181, in <listcomp>
    (receiver, receiver(signal=self, sender=sender, **named))
  File "C:\Users\tarlo\Desktop\Code\DJANGO\instamiligram\users\signals.py", line 15, in save_profile
    instance.profile.save()
  File "C:\Users\tarlo\Desktop\Code\DJANGO\instamiligram\users\models.py", line 26, in save
    img = Image.open(self.image.path)
  File "C:\Users\tarlo\Desktop\Code\DJANGO\instamiligram\venv\lib\site-packages\PIL\Image.py", line 2975, in open
    fp = builtins.open(filename, "rb")
FileNotFoundError: [Errno 2] No such file or directory: 'C:\\Users\\tarlo\\Desktop\\Code\\DJANGO\\instamiligram\\media\\profile_pics\\650812.jpg'
2021-11-08 19:30:01,676 django.security.csrf WARNING  Forbidden (CSRF token missing or incorrect.): /admin/login/
2021-11-08 19:30:06,834 django.utils.autoreload INFO     Watching for file changes with StatReloader
2021-11-08 19:30:10,442 django.request ERROR    Internal Server Error: /admin/login/
Traceback (most recent call last):
  File "C:\Users\tarlo\Desktop\Code\DJANGO\instamiligram\venv\lib\site-packages\PIL\JpegImagePlugin.py", line 629, in _save
    rawmode = RAWMODE[im.mode]
KeyError: 'RGBA'

The above exception was the direct cause of the following exception:

Traceback (most recent call last):
  File "C:\Users\tarlo\Desktop\Code\DJANGO\instamiligram\venv\lib\site-packages\django\core\handlers\exception.py", line 47, in inner
    response = get_response(request)
  File "C:\Users\tarlo\Desktop\Code\DJANGO\instamiligram\venv\lib\site-packages\django\core\handlers\base.py", line 181, in _get_response
    response = wrapped_callback(request, *callback_args, **callback_kwargs)
  File "C:\Users\tarlo\Desktop\Code\DJANGO\instamiligram\venv\lib\site-packages\django\views\decorators\cache.py", line 44, in _wrapped_view_func
    response = view_func(request, *args, **kwargs)
  File "C:\Users\tarlo\Desktop\Code\DJANGO\instamiligram\venv\lib\site-packages\django\contrib\admin\sites.py", line 414, in login
    return LoginView.as_view(**defaults)(request)
  File "C:\Users\tarlo\Desktop\Code\DJANGO\instamiligram\venv\lib\site-packages\django\views\generic\base.py", line 70, in view
    return self.dispatch(request, *args, **kwargs)
  File "C:\Users\tarlo\Desktop\Code\DJANGO\instamiligram\venv\lib\site-packages\django\utils\decorators.py", line 43, in _wrapper
    return bound_method(*args, **kwargs)
  File "C:\Users\tarlo\Desktop\Code\DJANGO\instamiligram\venv\lib\site-packages\django\views\decorators\debug.py", line 89, in sensitive_post_parameters_wrapper
    return view(request, *args, **kwargs)
  File "C:\Users\tarlo\Desktop\Code\DJANGO\instamiligram\venv\lib\site-packages\django\utils\decorators.py", line 43, in _wrapper
    return bound_method(*args, **kwargs)
  File "C:\Users\tarlo\Desktop\Code\DJANGO\instamiligram\venv\lib\site-packages\django\utils\decorators.py", line 130, in _wrapped_view
    response = view_func(request, *args, **kwargs)
  File "C:\Users\tarlo\Desktop\Code\DJANGO\instamiligram\venv\lib\site-packages\django\utils\decorators.py", line 43, in _wrapper
    return bound_method(*args, **kwargs)
  File "C:\Users\tarlo\Desktop\Code\DJANGO\instamiligram\venv\lib\site-packages\django\views\decorators\cache.py", line 44, in _wrapped_view_func
    response = view_func(request, *args, **kwargs)
  File "C:\Users\tarlo\Desktop\Code\DJANGO\instamiligram\venv\lib\site-packages\django\contrib\auth\views.py", line 63, in dispatch
    return super().dispatch(request, *args, **kwargs)
  File "C:\Users\tarlo\Desktop\Code\DJANGO\instamiligram\venv\lib\site-packages\django\views\generic\base.py", line 98, in dispatch
    return handler(request, *args, **kwargs)
  File "C:\Users\tarlo\Desktop\Code\DJANGO\instamiligram\venv\lib\site-packages\django\views\generic\edit.py", line 142, in post
    return self.form_valid(form)
  File "C:\Users\tarlo\Desktop\Code\DJANGO\instamiligram\venv\lib\site-packages\django\contrib\auth\views.py", line 92, in form_valid
    auth_login(self.request, form.get_user())
  File "C:\Users\tarlo\Desktop\Code\DJANGO\instamiligram\venv\lib\site-packages\django\contrib\auth\__init__.py", line 135, in login
    user_logged_in.send(sender=user.__class__, request=request, user=user)
  File "C:\Users\tarlo\Desktop\Code\DJANGO\instamiligram\venv\lib\site-packages\django\dispatch\dispatcher.py", line 180, in send
    return [
  File "C:\Users\tarlo\Desktop\Code\DJANGO\instamiligram\venv\lib\site-packages\django\dispatch\dispatcher.py", line 181, in <listcomp>
    (receiver, receiver(signal=self, sender=sender, **named))
  File "C:\Users\tarlo\Desktop\Code\DJANGO\instamiligram\venv\lib\site-packages\django\contrib\auth\models.py", line 22, in update_last_login
    user.save(update_fields=['last_login'])
  File "C:\Users\tarlo\Desktop\Code\DJANGO\instamiligram\venv\lib\site-packages\django\contrib\auth\base_user.py", line 67, in save
    super().save(*args, **kwargs)
  File "C:\Users\tarlo\Desktop\Code\DJANGO\instamiligram\venv\lib\site-packages\django\db\models\base.py", line 726, in save
    self.save_base(using=using, force_insert=force_insert,
  File "C:\Users\tarlo\Desktop\Code\DJANGO\instamiligram\venv\lib\site-packages\django\db\models\base.py", line 774, in save_base
    post_save.send(
  File "C:\Users\tarlo\Desktop\Code\DJANGO\instamiligram\venv\lib\site-packages\django\dispatch\dispatcher.py", line 180, in send
    return [
  File "C:\Users\tarlo\Desktop\Code\DJANGO\instamiligram\venv\lib\site-packages\django\dispatch\dispatcher.py", line 181, in <listcomp>
    (receiver, receiver(signal=self, sender=sender, **named))
  File "C:\Users\tarlo\Desktop\Code\DJANGO\instamiligram\users\signals.py", line 15, in save_profile
    instance.profile.save()
  File "C:\Users\tarlo\Desktop\Code\DJANGO\instamiligram\users\models.py", line 30, in save
    i.save(self.image.path)
  File "C:\Users\tarlo\Desktop\Code\DJANGO\instamiligram\venv\lib\site-packages\PIL\Image.py", line 2240, in save
    save_handler(self, fp, filename)
  File "C:\Users\tarlo\Desktop\Code\DJANGO\instamiligram\venv\lib\site-packages\PIL\JpegImagePlugin.py", line 631, in _save
    raise OSError(f"cannot write mode {im.mode} as JPEG") from e
OSError: cannot write mode RGBA as JPEG
2021-11-08 19:31:13,739 django.utils.autoreload INFO     Watching for file changes with StatReloader
2021-11-08 19:33:31,120 django.utils.autoreload INFO     Watching for file changes with StatReloader
2021-11-08 19:38:18,412 django.utils.autoreload INFO     Watching for file changes with StatReloader
2021-11-08 19:39:16,646 django.utils.autoreload INFO     Watching for file changes with StatReloader
2021-11-08 19:40:21,604 django.utils.autoreload INFO     Watching for file changes with StatReloader
2021-11-08 19:42:48,876 django.utils.autoreload INFO     Watching for file changes with StatReloader
2021-11-08 19:43:03,887 django.utils.autoreload INFO     C:\Users\tarlo\Desktop\Code\DJANGO\instamiligram\instagram\views.py changed, reloading.
2021-11-08 19:43:04,404 django.utils.autoreload INFO     Watching for file changes with StatReloader
2021-11-08 19:43:07,927 django.utils.autoreload INFO     C:\Users\tarlo\Desktop\Code\DJANGO\instamiligram\instagram\views.py changed, reloading.
2021-11-08 19:43:08,391 django.utils.autoreload INFO     Watching for file changes with StatReloader
2021-11-08 19:44:17,621 django.utils.autoreload INFO     Watching for file changes with StatReloader
2021-11-08 19:44:18,323 django.request ERROR    Internal Server Error: /profile/tarlo
Traceback (most recent call last):
  File "C:\Users\tarlo\Desktop\Code\DJANGO\instamiligram\venv\lib\site-packages\django\template\base.py", line 470, in parse
    compile_func = self.tags[command]
KeyError: 'get_user_posts'

During handling of the above exception, another exception occurred:

Traceback (most recent call last):
  File "C:\Users\tarlo\Desktop\Code\DJANGO\instamiligram\venv\lib\site-packages\django\core\handlers\exception.py", line 47, in inner
    response = get_response(request)
  File "C:\Users\tarlo\Desktop\Code\DJANGO\instamiligram\venv\lib\site-packages\django\core\handlers\base.py", line 181, in _get_response
    response = wrapped_callback(request, *callback_args, **callback_kwargs)
  File "C:\Users\tarlo\Desktop\Code\DJANGO\instamiligram\venv\lib\site-packages\django\views\generic\base.py", line 70, in view
    return self.dispatch(request, *args, **kwargs)
  File "C:\Users\tarlo\Desktop\Code\DJANGO\instamiligram\venv\lib\site-packages\django\views\generic\base.py", line 98, in dispatch
    return handler(request, *args, **kwargs)
  File "C:\Users\tarlo\Desktop\Code\DJANGO\instamiligram\users\views.py", line 108, in get
    return render(request, "users/profile.html", {"user": User.objects.filter(username=username).first()})
  File "C:\Users\tarlo\Desktop\Code\DJANGO\instamiligram\venv\lib\site-packages\django\shortcuts.py", line 19, in render
    content = loader.render_to_string(template_name, context, request, using=using)
  File "C:\Users\tarlo\Desktop\Code\DJANGO\instamiligram\venv\lib\site-packages\django\template\loader.py", line 61, in render_to_string
    template = get_template(template_name, using=using)
  File "C:\Users\tarlo\Desktop\Code\DJANGO\instamiligram\venv\lib\site-packages\django\template\loader.py", line 15, in get_template
    return engine.get_template(template_name)
  File "C:\Users\tarlo\Desktop\Code\DJANGO\instamiligram\venv\lib\site-packages\django\template\backends\django.py", line 34, in get_template
    return Template(self.engine.get_template(template_name), self)
  File "C:\Users\tarlo\Desktop\Code\DJANGO\instamiligram\venv\lib\site-packages\django\template\engine.py", line 143, in get_template
    template, origin = self.find_template(template_name)
  File "C:\Users\tarlo\Desktop\Code\DJANGO\instamiligram\venv\lib\site-packages\django\template\engine.py", line 125, in find_template
    template = loader.get_template(name, skip=skip)
  File "C:\Users\tarlo\Desktop\Code\DJANGO\instamiligram\venv\lib\site-packages\django\template\loaders\base.py", line 29, in get_template
    return Template(
  File "C:\Users\tarlo\Desktop\Code\DJANGO\instamiligram\venv\lib\site-packages\django\template\base.py", line 155, in __init__
    self.nodelist = self.compile_nodelist()
  File "C:\Users\tarlo\Desktop\Code\DJANGO\instamiligram\venv\lib\site-packages\django\template\base.py", line 193, in compile_nodelist
    return parser.parse()
  File "C:\Users\tarlo\Desktop\Code\DJANGO\instamiligram\venv\lib\site-packages\django\template\base.py", line 478, in parse
    raise self.error(token, e)
  File "C:\Users\tarlo\Desktop\Code\DJANGO\instamiligram\venv\lib\site-packages\django\template\base.py", line 476, in parse
    compiled_result = compile_func(self, token)
  File "C:\Users\tarlo\Desktop\Code\DJANGO\instamiligram\venv\lib\site-packages\django\template\loader_tags.py", line 278, in do_extends
    nodelist = parser.parse()
  File "C:\Users\tarlo\Desktop\Code\DJANGO\instamiligram\venv\lib\site-packages\django\template\base.py", line 478, in parse
    raise self.error(token, e)
  File "C:\Users\tarlo\Desktop\Code\DJANGO\instamiligram\venv\lib\site-packages\django\template\base.py", line 476, in parse
    compiled_result = compile_func(self, token)
  File "C:\Users\tarlo\Desktop\Code\DJANGO\instamiligram\venv\lib\site-packages\django\template\loader_tags.py", line 216, in do_block
    nodelist = parser.parse(('endblock',))
  File "C:\Users\tarlo\Desktop\Code\DJANGO\instamiligram\venv\lib\site-packages\django\template\base.py", line 472, in parse
    self.invalid_block_tag(token, command, parse_until)
  File "C:\Users\tarlo\Desktop\Code\DJANGO\instamiligram\venv\lib\site-packages\django\template\base.py", line 522, in invalid_block_tag
    raise self.error(
django.template.exceptions.TemplateSyntaxError: Invalid block tag on line 4: 'get_user_posts', expected 'endblock'. Did you forget to register or load this tag?
2021-11-08 19:45:45,191 django.utils.autoreload INFO     Watching for file changes with StatReloader
2021-11-08 19:45:46,710 django.request ERROR    Internal Server Error: /profile/tarlo
Traceback (most recent call last):
  File "C:\Users\tarlo\Desktop\Code\DJANGO\instamiligram\venv\lib\site-packages\django\template\base.py", line 470, in parse
    compile_func = self.tags[command]
KeyError: 'get_user_posts'

During handling of the above exception, another exception occurred:

Traceback (most recent call last):
  File "C:\Users\tarlo\Desktop\Code\DJANGO\instamiligram\venv\lib\site-packages\django\core\handlers\exception.py", line 47, in inner
    response = get_response(request)
  File "C:\Users\tarlo\Desktop\Code\DJANGO\instamiligram\venv\lib\site-packages\django\core\handlers\base.py", line 181, in _get_response
    response = wrapped_callback(request, *callback_args, **callback_kwargs)
  File "C:\Users\tarlo\Desktop\Code\DJANGO\instamiligram\venv\lib\site-packages\django\views\generic\base.py", line 70, in view
    return self.dispatch(request, *args, **kwargs)
  File "C:\Users\tarlo\Desktop\Code\DJANGO\instamiligram\venv\lib\site-packages\django\views\generic\base.py", line 98, in dispatch
    return handler(request, *args, **kwargs)
  File "C:\Users\tarlo\Desktop\Code\DJANGO\instamiligram\users\views.py", line 108, in get
    return render(request, "users/profile.html", {"user": User.objects.filter(username=username).first()})
  File "C:\Users\tarlo\Desktop\Code\DJANGO\instamiligram\venv\lib\site-packages\django\shortcuts.py", line 19, in render
    content = loader.render_to_string(template_name, context, request, using=using)
  File "C:\Users\tarlo\Desktop\Code\DJANGO\instamiligram\venv\lib\site-packages\django\template\loader.py", line 61, in render_to_string
    template = get_template(template_name, using=using)
  File "C:\Users\tarlo\Desktop\Code\DJANGO\instamiligram\venv\lib\site-packages\django\template\loader.py", line 15, in get_template
    return engine.get_template(template_name)
  File "C:\Users\tarlo\Desktop\Code\DJANGO\instamiligram\venv\lib\site-packages\django\template\backends\django.py", line 34, in get_template
    return Template(self.engine.get_template(template_name), self)
  File "C:\Users\tarlo\Desktop\Code\DJANGO\instamiligram\venv\lib\site-packages\django\template\engine.py", line 143, in get_template
    template, origin = self.find_template(template_name)
  File "C:\Users\tarlo\Desktop\Code\DJANGO\instamiligram\venv\lib\site-packages\django\template\engine.py", line 125, in find_template
    template = loader.get_template(name, skip=skip)
  File "C:\Users\tarlo\Desktop\Code\DJANGO\instamiligram\venv\lib\site-packages\django\template\loaders\base.py", line 29, in get_template
    return Template(
  File "C:\Users\tarlo\Desktop\Code\DJANGO\instamiligram\venv\lib\site-packages\django\template\base.py", line 155, in __init__
    self.nodelist = self.compile_nodelist()
  File "C:\Users\tarlo\Desktop\Code\DJANGO\instamiligram\venv\lib\site-packages\django\template\base.py", line 193, in compile_nodelist
    return parser.parse()
  File "C:\Users\tarlo\Desktop\Code\DJANGO\instamiligram\venv\lib\site-packages\django\template\base.py", line 478, in parse
    raise self.error(token, e)
  File "C:\Users\tarlo\Desktop\Code\DJANGO\instamiligram\venv\lib\site-packages\django\template\base.py", line 476, in parse
    compiled_result = compile_func(self, token)
  File "C:\Users\tarlo\Desktop\Code\DJANGO\instamiligram\venv\lib\site-packages\django\template\loader_tags.py", line 278, in do_extends
    nodelist = parser.parse()
  File "C:\Users\tarlo\Desktop\Code\DJANGO\instamiligram\venv\lib\site-packages\django\template\base.py", line 478, in parse
    raise self.error(token, e)
  File "C:\Users\tarlo\Desktop\Code\DJANGO\instamiligram\venv\lib\site-packages\django\template\base.py", line 476, in parse
    compiled_result = compile_func(self, token)
  File "C:\Users\tarlo\Desktop\Code\DJANGO\instamiligram\venv\lib\site-packages\django\template\loader_tags.py", line 216, in do_block
    nodelist = parser.parse(('endblock',))
  File "C:\Users\tarlo\Desktop\Code\DJANGO\instamiligram\venv\lib\site-packages\django\template\base.py", line 472, in parse
    self.invalid_block_tag(token, command, parse_until)
  File "C:\Users\tarlo\Desktop\Code\DJANGO\instamiligram\venv\lib\site-packages\django\template\base.py", line 522, in invalid_block_tag
    raise self.error(
django.template.exceptions.TemplateSyntaxError: Invalid block tag on line 4: 'get_user_posts', expected 'endblock'. Did you forget to register or load this tag?
2021-11-08 19:45:54,244 django.request ERROR    Internal Server Error: /profile/koji
Traceback (most recent call last):
  File "C:\Users\tarlo\Desktop\Code\DJANGO\instamiligram\venv\lib\site-packages\django\template\base.py", line 470, in parse
    compile_func = self.tags[command]
KeyError: 'get_user_posts'

During handling of the above exception, another exception occurred:

Traceback (most recent call last):
  File "C:\Users\tarlo\Desktop\Code\DJANGO\instamiligram\venv\lib\site-packages\django\core\handlers\exception.py", line 47, in inner
    response = get_response(request)
  File "C:\Users\tarlo\Desktop\Code\DJANGO\instamiligram\venv\lib\site-packages\django\core\handlers\base.py", line 181, in _get_response
    response = wrapped_callback(request, *callback_args, **callback_kwargs)
  File "C:\Users\tarlo\Desktop\Code\DJANGO\instamiligram\venv\lib\site-packages\django\views\generic\base.py", line 70, in view
    return self.dispatch(request, *args, **kwargs)
  File "C:\Users\tarlo\Desktop\Code\DJANGO\instamiligram\venv\lib\site-packages\django\views\generic\base.py", line 98, in dispatch
    return handler(request, *args, **kwargs)
  File "C:\Users\tarlo\Desktop\Code\DJANGO\instamiligram\users\views.py", line 108, in get
    return render(request, "users/profile.html", {"user": User.objects.filter(username=username).first()})
  File "C:\Users\tarlo\Desktop\Code\DJANGO\instamiligram\venv\lib\site-packages\django\shortcuts.py", line 19, in render
    content = loader.render_to_string(template_name, context, request, using=using)
  File "C:\Users\tarlo\Desktop\Code\DJANGO\instamiligram\venv\lib\site-packages\django\template\loader.py", line 61, in render_to_string
    template = get_template(template_name, using=using)
  File "C:\Users\tarlo\Desktop\Code\DJANGO\instamiligram\venv\lib\site-packages\django\template\loader.py", line 15, in get_template
    return engine.get_template(template_name)
  File "C:\Users\tarlo\Desktop\Code\DJANGO\instamiligram\venv\lib\site-packages\django\template\backends\django.py", line 34, in get_template
    return Template(self.engine.get_template(template_name), self)
  File "C:\Users\tarlo\Desktop\Code\DJANGO\instamiligram\venv\lib\site-packages\django\template\engine.py", line 143, in get_template
    template, origin = self.find_template(template_name)
  File "C:\Users\tarlo\Desktop\Code\DJANGO\instamiligram\venv\lib\site-packages\django\template\engine.py", line 125, in find_template
    template = loader.get_template(name, skip=skip)
  File "C:\Users\tarlo\Desktop\Code\DJANGO\instamiligram\venv\lib\site-packages\django\template\loaders\base.py", line 29, in get_template
    return Template(
  File "C:\Users\tarlo\Desktop\Code\DJANGO\instamiligram\venv\lib\site-packages\django\template\base.py", line 155, in __init__
    self.nodelist = self.compile_nodelist()
  File "C:\Users\tarlo\Desktop\Code\DJANGO\instamiligram\venv\lib\site-packages\django\template\base.py", line 193, in compile_nodelist
    return parser.parse()
  File "C:\Users\tarlo\Desktop\Code\DJANGO\instamiligram\venv\lib\site-packages\django\template\base.py", line 478, in parse
    raise self.error(token, e)
  File "C:\Users\tarlo\Desktop\Code\DJANGO\instamiligram\venv\lib\site-packages\django\template\base.py", line 476, in parse
    compiled_result = compile_func(self, token)
  File "C:\Users\tarlo\Desktop\Code\DJANGO\instamiligram\venv\lib\site-packages\django\template\loader_tags.py", line 278, in do_extends
    nodelist = parser.parse()
  File "C:\Users\tarlo\Desktop\Code\DJANGO\instamiligram\venv\lib\site-packages\django\template\base.py", line 478, in parse
    raise self.error(token, e)
  File "C:\Users\tarlo\Desktop\Code\DJANGO\instamiligram\venv\lib\site-packages\django\template\base.py", line 476, in parse
    compiled_result = compile_func(self, token)
  File "C:\Users\tarlo\Desktop\Code\DJANGO\instamiligram\venv\lib\site-packages\django\template\loader_tags.py", line 216, in do_block
    nodelist = parser.parse(('endblock',))
  File "C:\Users\tarlo\Desktop\Code\DJANGO\instamiligram\venv\lib\site-packages\django\template\base.py", line 472, in parse
    self.invalid_block_tag(token, command, parse_until)
  File "C:\Users\tarlo\Desktop\Code\DJANGO\instamiligram\venv\lib\site-packages\django\template\base.py", line 522, in invalid_block_tag
    raise self.error(
django.template.exceptions.TemplateSyntaxError: Invalid block tag on line 4: 'get_user_posts', expected 'endblock'. Did you forget to register or load this tag?
2021-11-08 19:47:14,068 django.utils.autoreload INFO     Watching for file changes with StatReloader
2021-11-08 19:47:14,654 django.request ERROR    Internal Server Error: /profile/koji
Traceback (most recent call last):
  File "C:\Users\tarlo\Desktop\Code\DJANGO\instamiligram\venv\lib\site-packages\django\template\base.py", line 470, in parse
    compile_func = self.tags[command]
KeyError: 'get_user_posts'

During handling of the above exception, another exception occurred:

Traceback (most recent call last):
  File "C:\Users\tarlo\Desktop\Code\DJANGO\instamiligram\venv\lib\site-packages\django\core\handlers\exception.py", line 47, in inner
    response = get_response(request)
  File "C:\Users\tarlo\Desktop\Code\DJANGO\instamiligram\venv\lib\site-packages\django\core\handlers\base.py", line 181, in _get_response
    response = wrapped_callback(request, *callback_args, **callback_kwargs)
  File "C:\Users\tarlo\Desktop\Code\DJANGO\instamiligram\venv\lib\site-packages\django\views\generic\base.py", line 70, in view
    return self.dispatch(request, *args, **kwargs)
  File "C:\Users\tarlo\Desktop\Code\DJANGO\instamiligram\venv\lib\site-packages\django\views\generic\base.py", line 98, in dispatch
    return handler(request, *args, **kwargs)
  File "C:\Users\tarlo\Desktop\Code\DJANGO\instamiligram\users\views.py", line 108, in get
    return render(request, "users/profile.html", {"user": User.objects.filter(username=username).first()})
  File "C:\Users\tarlo\Desktop\Code\DJANGO\instamiligram\venv\lib\site-packages\django\shortcuts.py", line 19, in render
    content = loader.render_to_string(template_name, context, request, using=using)
  File "C:\Users\tarlo\Desktop\Code\DJANGO\instamiligram\venv\lib\site-packages\django\template\loader.py", line 61, in render_to_string
    template = get_template(template_name, using=using)
  File "C:\Users\tarlo\Desktop\Code\DJANGO\instamiligram\venv\lib\site-packages\django\template\loader.py", line 15, in get_template
    return engine.get_template(template_name)
  File "C:\Users\tarlo\Desktop\Code\DJANGO\instamiligram\venv\lib\site-packages\django\template\backends\django.py", line 34, in get_template
    return Template(self.engine.get_template(template_name), self)
  File "C:\Users\tarlo\Desktop\Code\DJANGO\instamiligram\venv\lib\site-packages\django\template\engine.py", line 143, in get_template
    template, origin = self.find_template(template_name)
  File "C:\Users\tarlo\Desktop\Code\DJANGO\instamiligram\venv\lib\site-packages\django\template\engine.py", line 125, in find_template
    template = loader.get_template(name, skip=skip)
  File "C:\Users\tarlo\Desktop\Code\DJANGO\instamiligram\venv\lib\site-packages\django\template\loaders\base.py", line 29, in get_template
    return Template(
  File "C:\Users\tarlo\Desktop\Code\DJANGO\instamiligram\venv\lib\site-packages\django\template\base.py", line 155, in __init__
    self.nodelist = self.compile_nodelist()
  File "C:\Users\tarlo\Desktop\Code\DJANGO\instamiligram\venv\lib\site-packages\django\template\base.py", line 193, in compile_nodelist
    return parser.parse()
  File "C:\Users\tarlo\Desktop\Code\DJANGO\instamiligram\venv\lib\site-packages\django\template\base.py", line 478, in parse
    raise self.error(token, e)
  File "C:\Users\tarlo\Desktop\Code\DJANGO\instamiligram\venv\lib\site-packages\django\template\base.py", line 476, in parse
    compiled_result = compile_func(self, token)
  File "C:\Users\tarlo\Desktop\Code\DJANGO\instamiligram\venv\lib\site-packages\django\template\loader_tags.py", line 278, in do_extends
    nodelist = parser.parse()
  File "C:\Users\tarlo\Desktop\Code\DJANGO\instamiligram\venv\lib\site-packages\django\template\base.py", line 472, in parse
    self.invalid_block_tag(token, command, parse_until)
  File "C:\Users\tarlo\Desktop\Code\DJANGO\instamiligram\venv\lib\site-packages\django\template\base.py", line 531, in invalid_block_tag
    raise self.error(
django.template.exceptions.TemplateSyntaxError: Invalid block tag on line 4: 'get_user_posts'. Did you forget to register or load this tag?
2021-11-08 19:47:52,920 django.utils.autoreload INFO     Watching for file changes with StatReloader
2021-11-08 19:47:53,407 django.request ERROR    Internal Server Error: /profile/koji
Traceback (most recent call last):
  File "C:\Users\tarlo\Desktop\Code\DJANGO\instamiligram\venv\lib\site-packages\django\template\base.py", line 470, in parse
    compile_func = self.tags[command]
KeyError: 'get_user_posts'

During handling of the above exception, another exception occurred:

Traceback (most recent call last):
  File "C:\Users\tarlo\Desktop\Code\DJANGO\instamiligram\venv\lib\site-packages\django\core\handlers\exception.py", line 47, in inner
    response = get_response(request)
  File "C:\Users\tarlo\Desktop\Code\DJANGO\instamiligram\venv\lib\site-packages\django\core\handlers\base.py", line 181, in _get_response
    response = wrapped_callback(request, *callback_args, **callback_kwargs)
  File "C:\Users\tarlo\Desktop\Code\DJANGO\instamiligram\venv\lib\site-packages\django\views\generic\base.py", line 70, in view
    return self.dispatch(request, *args, **kwargs)
  File "C:\Users\tarlo\Desktop\Code\DJANGO\instamiligram\venv\lib\site-packages\django\views\generic\base.py", line 98, in dispatch
    return handler(request, *args, **kwargs)
  File "C:\Users\tarlo\Desktop\Code\DJANGO\instamiligram\users\views.py", line 108, in get
    return render(request, "users/profile.html", {"user": User.objects.filter(username=username).first()})
  File "C:\Users\tarlo\Desktop\Code\DJANGO\instamiligram\venv\lib\site-packages\django\shortcuts.py", line 19, in render
    content = loader.render_to_string(template_name, context, request, using=using)
  File "C:\Users\tarlo\Desktop\Code\DJANGO\instamiligram\venv\lib\site-packages\django\template\loader.py", line 61, in render_to_string
    template = get_template(template_name, using=using)
  File "C:\Users\tarlo\Desktop\Code\DJANGO\instamiligram\venv\lib\site-packages\django\template\loader.py", line 15, in get_template
    return engine.get_template(template_name)
  File "C:\Users\tarlo\Desktop\Code\DJANGO\instamiligram\venv\lib\site-packages\django\template\backends\django.py", line 34, in get_template
    return Template(self.engine.get_template(template_name), self)
  File "C:\Users\tarlo\Desktop\Code\DJANGO\instamiligram\venv\lib\site-packages\django\template\engine.py", line 143, in get_template
    template, origin = self.find_template(template_name)
  File "C:\Users\tarlo\Desktop\Code\DJANGO\instamiligram\venv\lib\site-packages\django\template\engine.py", line 125, in find_template
    template = loader.get_template(name, skip=skip)
  File "C:\Users\tarlo\Desktop\Code\DJANGO\instamiligram\venv\lib\site-packages\django\template\loaders\base.py", line 29, in get_template
    return Template(
  File "C:\Users\tarlo\Desktop\Code\DJANGO\instamiligram\venv\lib\site-packages\django\template\base.py", line 155, in __init__
    self.nodelist = self.compile_nodelist()
  File "C:\Users\tarlo\Desktop\Code\DJANGO\instamiligram\venv\lib\site-packages\django\template\base.py", line 193, in compile_nodelist
    return parser.parse()
  File "C:\Users\tarlo\Desktop\Code\DJANGO\instamiligram\venv\lib\site-packages\django\template\base.py", line 478, in parse
    raise self.error(token, e)
  File "C:\Users\tarlo\Desktop\Code\DJANGO\instamiligram\venv\lib\site-packages\django\template\base.py", line 476, in parse
    compiled_result = compile_func(self, token)
  File "C:\Users\tarlo\Desktop\Code\DJANGO\instamiligram\venv\lib\site-packages\django\template\loader_tags.py", line 278, in do_extends
    nodelist = parser.parse()
  File "C:\Users\tarlo\Desktop\Code\DJANGO\instamiligram\venv\lib\site-packages\django\template\base.py", line 472, in parse
    self.invalid_block_tag(token, command, parse_until)
  File "C:\Users\tarlo\Desktop\Code\DJANGO\instamiligram\venv\lib\site-packages\django\template\base.py", line 531, in invalid_block_tag
    raise self.error(
django.template.exceptions.TemplateSyntaxError: Invalid block tag on line 3: 'get_user_posts'. Did you forget to register or load this tag?
2021-11-08 19:47:54,383 django.request ERROR    Internal Server Error: /profile/koji
Traceback (most recent call last):
  File "C:\Users\tarlo\Desktop\Code\DJANGO\instamiligram\venv\lib\site-packages\django\template\base.py", line 470, in parse
    compile_func = self.tags[command]
KeyError: 'get_user_posts'

During handling of the above exception, another exception occurred:

Traceback (most recent call last):
  File "C:\Users\tarlo\Desktop\Code\DJANGO\instamiligram\venv\lib\site-packages\django\core\handlers\exception.py", line 47, in inner
    response = get_response(request)
  File "C:\Users\tarlo\Desktop\Code\DJANGO\instamiligram\venv\lib\site-packages\django\core\handlers\base.py", line 181, in _get_response
    response = wrapped_callback(request, *callback_args, **callback_kwargs)
  File "C:\Users\tarlo\Desktop\Code\DJANGO\instamiligram\venv\lib\site-packages\django\views\generic\base.py", line 70, in view
    return self.dispatch(request, *args, **kwargs)
  File "C:\Users\tarlo\Desktop\Code\DJANGO\instamiligram\venv\lib\site-packages\django\views\generic\base.py", line 98, in dispatch
    return handler(request, *args, **kwargs)
  File "C:\Users\tarlo\Desktop\Code\DJANGO\instamiligram\users\views.py", line 108, in get
    return render(request, "users/profile.html", {"user": User.objects.filter(username=username).first()})
  File "C:\Users\tarlo\Desktop\Code\DJANGO\instamiligram\venv\lib\site-packages\django\shortcuts.py", line 19, in render
    content = loader.render_to_string(template_name, context, request, using=using)
  File "C:\Users\tarlo\Desktop\Code\DJANGO\instamiligram\venv\lib\site-packages\django\template\loader.py", line 61, in render_to_string
    template = get_template(template_name, using=using)
  File "C:\Users\tarlo\Desktop\Code\DJANGO\instamiligram\venv\lib\site-packages\django\template\loader.py", line 15, in get_template
    return engine.get_template(template_name)
  File "C:\Users\tarlo\Desktop\Code\DJANGO\instamiligram\venv\lib\site-packages\django\template\backends\django.py", line 34, in get_template
    return Template(self.engine.get_template(template_name), self)
  File "C:\Users\tarlo\Desktop\Code\DJANGO\instamiligram\venv\lib\site-packages\django\template\engine.py", line 143, in get_template
    template, origin = self.find_template(template_name)
  File "C:\Users\tarlo\Desktop\Code\DJANGO\instamiligram\venv\lib\site-packages\django\template\engine.py", line 125, in find_template
    template = loader.get_template(name, skip=skip)
  File "C:\Users\tarlo\Desktop\Code\DJANGO\instamiligram\venv\lib\site-packages\django\template\loaders\base.py", line 29, in get_template
    return Template(
  File "C:\Users\tarlo\Desktop\Code\DJANGO\instamiligram\venv\lib\site-packages\django\template\base.py", line 155, in __init__
    self.nodelist = self.compile_nodelist()
  File "C:\Users\tarlo\Desktop\Code\DJANGO\instamiligram\venv\lib\site-packages\django\template\base.py", line 193, in compile_nodelist
    return parser.parse()
  File "C:\Users\tarlo\Desktop\Code\DJANGO\instamiligram\venv\lib\site-packages\django\template\base.py", line 478, in parse
    raise self.error(token, e)
  File "C:\Users\tarlo\Desktop\Code\DJANGO\instamiligram\venv\lib\site-packages\django\template\base.py", line 476, in parse
    compiled_result = compile_func(self, token)
  File "C:\Users\tarlo\Desktop\Code\DJANGO\instamiligram\venv\lib\site-packages\django\template\loader_tags.py", line 278, in do_extends
    nodelist = parser.parse()
  File "C:\Users\tarlo\Desktop\Code\DJANGO\instamiligram\venv\lib\site-packages\django\template\base.py", line 472, in parse
    self.invalid_block_tag(token, command, parse_until)
  File "C:\Users\tarlo\Desktop\Code\DJANGO\instamiligram\venv\lib\site-packages\django\template\base.py", line 531, in invalid_block_tag
    raise self.error(
django.template.exceptions.TemplateSyntaxError: Invalid block tag on line 3: 'get_user_posts'. Did you forget to register or load this tag?
2021-11-08 19:47:54,648 django.request ERROR    Internal Server Error: /profile/koji
Traceback (most recent call last):
  File "C:\Users\tarlo\Desktop\Code\DJANGO\instamiligram\venv\lib\site-packages\django\template\base.py", line 470, in parse
    compile_func = self.tags[command]
KeyError: 'get_user_posts'

During handling of the above exception, another exception occurred:

Traceback (most recent call last):
  File "C:\Users\tarlo\Desktop\Code\DJANGO\instamiligram\venv\lib\site-packages\django\core\handlers\exception.py", line 47, in inner
    response = get_response(request)
  File "C:\Users\tarlo\Desktop\Code\DJANGO\instamiligram\venv\lib\site-packages\django\core\handlers\base.py", line 181, in _get_response
    response = wrapped_callback(request, *callback_args, **callback_kwargs)
  File "C:\Users\tarlo\Desktop\Code\DJANGO\instamiligram\venv\lib\site-packages\django\views\generic\base.py", line 70, in view
    return self.dispatch(request, *args, **kwargs)
  File "C:\Users\tarlo\Desktop\Code\DJANGO\instamiligram\venv\lib\site-packages\django\views\generic\base.py", line 98, in dispatch
    return handler(request, *args, **kwargs)
  File "C:\Users\tarlo\Desktop\Code\DJANGO\instamiligram\users\views.py", line 108, in get
    return render(request, "users/profile.html", {"user": User.objects.filter(username=username).first()})
  File "C:\Users\tarlo\Desktop\Code\DJANGO\instamiligram\venv\lib\site-packages\django\shortcuts.py", line 19, in render
    content = loader.render_to_string(template_name, context, request, using=using)
  File "C:\Users\tarlo\Desktop\Code\DJANGO\instamiligram\venv\lib\site-packages\django\template\loader.py", line 61, in render_to_string
    template = get_template(template_name, using=using)
  File "C:\Users\tarlo\Desktop\Code\DJANGO\instamiligram\venv\lib\site-packages\django\template\loader.py", line 15, in get_template
    return engine.get_template(template_name)
  File "C:\Users\tarlo\Desktop\Code\DJANGO\instamiligram\venv\lib\site-packages\django\template\backends\django.py", line 34, in get_template
    return Template(self.engine.get_template(template_name), self)
  File "C:\Users\tarlo\Desktop\Code\DJANGO\instamiligram\venv\lib\site-packages\django\template\engine.py", line 143, in get_template
    template, origin = self.find_template(template_name)
  File "C:\Users\tarlo\Desktop\Code\DJANGO\instamiligram\venv\lib\site-packages\django\template\engine.py", line 125, in find_template
    template = loader.get_template(name, skip=skip)
  File "C:\Users\tarlo\Desktop\Code\DJANGO\instamiligram\venv\lib\site-packages\django\template\loaders\base.py", line 29, in get_template
    return Template(
  File "C:\Users\tarlo\Desktop\Code\DJANGO\instamiligram\venv\lib\site-packages\django\template\base.py", line 155, in __init__
    self.nodelist = self.compile_nodelist()
  File "C:\Users\tarlo\Desktop\Code\DJANGO\instamiligram\venv\lib\site-packages\django\template\base.py", line 193, in compile_nodelist
    return parser.parse()
  File "C:\Users\tarlo\Desktop\Code\DJANGO\instamiligram\venv\lib\site-packages\django\template\base.py", line 478, in parse
    raise self.error(token, e)
  File "C:\Users\tarlo\Desktop\Code\DJANGO\instamiligram\venv\lib\site-packages\django\template\base.py", line 476, in parse
    compiled_result = compile_func(self, token)
  File "C:\Users\tarlo\Desktop\Code\DJANGO\instamiligram\venv\lib\site-packages\django\template\loader_tags.py", line 278, in do_extends
    nodelist = parser.parse()
  File "C:\Users\tarlo\Desktop\Code\DJANGO\instamiligram\venv\lib\site-packages\django\template\base.py", line 472, in parse
    self.invalid_block_tag(token, command, parse_until)
  File "C:\Users\tarlo\Desktop\Code\DJANGO\instamiligram\venv\lib\site-packages\django\template\base.py", line 531, in invalid_block_tag
    raise self.error(
django.template.exceptions.TemplateSyntaxError: Invalid block tag on line 3: 'get_user_posts'. Did you forget to register or load this tag?
2021-11-08 19:47:54,953 django.request ERROR    Internal Server Error: /profile/koji
Traceback (most recent call last):
  File "C:\Users\tarlo\Desktop\Code\DJANGO\instamiligram\venv\lib\site-packages\django\template\base.py", line 470, in parse
    compile_func = self.tags[command]
KeyError: 'get_user_posts'

During handling of the above exception, another exception occurred:

Traceback (most recent call last):
  File "C:\Users\tarlo\Desktop\Code\DJANGO\instamiligram\venv\lib\site-packages\django\core\handlers\exception.py", line 47, in inner
    response = get_response(request)
  File "C:\Users\tarlo\Desktop\Code\DJANGO\instamiligram\venv\lib\site-packages\django\core\handlers\base.py", line 181, in _get_response
    response = wrapped_callback(request, *callback_args, **callback_kwargs)
  File "C:\Users\tarlo\Desktop\Code\DJANGO\instamiligram\venv\lib\site-packages\django\views\generic\base.py", line 70, in view
    return self.dispatch(request, *args, **kwargs)
  File "C:\Users\tarlo\Desktop\Code\DJANGO\instamiligram\venv\lib\site-packages\django\views\generic\base.py", line 98, in dispatch
    return handler(request, *args, **kwargs)
  File "C:\Users\tarlo\Desktop\Code\DJANGO\instamiligram\users\views.py", line 108, in get
    return render(request, "users/profile.html", {"user": User.objects.filter(username=username).first()})
  File "C:\Users\tarlo\Desktop\Code\DJANGO\instamiligram\venv\lib\site-packages\django\shortcuts.py", line 19, in render
    content = loader.render_to_string(template_name, context, request, using=using)
  File "C:\Users\tarlo\Desktop\Code\DJANGO\instamiligram\venv\lib\site-packages\django\template\loader.py", line 61, in render_to_string
    template = get_template(template_name, using=using)
  File "C:\Users\tarlo\Desktop\Code\DJANGO\instamiligram\venv\lib\site-packages\django\template\loader.py", line 15, in get_template
    return engine.get_template(template_name)
  File "C:\Users\tarlo\Desktop\Code\DJANGO\instamiligram\venv\lib\site-packages\django\template\backends\django.py", line 34, in get_template
    return Template(self.engine.get_template(template_name), self)
  File "C:\Users\tarlo\Desktop\Code\DJANGO\instamiligram\venv\lib\site-packages\django\template\engine.py", line 143, in get_template
    template, origin = self.find_template(template_name)
  File "C:\Users\tarlo\Desktop\Code\DJANGO\instamiligram\venv\lib\site-packages\django\template\engine.py", line 125, in find_template
    template = loader.get_template(name, skip=skip)
  File "C:\Users\tarlo\Desktop\Code\DJANGO\instamiligram\venv\lib\site-packages\django\template\loaders\base.py", line 29, in get_template
    return Template(
  File "C:\Users\tarlo\Desktop\Code\DJANGO\instamiligram\venv\lib\site-packages\django\template\base.py", line 155, in __init__
    self.nodelist = self.compile_nodelist()
  File "C:\Users\tarlo\Desktop\Code\DJANGO\instamiligram\venv\lib\site-packages\django\template\base.py", line 193, in compile_nodelist
    return parser.parse()
  File "C:\Users\tarlo\Desktop\Code\DJANGO\instamiligram\venv\lib\site-packages\django\template\base.py", line 478, in parse
    raise self.error(token, e)
  File "C:\Users\tarlo\Desktop\Code\DJANGO\instamiligram\venv\lib\site-packages\django\template\base.py", line 476, in parse
    compiled_result = compile_func(self, token)
  File "C:\Users\tarlo\Desktop\Code\DJANGO\instamiligram\venv\lib\site-packages\django\template\loader_tags.py", line 278, in do_extends
    nodelist = parser.parse()
  File "C:\Users\tarlo\Desktop\Code\DJANGO\instamiligram\venv\lib\site-packages\django\template\base.py", line 472, in parse
    self.invalid_block_tag(token, command, parse_until)
  File "C:\Users\tarlo\Desktop\Code\DJANGO\instamiligram\venv\lib\site-packages\django\template\base.py", line 531, in invalid_block_tag
    raise self.error(
django.template.exceptions.TemplateSyntaxError: Invalid block tag on line 3: 'get_user_posts'. Did you forget to register or load this tag?
2021-11-08 19:47:55,215 django.request ERROR    Internal Server Error: /profile/koji
Traceback (most recent call last):
  File "C:\Users\tarlo\Desktop\Code\DJANGO\instamiligram\venv\lib\site-packages\django\template\base.py", line 470, in parse
    compile_func = self.tags[command]
KeyError: 'get_user_posts'

During handling of the above exception, another exception occurred:

Traceback (most recent call last):
  File "C:\Users\tarlo\Desktop\Code\DJANGO\instamiligram\venv\lib\site-packages\django\core\handlers\exception.py", line 47, in inner
    response = get_response(request)
  File "C:\Users\tarlo\Desktop\Code\DJANGO\instamiligram\venv\lib\site-packages\django\core\handlers\base.py", line 181, in _get_response
    response = wrapped_callback(request, *callback_args, **callback_kwargs)
  File "C:\Users\tarlo\Desktop\Code\DJANGO\instamiligram\venv\lib\site-packages\django\views\generic\base.py", line 70, in view
    return self.dispatch(request, *args, **kwargs)
  File "C:\Users\tarlo\Desktop\Code\DJANGO\instamiligram\venv\lib\site-packages\django\views\generic\base.py", line 98, in dispatch
    return handler(request, *args, **kwargs)
  File "C:\Users\tarlo\Desktop\Code\DJANGO\instamiligram\users\views.py", line 108, in get
    return render(request, "users/profile.html", {"user": User.objects.filter(username=username).first()})
  File "C:\Users\tarlo\Desktop\Code\DJANGO\instamiligram\venv\lib\site-packages\django\shortcuts.py", line 19, in render
    content = loader.render_to_string(template_name, context, request, using=using)
  File "C:\Users\tarlo\Desktop\Code\DJANGO\instamiligram\venv\lib\site-packages\django\template\loader.py", line 61, in render_to_string
    template = get_template(template_name, using=using)
  File "C:\Users\tarlo\Desktop\Code\DJANGO\instamiligram\venv\lib\site-packages\django\template\loader.py", line 15, in get_template
    return engine.get_template(template_name)
  File "C:\Users\tarlo\Desktop\Code\DJANGO\instamiligram\venv\lib\site-packages\django\template\backends\django.py", line 34, in get_template
    return Template(self.engine.get_template(template_name), self)
  File "C:\Users\tarlo\Desktop\Code\DJANGO\instamiligram\venv\lib\site-packages\django\template\engine.py", line 143, in get_template
    template, origin = self.find_template(template_name)
  File "C:\Users\tarlo\Desktop\Code\DJANGO\instamiligram\venv\lib\site-packages\django\template\engine.py", line 125, in find_template
    template = loader.get_template(name, skip=skip)
  File "C:\Users\tarlo\Desktop\Code\DJANGO\instamiligram\venv\lib\site-packages\django\template\loaders\base.py", line 29, in get_template
    return Template(
  File "C:\Users\tarlo\Desktop\Code\DJANGO\instamiligram\venv\lib\site-packages\django\template\base.py", line 155, in __init__
    self.nodelist = self.compile_nodelist()
  File "C:\Users\tarlo\Desktop\Code\DJANGO\instamiligram\venv\lib\site-packages\django\template\base.py", line 193, in compile_nodelist
    return parser.parse()
  File "C:\Users\tarlo\Desktop\Code\DJANGO\instamiligram\venv\lib\site-packages\django\template\base.py", line 478, in parse
    raise self.error(token, e)
  File "C:\Users\tarlo\Desktop\Code\DJANGO\instamiligram\venv\lib\site-packages\django\template\base.py", line 476, in parse
    compiled_result = compile_func(self, token)
  File "C:\Users\tarlo\Desktop\Code\DJANGO\instamiligram\venv\lib\site-packages\django\template\loader_tags.py", line 278, in do_extends
    nodelist = parser.parse()
  File "C:\Users\tarlo\Desktop\Code\DJANGO\instamiligram\venv\lib\site-packages\django\template\base.py", line 472, in parse
    self.invalid_block_tag(token, command, parse_until)
  File "C:\Users\tarlo\Desktop\Code\DJANGO\instamiligram\venv\lib\site-packages\django\template\base.py", line 531, in invalid_block_tag
    raise self.error(
django.template.exceptions.TemplateSyntaxError: Invalid block tag on line 3: 'get_user_posts'. Did you forget to register or load this tag?
2021-11-08 19:48:11,742 django.utils.autoreload INFO     Watching for file changes with StatReloader
2021-11-10 15:16:15,955 django.utils.autoreload INFO     Watching for file changes with StatReloader
2021-11-10 15:16:17,174 django.request WARNING  Not Found: /favicon.ico
2021-11-10 15:17:40,369 django.utils.autoreload INFO     Watching for file changes with StatReloader
2021-11-10 15:25:50,884 django.utils.autoreload INFO     Watching for file changes with StatReloader
2021-11-10 15:26:18,509 django.utils.autoreload INFO     C:\Users\tarlo\Desktop\Code\DJANGO\instamiligram\chat\views.py changed, reloading.
2021-11-10 15:26:19,075 django.utils.autoreload INFO     Watching for file changes with StatReloader
2021-11-10 15:26:24,738 django.request WARNING  Not Found: /chat
2021-11-10 15:26:27,890 django.request ERROR    Internal Server Error: /chats/
Traceback (most recent call last):
  File "C:\Users\tarlo\Desktop\Code\DJANGO\instamiligram\venv\lib\site-packages\django\core\handlers\exception.py", line 47, in inner
    response = get_response(request)
  File "C:\Users\tarlo\Desktop\Code\DJANGO\instamiligram\venv\lib\site-packages\django\core\handlers\base.py", line 181, in _get_response
    response = wrapped_callback(request, *callback_args, **callback_kwargs)
  File "C:\Users\tarlo\Desktop\Code\DJANGO\instamiligram\venv\lib\site-packages\django\views\generic\base.py", line 70, in view
    return self.dispatch(request, *args, **kwargs)
  File "C:\Users\tarlo\Desktop\Code\DJANGO\instamiligram\venv\lib\site-packages\django\views\generic\base.py", line 98, in dispatch
    return handler(request, *args, **kwargs)
  File "C:\Users\tarlo\Desktop\Code\DJANGO\instamiligram\chat\views.py", line 12, in get
    return render(request, "chat/home.html", context={'user': u})
  File "C:\Users\tarlo\Desktop\Code\DJANGO\instamiligram\venv\lib\site-packages\django\shortcuts.py", line 19, in render
    content = loader.render_to_string(template_name, context, request, using=using)
  File "C:\Users\tarlo\Desktop\Code\DJANGO\instamiligram\venv\lib\site-packages\django\template\loader.py", line 61, in render_to_string
    template = get_template(template_name, using=using)
  File "C:\Users\tarlo\Desktop\Code\DJANGO\instamiligram\venv\lib\site-packages\django\template\loader.py", line 19, in get_template
    raise TemplateDoesNotExist(template_name, chain=chain)
django.template.exceptions.TemplateDoesNotExist: chat/home.html
2021-11-10 15:27:27,987 django.utils.autoreload INFO     C:\Users\tarlo\Desktop\Code\DJANGO\instamiligram\chat\views.py changed, reloading.
2021-11-10 15:27:28,499 django.utils.autoreload INFO     Watching for file changes with StatReloader
2021-11-10 15:27:47,870 django.utils.autoreload INFO     C:\Users\tarlo\Desktop\Code\DJANGO\instamiligram\chat\views.py changed, reloading.
2021-11-10 15:27:48,520 django.utils.autoreload INFO     Watching for file changes with StatReloader
2021-11-10 15:28:05,344 django.request ERROR    Internal Server Error: /chats/
Traceback (most recent call last):
  File "C:\Users\tarlo\Desktop\Code\DJANGO\instamiligram\venv\lib\site-packages\django\core\handlers\exception.py", line 47, in inner
    response = get_response(request)
  File "C:\Users\tarlo\Desktop\Code\DJANGO\instamiligram\venv\lib\site-packages\django\core\handlers\base.py", line 181, in _get_response
    response = wrapped_callback(request, *callback_args, **callback_kwargs)
  File "C:\Users\tarlo\Desktop\Code\DJANGO\instamiligram\venv\lib\site-packages\django\views\generic\base.py", line 70, in view
    return self.dispatch(request, *args, **kwargs)
  File "C:\Users\tarlo\Desktop\Code\DJANGO\instamiligram\venv\lib\site-packages\django\views\generic\base.py", line 98, in dispatch
    return handler(request, *args, **kwargs)
  File "C:\Users\tarlo\Desktop\Code\DJANGO\instamiligram\chat\views.py", line 12, in get
    return render(request, "chat/chat-home.html", context={'user': u})
  File "C:\Users\tarlo\Desktop\Code\DJANGO\instamiligram\venv\lib\site-packages\django\shortcuts.py", line 19, in render
    content = loader.render_to_string(template_name, context, request, using=using)
  File "C:\Users\tarlo\Desktop\Code\DJANGO\instamiligram\venv\lib\site-packages\django\template\loader.py", line 61, in render_to_string
    template = get_template(template_name, using=using)
  File "C:\Users\tarlo\Desktop\Code\DJANGO\instamiligram\venv\lib\site-packages\django\template\loader.py", line 19, in get_template
    raise TemplateDoesNotExist(template_name, chain=chain)
django.template.exceptions.TemplateDoesNotExist: chat/chat-home.html
2021-11-10 15:28:18,797 django.utils.autoreload INFO     Watching for file changes with StatReloader
2021-11-10 15:28:19,453 django.request ERROR    Internal Server Error: /chats/
Traceback (most recent call last):
  File "C:\Users\tarlo\Desktop\Code\DJANGO\instamiligram\venv\lib\site-packages\django\core\handlers\exception.py", line 47, in inner
    response = get_response(request)
  File "C:\Users\tarlo\Desktop\Code\DJANGO\instamiligram\venv\lib\site-packages\django\core\handlers\base.py", line 181, in _get_response
    response = wrapped_callback(request, *callback_args, **callback_kwargs)
  File "C:\Users\tarlo\Desktop\Code\DJANGO\instamiligram\venv\lib\site-packages\django\views\generic\base.py", line 70, in view
    return self.dispatch(request, *args, **kwargs)
  File "C:\Users\tarlo\Desktop\Code\DJANGO\instamiligram\venv\lib\site-packages\django\views\generic\base.py", line 98, in dispatch
    return handler(request, *args, **kwargs)
  File "C:\Users\tarlo\Desktop\Code\DJANGO\instamiligram\chat\views.py", line 12, in get
    return render(request, "chats/chat-home.html", context={'user': u})
  File "C:\Users\tarlo\Desktop\Code\DJANGO\instamiligram\venv\lib\site-packages\django\shortcuts.py", line 19, in render
    content = loader.render_to_string(template_name, context, request, using=using)
  File "C:\Users\tarlo\Desktop\Code\DJANGO\instamiligram\venv\lib\site-packages\django\template\loader.py", line 61, in render_to_string
    template = get_template(template_name, using=using)
  File "C:\Users\tarlo\Desktop\Code\DJANGO\instamiligram\venv\lib\site-packages\django\template\loader.py", line 19, in get_template
    raise TemplateDoesNotExist(template_name, chain=chain)
django.template.exceptions.TemplateDoesNotExist: chats/chat-home.html
2021-11-10 15:30:40,648 django.utils.autoreload INFO     C:\Users\tarlo\Desktop\Code\DJANGO\instamiligram\main\settings.py changed, reloading.
2021-11-10 15:30:41,161 django.utils.autoreload INFO     Watching for file changes with StatReloader
2021-11-10 15:33:00,644 django.utils.autoreload INFO     Watching for file changes with StatReloader
2021-11-10 15:33:02,526 django.request ERROR    Internal Server Error: /chats/
Traceback (most recent call last):
  File "C:\Users\tarlo\Desktop\Code\DJANGO\instamiligram\venv\lib\site-packages\django\core\handlers\exception.py", line 47, in inner
    response = get_response(request)
  File "C:\Users\tarlo\Desktop\Code\DJANGO\instamiligram\venv\lib\site-packages\django\core\handlers\base.py", line 181, in _get_response
    response = wrapped_callback(request, *callback_args, **callback_kwargs)
  File "C:\Users\tarlo\Desktop\Code\DJANGO\instamiligram\venv\lib\site-packages\django\views\generic\base.py", line 70, in view
    return self.dispatch(request, *args, **kwargs)
  File "C:\Users\tarlo\Desktop\Code\DJANGO\instamiligram\venv\lib\site-packages\django\views\generic\base.py", line 98, in dispatch
    return handler(request, *args, **kwargs)
  File "C:\Users\tarlo\Desktop\Code\DJANGO\instamiligram\chat\views.py", line 12, in get
    return render(request, "chats/chat-home.html", context={'user': u})
  File "C:\Users\tarlo\Desktop\Code\DJANGO\instamiligram\venv\lib\site-packages\django\shortcuts.py", line 19, in render
    content = loader.render_to_string(template_name, context, request, using=using)
  File "C:\Users\tarlo\Desktop\Code\DJANGO\instamiligram\venv\lib\site-packages\django\template\loader.py", line 61, in render_to_string
    template = get_template(template_name, using=using)
  File "C:\Users\tarlo\Desktop\Code\DJANGO\instamiligram\venv\lib\site-packages\django\template\loader.py", line 15, in get_template
    return engine.get_template(template_name)
  File "C:\Users\tarlo\Desktop\Code\DJANGO\instamiligram\venv\lib\site-packages\django\template\backends\django.py", line 34, in get_template
    return Template(self.engine.get_template(template_name), self)
  File "C:\Users\tarlo\Desktop\Code\DJANGO\instamiligram\venv\lib\site-packages\django\template\engine.py", line 143, in get_template
    template, origin = self.find_template(template_name)
  File "C:\Users\tarlo\Desktop\Code\DJANGO\instamiligram\venv\lib\site-packages\django\template\engine.py", line 125, in find_template
    template = loader.get_template(name, skip=skip)
  File "C:\Users\tarlo\Desktop\Code\DJANGO\instamiligram\venv\lib\site-packages\django\template\loaders\base.py", line 29, in get_template
    return Template(
  File "C:\Users\tarlo\Desktop\Code\DJANGO\instamiligram\venv\lib\site-packages\django\template\base.py", line 155, in __init__
    self.nodelist = self.compile_nodelist()
  File "C:\Users\tarlo\Desktop\Code\DJANGO\instamiligram\venv\lib\site-packages\django\template\base.py", line 193, in compile_nodelist
    return parser.parse()
  File "C:\Users\tarlo\Desktop\Code\DJANGO\instamiligram\venv\lib\site-packages\django\template\base.py", line 478, in parse
    raise self.error(token, e)
  File "C:\Users\tarlo\Desktop\Code\DJANGO\instamiligram\venv\lib\site-packages\django\template\base.py", line 476, in parse
    compiled_result = compile_func(self, token)
  File "C:\Users\tarlo\Desktop\Code\DJANGO\instamiligram\venv\lib\site-packages\django\template\loader_tags.py", line 278, in do_extends
    nodelist = parser.parse()
  File "C:\Users\tarlo\Desktop\Code\DJANGO\instamiligram\venv\lib\site-packages\django\template\base.py", line 478, in parse
    raise self.error(token, e)
  File "C:\Users\tarlo\Desktop\Code\DJANGO\instamiligram\venv\lib\site-packages\django\template\base.py", line 476, in parse
    compiled_result = compile_func(self, token)
  File "C:\Users\tarlo\Desktop\Code\DJANGO\instamiligram\venv\lib\site-packages\django\template\loader_tags.py", line 216, in do_block
    nodelist = parser.parse(('endblock',))
  File "C:\Users\tarlo\Desktop\Code\DJANGO\instamiligram\venv\lib\site-packages\django\template\base.py", line 478, in parse
    raise self.error(token, e)
  File "C:\Users\tarlo\Desktop\Code\DJANGO\instamiligram\venv\lib\site-packages\django\template\base.py", line 476, in parse
    compiled_result = compile_func(self, token)
  File "C:\Users\tarlo\Desktop\Code\DJANGO\instamiligram\venv\lib\site-packages\django\template\defaulttags.py", line 813, in do_for
    sequence = parser.compile_filter(bits[in_index + 1])
  File "C:\Users\tarlo\Desktop\Code\DJANGO\instamiligram\venv\lib\site-packages\django\template\base.py", line 563, in compile_filter
    return FilterExpression(token, self)
  File "C:\Users\tarlo\Desktop\Code\DJANGO\instamiligram\venv\lib\site-packages\django\template\base.py", line 662, in __init__
    raise TemplateSyntaxError("Could not parse the remainder: '%s' "
django.template.exceptions.TemplateSyntaxError: Could not parse the remainder: '(5)' from 'range(5)'
2021-11-10 15:33:19,686 django.utils.autoreload INFO     Watching for file changes with StatReloader
2021-11-10 15:33:20,247 django.request ERROR    Internal Server Error: /chats/
Traceback (most recent call last):
  File "C:\Users\tarlo\Desktop\Code\DJANGO\instamiligram\venv\lib\site-packages\django\core\handlers\exception.py", line 47, in inner
    response = get_response(request)
  File "C:\Users\tarlo\Desktop\Code\DJANGO\instamiligram\venv\lib\site-packages\django\core\handlers\base.py", line 181, in _get_response
    response = wrapped_callback(request, *callback_args, **callback_kwargs)
  File "C:\Users\tarlo\Desktop\Code\DJANGO\instamiligram\venv\lib\site-packages\django\views\generic\base.py", line 70, in view
    return self.dispatch(request, *args, **kwargs)
  File "C:\Users\tarlo\Desktop\Code\DJANGO\instamiligram\venv\lib\site-packages\django\views\generic\base.py", line 98, in dispatch
    return handler(request, *args, **kwargs)
  File "C:\Users\tarlo\Desktop\Code\DJANGO\instamiligram\chat\views.py", line 12, in get
    return render(request, "chats/chat-home.html", context={'user': u})
  File "C:\Users\tarlo\Desktop\Code\DJANGO\instamiligram\venv\lib\site-packages\django\shortcuts.py", line 19, in render
    content = loader.render_to_string(template_name, context, request, using=using)
  File "C:\Users\tarlo\Desktop\Code\DJANGO\instamiligram\venv\lib\site-packages\django\template\loader.py", line 61, in render_to_string
    template = get_template(template_name, using=using)
  File "C:\Users\tarlo\Desktop\Code\DJANGO\instamiligram\venv\lib\site-packages\django\template\loader.py", line 15, in get_template
    return engine.get_template(template_name)
  File "C:\Users\tarlo\Desktop\Code\DJANGO\instamiligram\venv\lib\site-packages\django\template\backends\django.py", line 34, in get_template
    return Template(self.engine.get_template(template_name), self)
  File "C:\Users\tarlo\Desktop\Code\DJANGO\instamiligram\venv\lib\site-packages\django\template\engine.py", line 143, in get_template
    template, origin = self.find_template(template_name)
  File "C:\Users\tarlo\Desktop\Code\DJANGO\instamiligram\venv\lib\site-packages\django\template\engine.py", line 125, in find_template
    template = loader.get_template(name, skip=skip)
  File "C:\Users\tarlo\Desktop\Code\DJANGO\instamiligram\venv\lib\site-packages\django\template\loaders\base.py", line 29, in get_template
    return Template(
  File "C:\Users\tarlo\Desktop\Code\DJANGO\instamiligram\venv\lib\site-packages\django\template\base.py", line 155, in __init__
    self.nodelist = self.compile_nodelist()
  File "C:\Users\tarlo\Desktop\Code\DJANGO\instamiligram\venv\lib\site-packages\django\template\base.py", line 193, in compile_nodelist
    return parser.parse()
  File "C:\Users\tarlo\Desktop\Code\DJANGO\instamiligram\venv\lib\site-packages\django\template\base.py", line 478, in parse
    raise self.error(token, e)
  File "C:\Users\tarlo\Desktop\Code\DJANGO\instamiligram\venv\lib\site-packages\django\template\base.py", line 476, in parse
    compiled_result = compile_func(self, token)
  File "C:\Users\tarlo\Desktop\Code\DJANGO\instamiligram\venv\lib\site-packages\django\template\loader_tags.py", line 278, in do_extends
    nodelist = parser.parse()
  File "C:\Users\tarlo\Desktop\Code\DJANGO\instamiligram\venv\lib\site-packages\django\template\base.py", line 478, in parse
    raise self.error(token, e)
  File "C:\Users\tarlo\Desktop\Code\DJANGO\instamiligram\venv\lib\site-packages\django\template\base.py", line 476, in parse
    compiled_result = compile_func(self, token)
  File "C:\Users\tarlo\Desktop\Code\DJANGO\instamiligram\venv\lib\site-packages\django\template\loader_tags.py", line 216, in do_block
    nodelist = parser.parse(('endblock',))
  File "C:\Users\tarlo\Desktop\Code\DJANGO\instamiligram\venv\lib\site-packages\django\template\base.py", line 478, in parse
    raise self.error(token, e)
  File "C:\Users\tarlo\Desktop\Code\DJANGO\instamiligram\venv\lib\site-packages\django\template\base.py", line 476, in parse
    compiled_result = compile_func(self, token)
  File "C:\Users\tarlo\Desktop\Code\DJANGO\instamiligram\venv\lib\site-packages\django\template\defaulttags.py", line 813, in do_for
    sequence = parser.compile_filter(bits[in_index + 1])
  File "C:\Users\tarlo\Desktop\Code\DJANGO\instamiligram\venv\lib\site-packages\django\template\base.py", line 563, in compile_filter
    return FilterExpression(token, self)
  File "C:\Users\tarlo\Desktop\Code\DJANGO\instamiligram\venv\lib\site-packages\django\template\base.py", line 662, in __init__
    raise TemplateSyntaxError("Could not parse the remainder: '%s' "
django.template.exceptions.TemplateSyntaxError: Could not parse the remainder: '[1,2,3,]' from '[1,2,3,]'
2021-11-10 15:33:38,898 django.utils.autoreload INFO     C:\Users\tarlo\Desktop\Code\DJANGO\instamiligram\chat\views.py changed, reloading.
2021-11-10 15:33:40,754 django.utils.autoreload INFO     Watching for file changes with StatReloader
2021-11-10 15:33:42,148 django.request ERROR    Internal Server Error: /chats/
Traceback (most recent call last):
  File "C:\Users\tarlo\Desktop\Code\DJANGO\instamiligram\venv\lib\site-packages\django\core\handlers\exception.py", line 47, in inner
    response = get_response(request)
  File "C:\Users\tarlo\Desktop\Code\DJANGO\instamiligram\venv\lib\site-packages\django\core\handlers\base.py", line 181, in _get_response
    response = wrapped_callback(request, *callback_args, **callback_kwargs)
  File "C:\Users\tarlo\Desktop\Code\DJANGO\instamiligram\venv\lib\site-packages\django\views\generic\base.py", line 70, in view
    return self.dispatch(request, *args, **kwargs)
  File "C:\Users\tarlo\Desktop\Code\DJANGO\instamiligram\venv\lib\site-packages\django\views\generic\base.py", line 98, in dispatch
    return handler(request, *args, **kwargs)
  File "C:\Users\tarlo\Desktop\Code\DJANGO\instamiligram\chat\views.py", line 12, in get
    return render(request, "chats/chat-home.html", context={'user': u, 'range': range(5)})
  File "C:\Users\tarlo\Desktop\Code\DJANGO\instamiligram\venv\lib\site-packages\django\shortcuts.py", line 19, in render
    content = loader.render_to_string(template_name, context, request, using=using)
  File "C:\Users\tarlo\Desktop\Code\DJANGO\instamiligram\venv\lib\site-packages\django\template\loader.py", line 61, in render_to_string
    template = get_template(template_name, using=using)
  File "C:\Users\tarlo\Desktop\Code\DJANGO\instamiligram\venv\lib\site-packages\django\template\loader.py", line 15, in get_template
    return engine.get_template(template_name)
  File "C:\Users\tarlo\Desktop\Code\DJANGO\instamiligram\venv\lib\site-packages\django\template\backends\django.py", line 34, in get_template
    return Template(self.engine.get_template(template_name), self)
  File "C:\Users\tarlo\Desktop\Code\DJANGO\instamiligram\venv\lib\site-packages\django\template\engine.py", line 143, in get_template
    template, origin = self.find_template(template_name)
  File "C:\Users\tarlo\Desktop\Code\DJANGO\instamiligram\venv\lib\site-packages\django\template\engine.py", line 125, in find_template
    template = loader.get_template(name, skip=skip)
  File "C:\Users\tarlo\Desktop\Code\DJANGO\instamiligram\venv\lib\site-packages\django\template\loaders\base.py", line 29, in get_template
    return Template(
  File "C:\Users\tarlo\Desktop\Code\DJANGO\instamiligram\venv\lib\site-packages\django\template\base.py", line 155, in __init__
    self.nodelist = self.compile_nodelist()
  File "C:\Users\tarlo\Desktop\Code\DJANGO\instamiligram\venv\lib\site-packages\django\template\base.py", line 193, in compile_nodelist
    return parser.parse()
  File "C:\Users\tarlo\Desktop\Code\DJANGO\instamiligram\venv\lib\site-packages\django\template\base.py", line 478, in parse
    raise self.error(token, e)
  File "C:\Users\tarlo\Desktop\Code\DJANGO\instamiligram\venv\lib\site-packages\django\template\base.py", line 476, in parse
    compiled_result = compile_func(self, token)
  File "C:\Users\tarlo\Desktop\Code\DJANGO\instamiligram\venv\lib\site-packages\django\template\loader_tags.py", line 278, in do_extends
    nodelist = parser.parse()
  File "C:\Users\tarlo\Desktop\Code\DJANGO\instamiligram\venv\lib\site-packages\django\template\base.py", line 478, in parse
    raise self.error(token, e)
  File "C:\Users\tarlo\Desktop\Code\DJANGO\instamiligram\venv\lib\site-packages\django\template\base.py", line 476, in parse
    compiled_result = compile_func(self, token)
  File "C:\Users\tarlo\Desktop\Code\DJANGO\instamiligram\venv\lib\site-packages\django\template\loader_tags.py", line 216, in do_block
    nodelist = parser.parse(('endblock',))
  File "C:\Users\tarlo\Desktop\Code\DJANGO\instamiligram\venv\lib\site-packages\django\template\base.py", line 478, in parse
    raise self.error(token, e)
  File "C:\Users\tarlo\Desktop\Code\DJANGO\instamiligram\venv\lib\site-packages\django\template\base.py", line 476, in parse
    compiled_result = compile_func(self, token)
  File "C:\Users\tarlo\Desktop\Code\DJANGO\instamiligram\venv\lib\site-packages\django\template\defaulttags.py", line 813, in do_for
    sequence = parser.compile_filter(bits[in_index + 1])
  File "C:\Users\tarlo\Desktop\Code\DJANGO\instamiligram\venv\lib\site-packages\django\template\base.py", line 563, in compile_filter
    return FilterExpression(token, self)
  File "C:\Users\tarlo\Desktop\Code\DJANGO\instamiligram\venv\lib\site-packages\django\template\base.py", line 662, in __init__
    raise TemplateSyntaxError("Could not parse the remainder: '%s' "
django.template.exceptions.TemplateSyntaxError: Could not parse the remainder: '{{range}}' from '{{range}}'
2021-11-10 15:33:51,857 django.utils.autoreload INFO     Watching for file changes with StatReloader
2021-11-10 15:34:41,545 django.utils.autoreload INFO     Watching for file changes with StatReloader
2021-11-10 22:09:54,476 django.utils.autoreload INFO     Watching for file changes with StatReloader
2021-11-10 22:10:04,955 django.utils.autoreload INFO     Watching for file changes with StatReloader
2021-11-10 22:10:06,782 django.request WARNING  Not Found: /favicon.ico
2021-11-10 22:10:18,920 django.utils.autoreload INFO     Watching for file changes with StatReloader
2021-11-10 22:10:22,293 django.request ERROR    Internal Server Error: /login/
Traceback (most recent call last):
  File "C:\Users\tarlo\AppData\Local\Programs\Python\Python39\lib\site-packages\django\core\handlers\exception.py", line 47, in inner
    response = get_response(request)
  File "C:\Users\tarlo\AppData\Local\Programs\Python\Python39\lib\site-packages\django\core\handlers\base.py", line 181, in _get_response
    response = wrapped_callback(request, *callback_args, **callback_kwargs)
  File "C:\Users\tarlo\AppData\Local\Programs\Python\Python39\lib\site-packages\django\views\generic\base.py", line 70, in view
    return self.dispatch(request, *args, **kwargs)
  File "C:\Users\tarlo\AppData\Local\Programs\Python\Python39\lib\site-packages\django\views\generic\base.py", line 98, in dispatch
    return handler(request, *args, **kwargs)
  File "C:\Users\tarlo\Desktop\Code\Python\instamiligram\users\views.py", line 37, in post
    login(request, user)
  File "C:\Users\tarlo\AppData\Local\Programs\Python\Python39\lib\site-packages\django\contrib\auth\__init__.py", line 135, in login
    user_logged_in.send(sender=user.__class__, request=request, user=user)
  File "C:\Users\tarlo\AppData\Local\Programs\Python\Python39\lib\site-packages\django\dispatch\dispatcher.py", line 180, in send
    return [
  File "C:\Users\tarlo\AppData\Local\Programs\Python\Python39\lib\site-packages\django\dispatch\dispatcher.py", line 181, in <listcomp>
    (receiver, receiver(signal=self, sender=sender, **named))
  File "C:\Users\tarlo\AppData\Local\Programs\Python\Python39\lib\site-packages\django\contrib\auth\models.py", line 22, in update_last_login
    user.save(update_fields=['last_login'])
  File "C:\Users\tarlo\AppData\Local\Programs\Python\Python39\lib\site-packages\django\contrib\auth\base_user.py", line 67, in save
    super().save(*args, **kwargs)
  File "C:\Users\tarlo\AppData\Local\Programs\Python\Python39\lib\site-packages\django\db\models\base.py", line 726, in save
    self.save_base(using=using, force_insert=force_insert,
  File "C:\Users\tarlo\AppData\Local\Programs\Python\Python39\lib\site-packages\django\db\models\base.py", line 774, in save_base
    post_save.send(
  File "C:\Users\tarlo\AppData\Local\Programs\Python\Python39\lib\site-packages\django\dispatch\dispatcher.py", line 180, in send
    return [
  File "C:\Users\tarlo\AppData\Local\Programs\Python\Python39\lib\site-packages\django\dispatch\dispatcher.py", line 181, in <listcomp>
    (receiver, receiver(signal=self, sender=sender, **named))
  File "C:\Users\tarlo\Desktop\Code\Python\instamiligram\users\signals.py", line 15, in save_profile
    instance.profile.save()
  File "C:\Users\tarlo\Desktop\Code\Python\instamiligram\users\models.py", line 26, in save
    img = Image.open(self.image.path)
  File "C:\Users\tarlo\AppData\Local\Programs\Python\Python39\lib\site-packages\PIL\Image.py", line 2975, in open
    fp = builtins.open(filename, "rb")
FileNotFoundError: [Errno 2] No such file or directory: 'C:\\Users\\tarlo\\Desktop\\Code\\Python\\instamiligram\\media\\profile_pics\\1_L3q3XCs.jpg'
2021-11-10 22:11:01,071 django.utils.autoreload INFO     Watching for file changes with StatReloader
